#
# There is insufficient memory for the Java Runtime Environment to continue.
# Native memory allocation (malloc) failed to allocate 57936 bytes for Chunk::new
# Possible reasons:
#   The system is out of physical RAM or swap space
#   The process is running with CompressedOops enabled, and the Java Heap may be blocking the growth of the native heap
# Possible solutions:
#   Reduce memory load on the system
#   Increase physical memory or swap space
#   Check if swap backing store is full
#   Decrease Java heap size (-Xmx/-Xms)
#   Decrease number of Java threads
#   Decrease Java thread stack sizes (-Xss)
#   Set larger code cache with -XX:ReservedCodeCacheSize=
#   JVM is running with Unscaled Compressed Oops mode in which the Java heap is
#     placed in the first 4GB address space. The Java Heap base address is the
#     maximum limit for the native heap growth. Please use -XX:HeapBaseMinAddress
#     to set the Java Heap base and to place the Java Heap above 4GB virtual address.
# This output file may be truncated or incomplete.
#
#  Out of Memory Error (arena.cpp:189), pid=42484, tid=73240
#
# JRE version: Java(TM) SE Runtime Environment (17.0.7+8) (build 17.0.7+8-LTS-224)
# Java VM: Java HotSpot(TM) 64-Bit Server VM (17.0.7+8-LTS-224, mixed mode, sharing, tiered, compressed oops, compressed class ptrs, g1 gc, windows-amd64)
# No core dump will be written. Minidumps are not enabled by default on client versions of Windows
#

---------------  S U M M A R Y ------------

Command Line: C:\WINDOWS\TEMP\surefire5149532703271576886\surefirebooter3813572008336101738.jar C:\Windows\Temp\surefire5149532703271576886 2024-05-21T22-31-17_517-jvmRun1 surefire8660529951128776238tmp surefire_0241908422753863804tmp

Host: Intel(R) Core(TM) i3-8145U CPU @ 2.10GHz, 4 cores, 3G,  Windows 10 , 64 bit Build 19041 (10.0.19041.3636)
Time: Tue May 21 22:31:22 2024 India Standard Time elapsed time: 1.447279 seconds (0d 0h 0m 1s)

---------------  T H R E A D  ---------------

Current thread (0x000001d75cdc76d0):  JavaThread "C2 CompilerThread0" daemon [_thread_in_native, id=73240, stack(0x000000464f700000,0x000000464f800000)]


Current CompileTask:
C2:   1447  603       4       java.lang.StringLatin1::replace (198 bytes)

Stack: [0x000000464f700000,0x000000464f800000]
Native frames: (J=compiled Java code, j=interpreted, Vv=VM code, C=native code)
V  [jvm.dll+0x676a4a]
V  [jvm.dll+0x7d74f4]
V  [jvm.dll+0x7d8c9e]
V  [jvm.dll+0x7d9303]
V  [jvm.dll+0x2452c5]
V  [jvm.dll+0xaaa2b]
V  [jvm.dll+0xaafcc]
V  [jvm.dll+0x2aac2f]
V  [jvm.dll+0x57f375]
V  [jvm.dll+0x2205f2]
V  [jvm.dll+0x2194b5]
V  [jvm.dll+0x216df9]
V  [jvm.dll+0x1a35e0]
V  [jvm.dll+0x226a6e]
V  [jvm.dll+0x224e15]
V  [jvm.dll+0x78d05c]
V  [jvm.dll+0x78759a]
V  [jvm.dll+0x675875]
C  [ucrtbase.dll+0x21bb2]
C  [KERNEL32.DLL+0x17344]
C  [ntdll.dll+0x526b1]


---------------  P R O C E S S  ---------------

Threads class SMR info:
_java_thread_list=0x000001d75da0e980, length=14, elements={
0x000001d741c10900, 0x000001d75cdb3e50, 0x000001d75cdb4cc0, 0x000001d75cdbed90,
0x000001d75cdc0660, 0x000001d75cdc3020, 0x000001d75cdc69f0, 0x000001d75cdc76d0,
0x000001d75ce31780, 0x000001d75ce34900, 0x000001d75ce8e290, 0x000001d75d838530,
0x000001d75d895510, 0x000001d75d9b23d0
}

Java Threads: ( => current thread )
  0x000001d741c10900 JavaThread "main" [_thread_in_vm, id=14992, stack(0x000000464ea00000,0x000000464eb00000)]
  0x000001d75cdb3e50 JavaThread "Reference Handler" daemon [_thread_blocked, id=29764, stack(0x000000464f100000,0x000000464f200000)]
  0x000001d75cdb4cc0 JavaThread "Finalizer" daemon [_thread_blocked, id=51152, stack(0x000000464f200000,0x000000464f300000)]
  0x000001d75cdbed90 JavaThread "Signal Dispatcher" daemon [_thread_blocked, id=23972, stack(0x000000464f300000,0x000000464f400000)]
  0x000001d75cdc0660 JavaThread "Attach Listener" daemon [_thread_blocked, id=11068, stack(0x000000464f400000,0x000000464f500000)]
  0x000001d75cdc3020 JavaThread "Service Thread" daemon [_thread_blocked, id=36628, stack(0x000000464f500000,0x000000464f600000)]
  0x000001d75cdc69f0 JavaThread "Monitor Deflation Thread" daemon [_thread_blocked, id=46744, stack(0x000000464f600000,0x000000464f700000)]
=>0x000001d75cdc76d0 JavaThread "C2 CompilerThread0" daemon [_thread_in_native, id=73240, stack(0x000000464f700000,0x000000464f800000)]
  0x000001d75ce31780 JavaThread "C1 CompilerThread0" daemon [_thread_in_native, id=20088, stack(0x000000464f800000,0x000000464f900000)]
  0x000001d75ce34900 JavaThread "Sweeper thread" daemon [_thread_blocked, id=10156, stack(0x000000464f900000,0x000000464fa00000)]
  0x000001d75ce8e290 JavaThread "Notification Thread" daemon [_thread_blocked, id=47204, stack(0x000000464fa00000,0x000000464fb00000)]
  0x000001d75d838530 JavaThread "Common-Cleaner" daemon [_thread_blocked, id=60804, stack(0x000000464fc00000,0x000000464fd00000)]
  0x000001d75d895510 JavaThread "surefire-forkedjvm-command-thread" daemon [_thread_in_native, id=64516, stack(0x000000464fd00000,0x000000464fe00000)]
  0x000001d75d9b23d0 JavaThread "surefire-forkedjvm-ping-30s" daemon [_thread_in_vm, id=30840, stack(0x000000464fe00000,0x000000464ff00000)]

Other Threads:
  0x000001d741cc6de0 VMThread "VM Thread" [stack: 0x000000464f000000,0x000000464f100000] [id=45732]
  0x000001d75d8382a0 WatcherThread [stack: 0x000000464fb00000,0x000000464fc00000] [id=3576]
  0x000001d741c49f10 GCTaskThread "GC Thread#0" [stack: 0x000000464eb00000,0x000000464ec00000] [id=31380]
  0x000001d741c52a10 ConcurrentGCThread "G1 Main Marker" [stack: 0x000000464ec00000,0x000000464ed00000] [id=68216]
  0x000001d741c53420 ConcurrentGCThread "G1 Conc#0" [stack: 0x000000464ed00000,0x000000464ee00000] [id=17416]
  0x000001d741c90b60 ConcurrentGCThread "G1 Refine#0" [stack: 0x000000464ee00000,0x000000464ef00000] [id=48960]
  0x000001d741c91580 ConcurrentGCThread "G1 Service" [stack: 0x000000464ef00000,0x000000464f000000] [id=54644]

Threads with active compile tasks:
C2 CompilerThread0     1482  603       4       java.lang.StringLatin1::replace (198 bytes)

VM state: not at safepoint (normal execution)

VM Mutex/Monitor currently owned by a thread: None

Heap address: 0x00000000c2200000, size: 990 MB, Compressed Oops mode: 32-bit

CDS archive(s) mapped at: [0x0000000800000000-0x0000000800bd0000-0x0000000800bd0000), size 12386304, SharedBaseAddress: 0x0000000800000000, ArchiveRelocationMode: 0.
Compressed class space mapped at: 0x0000000800c00000-0x0000000840c00000, reserved size: 1073741824
Narrow klass base: 0x0000000800000000, Narrow klass shift: 0, Narrow klass range: 0x100000000

GC Precious Log:
 CPUs: 4 total, 4 available
 Memory: 3958M
 Large Page Support: Disabled
 NUMA Support: Disabled
 Compressed Oops: Enabled (32-bit)
 Heap Region Size: 1M
 Heap Min Capacity: 8M
 Heap Initial Capacity: 62M
 Heap Max Capacity: 990M
 Pre-touch: Disabled
 Parallel Workers: 4
 Concurrent Workers: 1
 Concurrent Refinement Workers: 4
 Periodic GC: Disabled

Heap:
 garbage-first heap   total 63488K, used 14336K [0x00000000c2200000, 0x0000000100000000)
  region size 1024K, 13 young (13312K), 0 survivors (0K)
 Metaspace       used 2269K, committed 2432K, reserved 1056768K
  class space    used 211K, committed 256K, reserved 1048576K

Heap Regions: E=young(eden), S=young(survivor), O=old, HS=humongous(starts), HC=humongous(continues), CS=collection set, F=free, OA=open archive, CA=closed archive, TAMS=top-at-mark-start (previous, next)
|   0|0x00000000c2200000, 0x00000000c2300000, 0x00000000c2300000|100%|HS|  |TAMS 0x00000000c2200000, 0x00000000c2200000| Complete 
|   1|0x00000000c2300000, 0x00000000c2400000, 0x00000000c2400000|100%|HS|  |TAMS 0x00000000c2300000, 0x00000000c2300000| Complete 
|   2|0x00000000c2400000, 0x00000000c2400000, 0x00000000c2500000|  0%| F|  |TAMS 0x00000000c2400000, 0x00000000c2400000| Untracked 
|   3|0x00000000c2500000, 0x00000000c2500000, 0x00000000c2600000|  0%| F|  |TAMS 0x00000000c2500000, 0x00000000c2500000| Untracked 
|   4|0x00000000c2600000, 0x00000000c2600000, 0x00000000c2700000|  0%| F|  |TAMS 0x00000000c2600000, 0x00000000c2600000| Untracked 
|   5|0x00000000c2700000, 0x00000000c2700000, 0x00000000c2800000|  0%| F|  |TAMS 0x00000000c2700000, 0x00000000c2700000| Untracked 
|   6|0x00000000c2800000, 0x00000000c2800000, 0x00000000c2900000|  0%| F|  |TAMS 0x00000000c2800000, 0x00000000c2800000| Untracked 
|   7|0x00000000c2900000, 0x00000000c2900000, 0x00000000c2a00000|  0%| F|  |TAMS 0x00000000c2900000, 0x00000000c2900000| Untracked 
|   8|0x00000000c2a00000, 0x00000000c2a00000, 0x00000000c2b00000|  0%| F|  |TAMS 0x00000000c2a00000, 0x00000000c2a00000| Untracked 
|   9|0x00000000c2b00000, 0x00000000c2b00000, 0x00000000c2c00000|  0%| F|  |TAMS 0x00000000c2b00000, 0x00000000c2b00000| Untracked 
|  10|0x00000000c2c00000, 0x00000000c2c00000, 0x00000000c2d00000|  0%| F|  |TAMS 0x00000000c2c00000, 0x00000000c2c00000| Untracked 
|  11|0x00000000c2d00000, 0x00000000c2d00000, 0x00000000c2e00000|  0%| F|  |TAMS 0x00000000c2d00000, 0x00000000c2d00000| Untracked 
|  12|0x00000000c2e00000, 0x00000000c2e00000, 0x00000000c2f00000|  0%| F|  |TAMS 0x00000000c2e00000, 0x00000000c2e00000| Untracked 
|  13|0x00000000c2f00000, 0x00000000c2f00000, 0x00000000c3000000|  0%| F|  |TAMS 0x00000000c2f00000, 0x00000000c2f00000| Untracked 
|  14|0x00000000c3000000, 0x00000000c3000000, 0x00000000c3100000|  0%| F|  |TAMS 0x00000000c3000000, 0x00000000c3000000| Untracked 
|  15|0x00000000c3100000, 0x00000000c3100000, 0x00000000c3200000|  0%| F|  |TAMS 0x00000000c3100000, 0x00000000c3100000| Untracked 
|  16|0x00000000c3200000, 0x00000000c3200000, 0x00000000c3300000|  0%| F|  |TAMS 0x00000000c3200000, 0x00000000c3200000| Untracked 
|  17|0x00000000c3300000, 0x00000000c3300000, 0x00000000c3400000|  0%| F|  |TAMS 0x00000000c3300000, 0x00000000c3300000| Untracked 
|  18|0x00000000c3400000, 0x00000000c3400000, 0x00000000c3500000|  0%| F|  |TAMS 0x00000000c3400000, 0x00000000c3400000| Untracked 
|  19|0x00000000c3500000, 0x00000000c3500000, 0x00000000c3600000|  0%| F|  |TAMS 0x00000000c3500000, 0x00000000c3500000| Untracked 
|  20|0x00000000c3600000, 0x00000000c3600000, 0x00000000c3700000|  0%| F|  |TAMS 0x00000000c3600000, 0x00000000c3600000| Untracked 
|  21|0x00000000c3700000, 0x00000000c3700000, 0x00000000c3800000|  0%| F|  |TAMS 0x00000000c3700000, 0x00000000c3700000| Untracked 
|  22|0x00000000c3800000, 0x00000000c3800000, 0x00000000c3900000|  0%| F|  |TAMS 0x00000000c3800000, 0x00000000c3800000| Untracked 
|  23|0x00000000c3900000, 0x00000000c3900000, 0x00000000c3a00000|  0%| F|  |TAMS 0x00000000c3900000, 0x00000000c3900000| Untracked 
|  24|0x00000000c3a00000, 0x00000000c3a00000, 0x00000000c3b00000|  0%| F|  |TAMS 0x00000000c3a00000, 0x00000000c3a00000| Untracked 
|  25|0x00000000c3b00000, 0x00000000c3b00000, 0x00000000c3c00000|  0%| F|  |TAMS 0x00000000c3b00000, 0x00000000c3b00000| Untracked 
|  26|0x00000000c3c00000, 0x00000000c3c00000, 0x00000000c3d00000|  0%| F|  |TAMS 0x00000000c3c00000, 0x00000000c3c00000| Untracked 
|  27|0x00000000c3d00000, 0x00000000c3d00000, 0x00000000c3e00000|  0%| F|  |TAMS 0x00000000c3d00000, 0x00000000c3d00000| Untracked 
|  28|0x00000000c3e00000, 0x00000000c3e00000, 0x00000000c3f00000|  0%| F|  |TAMS 0x00000000c3e00000, 0x00000000c3e00000| Untracked 
|  29|0x00000000c3f00000, 0x00000000c3f00000, 0x00000000c4000000|  0%| F|  |TAMS 0x00000000c3f00000, 0x00000000c3f00000| Untracked 
|  30|0x00000000c4000000, 0x00000000c4000000, 0x00000000c4100000|  0%| F|  |TAMS 0x00000000c4000000, 0x00000000c4000000| Untracked 
|  31|0x00000000c4100000, 0x00000000c4100000, 0x00000000c4200000|  0%| F|  |TAMS 0x00000000c4100000, 0x00000000c4100000| Untracked 
|  32|0x00000000c4200000, 0x00000000c4200000, 0x00000000c4300000|  0%| F|  |TAMS 0x00000000c4200000, 0x00000000c4200000| Untracked 
|  33|0x00000000c4300000, 0x00000000c4300000, 0x00000000c4400000|  0%| F|  |TAMS 0x00000000c4300000, 0x00000000c4300000| Untracked 
|  34|0x00000000c4400000, 0x00000000c4400000, 0x00000000c4500000|  0%| F|  |TAMS 0x00000000c4400000, 0x00000000c4400000| Untracked 
|  35|0x00000000c4500000, 0x00000000c4500000, 0x00000000c4600000|  0%| F|  |TAMS 0x00000000c4500000, 0x00000000c4500000| Untracked 
|  36|0x00000000c4600000, 0x00000000c4600000, 0x00000000c4700000|  0%| F|  |TAMS 0x00000000c4600000, 0x00000000c4600000| Untracked 
|  37|0x00000000c4700000, 0x00000000c4700000, 0x00000000c4800000|  0%| F|  |TAMS 0x00000000c4700000, 0x00000000c4700000| Untracked 
|  38|0x00000000c4800000, 0x00000000c4800000, 0x00000000c4900000|  0%| F|  |TAMS 0x00000000c4800000, 0x00000000c4800000| Untracked 
|  39|0x00000000c4900000, 0x00000000c4900000, 0x00000000c4a00000|  0%| F|  |TAMS 0x00000000c4900000, 0x00000000c4900000| Untracked 
|  40|0x00000000c4a00000, 0x00000000c4a00000, 0x00000000c4b00000|  0%| F|  |TAMS 0x00000000c4a00000, 0x00000000c4a00000| Untracked 
|  41|0x00000000c4b00000, 0x00000000c4b00000, 0x00000000c4c00000|  0%| F|  |TAMS 0x00000000c4b00000, 0x00000000c4b00000| Untracked 
|  42|0x00000000c4c00000, 0x00000000c4c00000, 0x00000000c4d00000|  0%| F|  |TAMS 0x00000000c4c00000, 0x00000000c4c00000| Untracked 
|  43|0x00000000c4d00000, 0x00000000c4d00000, 0x00000000c4e00000|  0%| F|  |TAMS 0x00000000c4d00000, 0x00000000c4d00000| Untracked 
|  44|0x00000000c4e00000, 0x00000000c4e00000, 0x00000000c4f00000|  0%| F|  |TAMS 0x00000000c4e00000, 0x00000000c4e00000| Untracked 
|  45|0x00000000c4f00000, 0x00000000c4f00000, 0x00000000c5000000|  0%| F|  |TAMS 0x00000000c4f00000, 0x00000000c4f00000| Untracked 
|  46|0x00000000c5000000, 0x00000000c5000000, 0x00000000c5100000|  0%| F|  |TAMS 0x00000000c5000000, 0x00000000c5000000| Untracked 
|  47|0x00000000c5100000, 0x00000000c5100000, 0x00000000c5200000|  0%| F|  |TAMS 0x00000000c5100000, 0x00000000c5100000| Untracked 
|  48|0x00000000c5200000, 0x00000000c5200000, 0x00000000c5300000|  0%| F|  |TAMS 0x00000000c5200000, 0x00000000c5200000| Untracked 
|  49|0x00000000c5300000, 0x00000000c5343500, 0x00000000c5400000| 26%| E|  |TAMS 0x00000000c5300000, 0x00000000c5300000| Complete 
|  50|0x00000000c5400000, 0x00000000c5500000, 0x00000000c5500000|100%| E|CS|TAMS 0x00000000c5400000, 0x00000000c5400000| Complete 
|  51|0x00000000c5500000, 0x00000000c5600000, 0x00000000c5600000|100%| E|CS|TAMS 0x00000000c5500000, 0x00000000c5500000| Complete 
|  52|0x00000000c5600000, 0x00000000c5700000, 0x00000000c5700000|100%| E|CS|TAMS 0x00000000c5600000, 0x00000000c5600000| Complete 
|  53|0x00000000c5700000, 0x00000000c5800000, 0x00000000c5800000|100%| E|CS|TAMS 0x00000000c5700000, 0x00000000c5700000| Complete 
|  54|0x00000000c5800000, 0x00000000c5900000, 0x00000000c5900000|100%| E|CS|TAMS 0x00000000c5800000, 0x00000000c5800000| Complete 
|  55|0x00000000c5900000, 0x00000000c5a00000, 0x00000000c5a00000|100%| E|CS|TAMS 0x00000000c5900000, 0x00000000c5900000| Complete 
|  56|0x00000000c5a00000, 0x00000000c5b00000, 0x00000000c5b00000|100%| E|CS|TAMS 0x00000000c5a00000, 0x00000000c5a00000| Complete 
|  57|0x00000000c5b00000, 0x00000000c5c00000, 0x00000000c5c00000|100%| E|CS|TAMS 0x00000000c5b00000, 0x00000000c5b00000| Complete 
|  58|0x00000000c5c00000, 0x00000000c5d00000, 0x00000000c5d00000|100%| E|CS|TAMS 0x00000000c5c00000, 0x00000000c5c00000| Complete 
|  59|0x00000000c5d00000, 0x00000000c5e00000, 0x00000000c5e00000|100%| E|CS|TAMS 0x00000000c5d00000, 0x00000000c5d00000| Complete 
|  60|0x00000000c5e00000, 0x00000000c5f00000, 0x00000000c5f00000|100%| E|CS|TAMS 0x00000000c5e00000, 0x00000000c5e00000| Complete 
|  61|0x00000000c5f00000, 0x00000000c6000000, 0x00000000c6000000|100%| E|CS|TAMS 0x00000000c5f00000, 0x00000000c5f00000| Complete 

Card table byte_map: [0x000001d758670000,0x000001d758860000] _byte_map_base: 0x000001d75805f000

Marking Bits (Prev, Next): (CMBitMap*) 0x000001d741c4a520, (CMBitMap*) 0x000001d741c4a560
 Prev Bits: [0x000001d758a50000, 0x000001d7599c8000)
 Next Bits: [0x000001d7599d0000, 0x000001d75a948000)

Polling page: 0x000001d740e00000

Metaspace:

Usage:
  Non-class:      2.01 MB used.
      Class:    212.93 KB used.
       Both:      2.22 MB used.

Virtual space:
  Non-class space:        8.00 MB reserved,       2.12 MB ( 27%) committed,  1 nodes.
      Class space:        1.00 GB reserved,     256.00 KB ( <1%) committed,  1 nodes.
             Both:        1.01 GB reserved,       2.38 MB ( <1%) committed. 

Chunk freelists:
   Non-Class:  3.22 MB
       Class:  3.65 MB
        Both:  6.87 MB

MaxMetaspaceSize: unlimited
CompressedClassSpaceSize: 1.00 GB
Initial GC threshold: 21.00 MB
Current GC threshold: 21.00 MB
CDS: on
MetaspaceReclaimPolicy: balanced
 - commit_granule_bytes: 65536.
 - commit_granule_words: 8192.
 - virtual_space_node_default_size: 1048576.
 - enlarge_chunks_in_place: 1.
 - new_chunks_are_fully_committed: 0.
 - uncommit_free_chunks: 1.
 - use_allocation_guard: 0.
 - handle_deallocations: 1.


Internal statistics:

num_allocs_failed_limit: 0.
num_arena_births: 20.
num_arena_deaths: 0.
num_vsnodes_births: 2.
num_vsnodes_deaths: 0.
num_space_committed: 38.
num_space_uncommitted: 0.
num_chunks_returned_to_freelist: 0.
num_chunks_taken_from_freelist: 60.
num_chunk_merges: 0.
num_chunk_splits: 43.
num_chunks_enlarged: 36.
num_purges: 0.
num_inconsistent_stats: 0.

CodeHeap 'non-profiled nmethods': size=120000Kb used=177Kb max_used=177Kb free=119823Kb
 bounds [0x000001d750f50000, 0x000001d7511c0000, 0x000001d758480000]
CodeHeap 'profiled nmethods': size=120000Kb used=1048Kb max_used=1048Kb free=118951Kb
 bounds [0x000001d749480000, 0x000001d7496f0000, 0x000001d7509b0000]
CodeHeap 'non-nmethods': size=5760Kb used=1144Kb max_used=1156Kb free=4615Kb
 bounds [0x000001d7509b0000, 0x000001d750c20000, 0x000001d750f50000]
 total_blobs=1048 nmethods=615 adapters=346
 compilation: enabled
              stopped_count=0, restarted_count=0
 full_count=0

Compilation events (20 events):
Event: 1.396 Thread 0x000001d75ce31780 nmethod 590 0x000001d74957a610 code [0x000001d74957a800, 0x000001d74957b098]
Event: 1.396 Thread 0x000001d75ce31780  593       1       sun.invoke.util.Wrapper::basicTypeChar (5 bytes)
Event: 1.396 Thread 0x000001d75ce31780 nmethod 593 0x000001d750f7b710 code [0x000001d750f7b8a0, 0x000001d750f7b978]
Event: 1.397 Thread 0x000001d75ce31780  594       3       java.lang.invoke.MemberName::getReferenceKind (12 bytes)
Event: 1.398 Thread 0x000001d75ce31780 nmethod 594 0x000001d74957b390 code [0x000001d74957b520, 0x000001d74957b638]
Event: 1.401 Thread 0x000001d75ce31780  596       3       sun.invoke.util.VerifyAccess::isTypeVisible (118 bytes)
Event: 1.403 Thread 0x000001d75ce31780 nmethod 596 0x000001d74957b710 code [0x000001d74957bb20, 0x000001d74957db78]
Event: 1.404 Thread 0x000001d75ce31780  597       3       java.lang.StringBuilder::<init> (6 bytes)
Event: 1.405 Thread 0x000001d75ce31780 nmethod 597 0x000001d74957e510 code [0x000001d74957e6a0, 0x000001d74957e7e8]
Event: 1.433 Thread 0x000001d75ce31780  598       3       java.util.concurrent.ConcurrentHashMap$Node::<init> (14 bytes)
Event: 1.433 Thread 0x000001d75ce31780 nmethod 598 0x000001d74957e890 code [0x000001d74957ea40, 0x000001d74957ed38]
Event: 1.434 Thread 0x000001d75ce31780  599       3       java.io.File::isInvalid (47 bytes)
Event: 1.434 Thread 0x000001d75ce31780 nmethod 599 0x000001d74957ee10 code [0x000001d74957efc0, 0x000001d74957f288]
Event: 1.435 Thread 0x000001d75ce31780  600       3       java.lang.ClassLoader::loadClass (7 bytes)
Event: 1.435 Thread 0x000001d75ce31780 nmethod 600 0x000001d74957f310 code [0x000001d74957f4c0, 0x000001d74957f688]
Event: 1.435 Thread 0x000001d75ce31780  601       3       jdk.internal.loader.BuiltinClassLoader::loadClass (22 bytes)
Event: 1.435 Thread 0x000001d75ce31780 nmethod 601 0x000001d74957f710 code [0x000001d74957f8c0, 0x000001d74957fbb8]
Event: 1.435 Thread 0x000001d75ce31780  602       3       jdk.internal.loader.ClassLoaders$BootClassLoader::loadClassOrNull (10 bytes)
Event: 1.436 Thread 0x000001d75ce31780 nmethod 602 0x000001d74957fd10 code [0x000001d74957fee0, 0x000001d749580178]
Event: 1.443 Thread 0x000001d75cdc76d0  603       4       java.lang.StringLatin1::replace (198 bytes)

GC Heap History (0 events):
No events

Deoptimization events (20 events):
Event: 0.980 Thread 0x000001d741c10900 Uncommon trap: trap_request=0xffffff45 fr.pc=0x000001d750f60ec4 relative=0x0000000000000224
Event: 0.980 Thread 0x000001d741c10900 Uncommon trap: reason=unstable_if action=reinterpret pc=0x000001d750f60ec4 method=java.util.StringTokenizer.scanToken(I)I @ 42 c2
Event: 0.980 Thread 0x000001d741c10900 DEOPT PACKING pc=0x000001d750f60ec4 sp=0x000000464eafebb0
Event: 0.980 Thread 0x000001d741c10900 DEOPT UNPACKING pc=0x000001d750a023a3 sp=0x000000464eafeb50 mode 2
Event: 1.193 Thread 0x000001d741c10900 DEOPT PACKING pc=0x000001d74953fdb4 sp=0x000000464eafe870
Event: 1.193 Thread 0x000001d741c10900 DEOPT UNPACKING pc=0x000001d750a02b43 sp=0x000000464eafdce0 mode 0
Event: 1.215 Thread 0x000001d741c10900 DEOPT PACKING pc=0x000001d74954432c sp=0x000000464eafe600
Event: 1.215 Thread 0x000001d741c10900 DEOPT UNPACKING pc=0x000001d750a02b43 sp=0x000000464eafdab0 mode 0
Event: 1.254 Thread 0x000001d741c10900 DEOPT PACKING pc=0x000001d7494afad6 sp=0x000000464eafe4e0
Event: 1.254 Thread 0x000001d741c10900 DEOPT UNPACKING pc=0x000001d750a02b43 sp=0x000000464eafd980 mode 0
Event: 1.262 Thread 0x000001d741c10900 DEOPT PACKING pc=0x000001d74948e368 sp=0x000000464eafe6c0
Event: 1.262 Thread 0x000001d741c10900 DEOPT UNPACKING pc=0x000001d750a02b43 sp=0x000000464eafdb50 mode 0
Event: 1.292 Thread 0x000001d741c10900 Uncommon trap: trap_request=0xffffff45 fr.pc=0x000001d750f77eec relative=0x00000000000004ac
Event: 1.292 Thread 0x000001d741c10900 Uncommon trap: reason=unstable_if action=reinterpret pc=0x000001d750f77eec method=java.util.jar.Manifest$FastInputStream.readLine([BII)I @ 106 c2
Event: 1.292 Thread 0x000001d741c10900 DEOPT PACKING pc=0x000001d750f77eec sp=0x000000464eafaa10
Event: 1.292 Thread 0x000001d741c10900 DEOPT UNPACKING pc=0x000001d750a023a3 sp=0x000000464eafa9a0 mode 2
Event: 1.299 Thread 0x000001d741c10900 Uncommon trap: trap_request=0xffffff45 fr.pc=0x000001d750f76bc4 relative=0x0000000000000584
Event: 1.299 Thread 0x000001d741c10900 Uncommon trap: reason=unstable_if action=reinterpret pc=0x000001d750f76bc4 method=java.util.jar.Manifest$FastInputStream.readLine([BII)I @ 106 c2
Event: 1.299 Thread 0x000001d741c10900 DEOPT PACKING pc=0x000001d750f76bc4 sp=0x000000464eafaa00
Event: 1.299 Thread 0x000001d741c10900 DEOPT UNPACKING pc=0x000001d750a023a3 sp=0x000000464eafa9a0 mode 2

Classes unloaded (0 events):
No events

Classes redefined (0 events):
No events

Internal exceptions (4 events):
Event: 0.695 Thread 0x000001d741c10900 Exception <a 'java/lang/NoSuchMethodError'{0x00000000c5e88fc0}: 'java.lang.Object java.lang.invoke.DirectMethodHandle$Holder.invokeStaticInit(java.lang.Object)'> (0x00000000c5e88fc0) 
thrown [s\open\src\hotspot\share\interpreter\linkResolver.cpp, line 759]
Event: 0.802 Thread 0x000001d741c10900 Exception <a 'java/lang/NoSuchMethodError'{0x00000000c5ebdad0}: 'int java.lang.invoke.DirectMethodHandle$Holder.invokeSpecial(java.lang.Object, java.lang.Object, java.lang.Object)'> (0x00000000c5ebdad0) 
thrown [s\open\src\hotspot\share\interpreter\linkResolver.cpp, line 759]
Event: 1.394 Thread 0x000001d75d9b23d0 Exception <a 'java/lang/NoSuchMethodError'{0x00000000c5b38c80}: 'void java.lang.invoke.DirectMethodHandle$Holder.invokeStatic(java.lang.Object, long)'> (0x00000000c5b38c80) 
thrown [s\open\src\hotspot\share\interpreter\linkResolver.cpp, line 759]
Event: 1.395 Thread 0x000001d75d9b23d0 Exception <a 'java/lang/NoSuchMethodError'{0x00000000c5b3e370}: 'java.lang.Object java.lang.invoke.DirectMethodHandle$Holder.newInvokeSpecial(java.lang.Object, long)'> (0x00000000c5b3e370) 
thrown [s\open\src\hotspot\share\interpreter\linkResolver.cpp, line 759]

VM Operations (6 events):
Event: 0.590 Executing VM operation: HandshakeAllThreads
Event: 0.590 Executing VM operation: HandshakeAllThreads done
Event: 0.968 Executing VM operation: HandshakeAllThreads
Event: 0.969 Executing VM operation: HandshakeAllThreads done
Event: 0.971 Executing VM operation: HandshakeAllThreads
Event: 0.979 Executing VM operation: HandshakeAllThreads done

Events (20 events):
Event: 1.224 loading class sun/nio/cs/StreamDecoder
Event: 1.224 loading class sun/nio/cs/StreamDecoder done
Event: 1.224 loading class sun/nio/cs/UTF_8$Decoder
Event: 1.224 loading class sun/nio/cs/UTF_8$Decoder done
Event: 1.225 loading class java/util/Vector
Event: 1.225 loading class java/util/Vector done
Event: 1.273 loading class java/nio/charset/CharacterCodingException
Event: 1.274 loading class java/nio/charset/CharacterCodingException done
Event: 1.284 loading class java/util/LinkedHashMap$LinkedKeySet
Event: 1.285 loading class java/util/LinkedHashMap$LinkedKeySet done
Event: 1.285 loading class java/util/LinkedHashMap$LinkedKeyIterator
Event: 1.285 loading class java/util/LinkedHashMap$LinkedKeyIterator done
Event: 1.289 loading class java/lang/UnsupportedOperationException
Event: 1.290 loading class java/lang/UnsupportedOperationException done
Event: 1.380 loading class java/util/BitSet
Event: 1.382 loading class java/util/BitSet done
Event: 1.396 loading class java/lang/ProcessHandleImpl
Event: 1.397 loading class java/lang/ProcessHandle
Event: 1.397 loading class java/lang/ProcessHandle done
Event: 1.397 loading class java/lang/ProcessHandleImpl done


Dynamic libraries:
0x00007ff644900000 - 0x00007ff644910000 	C:\Program Files\Java\jdk-17\bin\java.exe
0x00007ffa21330000 - 0x00007ffa21528000 	C:\WINDOWS\SYSTEM32\ntdll.dll
0x00007ffa20f50000 - 0x00007ffa2100d000 	C:\WINDOWS\System32\KERNEL32.DLL
0x00007ffa1ef40000 - 0x00007ffa1f236000 	C:\WINDOWS\System32\KERNELBASE.dll
0x00007ffa1e9e0000 - 0x00007ffa1eae0000 	C:\WINDOWS\System32\ucrtbase.dll
0x00007ff9f5e80000 - 0x00007ff9f5e99000 	C:\Program Files\Java\jdk-17\bin\jli.dll
0x00007ffa1fb60000 - 0x00007ffa1fc10000 	C:\WINDOWS\System32\ADVAPI32.dll
0x00007ffa20eb0000 - 0x00007ffa20f4e000 	C:\WINDOWS\System32\msvcrt.dll
0x00007ffa211e0000 - 0x00007ffa21280000 	C:\WINDOWS\System32\sechost.dll
0x00007ffa20080000 - 0x00007ffa201a5000 	C:\WINDOWS\System32\RPCRT4.dll
0x00007ffa1f240000 - 0x00007ffa1f267000 	C:\WINDOWS\System32\bcrypt.dll
0x00007ffa20620000 - 0x00007ffa207be000 	C:\WINDOWS\System32\USER32.dll
0x00007ffa1eae0000 - 0x00007ffa1eb02000 	C:\WINDOWS\System32\win32u.dll
0x00007ffa1fb30000 - 0x00007ffa1fb5b000 	C:\WINDOWS\System32\GDI32.dll
0x00007ffa1eb80000 - 0x00007ffa1ec97000 	C:\WINDOWS\System32\gdi32full.dll
0x00007ffa1f2c0000 - 0x00007ffa1f35d000 	C:\WINDOWS\System32\msvcp_win.dll
0x00007ff9f5e60000 - 0x00007ff9f5e7b000 	C:\Program Files\Java\jdk-17\bin\VCRUNTIME140.dll
0x00007ffa098b0000 - 0x00007ffa09b4a000 	C:\WINDOWS\WinSxS\amd64_microsoft.windows.common-controls_6595b64144ccf1df_6.0.19041.3636_none_60b6a03d71f818d5\COMCTL32.dll
0x00007ffa1e640000 - 0x00007ffa1e64a000 	C:\WINDOWS\SYSTEM32\VERSION.dll
0x0000000065830000 - 0x000000006583c000 	C:\Program Files (x86)\360\Total Security\safemon\SafeWrapper.dll
0x00007ff9f5d40000 - 0x00007ff9f5dd2000 	C:\Program Files (x86)\360\Total Security\safemon\libzdtp64.dll
0x00007ffa1f3a0000 - 0x00007ffa1fb0b000 	C:\WINDOWS\System32\SHELL32.dll
0x00007ffa20a30000 - 0x00007ffa20a85000 	C:\WINDOWS\System32\SHLWAPI.dll
0x00007ff9f5e50000 - 0x00007ff9f5e5c000 	C:\Program Files\Java\jdk-17\bin\vcruntime140_1.dll
0x00007ff9f5cb0000 - 0x00007ff9f5d3e000 	C:\Program Files\Java\jdk-17\bin\msvcp140.dll
0x00007ff9f4f80000 - 0x00007ff9f5b5d000 	C:\Program Files\Java\jdk-17\bin\server\jvm.dll
0x00007ffa20990000 - 0x00007ffa20998000 	C:\WINDOWS\System32\PSAPI.DLL
0x00007ff9f5ca0000 - 0x00007ff9f5ca9000 	C:\WINDOWS\SYSTEM32\WSOCK32.dll
0x00007ffa21280000 - 0x00007ffa212eb000 	C:\WINDOWS\System32\WS2_32.dll
0x00007ffa092c0000 - 0x00007ffa092e7000 	C:\WINDOWS\SYSTEM32\WINMM.dll
0x00007ffa1d1b0000 - 0x00007ffa1d1c2000 	C:\WINDOWS\SYSTEM32\kernel.appcore.dll
0x00007ff9f5b90000 - 0x00007ff9f5b9a000 	C:\Program Files\Java\jdk-17\bin\jimage.dll
0x00007ffa1cf40000 - 0x00007ffa1d124000 	C:\WINDOWS\SYSTEM32\DBGHELP.DLL
0x00007ffa0b250000 - 0x00007ffa0b284000 	C:\WINDOWS\SYSTEM32\dbgcore.DLL
0x00007ffa1eeb0000 - 0x00007ffa1ef32000 	C:\WINDOWS\System32\bcryptPrimitives.dll
0x00007ff9f4d00000 - 0x00007ff9f4d25000 	C:\Program Files\Java\jdk-17\bin\java.dll
0x00007ff9f4750000 - 0x00007ff9f4827000 	C:\Program Files\Java\jdk-17\bin\jsvml.dll
0x00007ffa1c6d0000 - 0x00007ffa1ce6e000 	C:\WINDOWS\SYSTEM32\windows.storage.dll
0x00007ffa1fd20000 - 0x00007ffa20073000 	C:\WINDOWS\System32\combase.dll
0x00007ffa1e2d0000 - 0x00007ffa1e2fe000 	C:\WINDOWS\SYSTEM32\Wldp.dll
0x00007ffa20de0000 - 0x00007ffa20ead000 	C:\WINDOWS\System32\OLEAUT32.dll
0x00007ffa1fc10000 - 0x00007ffa1fcbd000 	C:\WINDOWS\System32\SHCORE.dll
0x00007ffa1e910000 - 0x00007ffa1e935000 	C:\WINDOWS\SYSTEM32\profapi.dll
0x00007ff9f41a0000 - 0x00007ff9f41b9000 	C:\Program Files\Java\jdk-17\bin\net.dll
0x00007ffa0d4f0000 - 0x00007ffa0d5fa000 	C:\WINDOWS\SYSTEM32\WINHTTP.dll
0x00007ffa1e030000 - 0x00007ffa1e09a000 	C:\WINDOWS\system32\mswsock.dll
0x00007ff9f4180000 - 0x00007ff9f4196000 	C:\Program Files\Java\jdk-17\bin\nio.dll
0x00007ff9f4560000 - 0x00007ff9f4578000 	C:\Program Files\Java\jdk-17\bin\zip.dll
0x00007ff9eba00000 - 0x00007ff9eba0a000 	C:\Program Files\Java\jdk-17\bin\management.dll
0x00007ff9eb9f0000 - 0x00007ff9eb9fb000 	C:\Program Files\Java\jdk-17\bin\management_ext.dll
0x00007ffa07640000 - 0x00007ffa07650000 	C:\Program Files\Java\jdk-17\bin\verify.dll

dbghelp: loaded successfully - version: 4.0.5 - missing functions: none
symbol engine: initialized successfully - sym options: 0x614 - pdb path: .;C:\Program Files\Java\jdk-17\bin;C:\WINDOWS\SYSTEM32;C:\WINDOWS\WinSxS\amd64_microsoft.windows.common-controls_6595b64144ccf1df_6.0.19041.3636_none_60b6a03d71f818d5;C:\Program Files (x86)\360\Total Security\safemon;C:\Program Files\Java\jdk-17\bin\server

VM Arguments:
java_command: C:\WINDOWS\TEMP\surefire5149532703271576886\surefirebooter3813572008336101738.jar C:\Windows\Temp\surefire5149532703271576886 2024-05-21T22-31-17_517-jvmRun1 surefire8660529951128776238tmp surefire_0241908422753863804tmp
java_class_path (initial): C:\WINDOWS\TEMP\surefire5149532703271576886\surefirebooter3813572008336101738.jar
Launcher Type: SUN_STANDARD

[Global flags]
     intx CICompilerCount                          = 3                                         {product} {ergonomic}
     uint ConcGCThreads                            = 1                                         {product} {ergonomic}
     uint G1ConcRefinementThreads                  = 4                                         {product} {ergonomic}
   size_t G1HeapRegionSize                         = 1048576                                   {product} {ergonomic}
    uintx GCDrainStackTargetSize                   = 64                                        {product} {ergonomic}
   size_t InitialHeapSize                          = 65011712                                  {product} {ergonomic}
   size_t MarkStackSize                            = 4194304                                   {product} {ergonomic}
   size_t MaxHeapSize                              = 1038090240                                {product} {ergonomic}
   size_t MaxNewSize                               = 622854144                                 {product} {ergonomic}
   size_t MinHeapDeltaBytes                        = 1048576                                   {product} {ergonomic}
   size_t MinHeapSize                              = 8388608                                   {product} {ergonomic}
    uintx NonNMethodCodeHeapSize                   = 5832780                                {pd product} {ergonomic}
    uintx NonProfiledCodeHeapSize                  = 122912730                              {pd product} {ergonomic}
    uintx ProfiledCodeHeapSize                     = 122912730                              {pd product} {ergonomic}
    uintx ReservedCodeCacheSize                    = 251658240                              {pd product} {ergonomic}
     bool SegmentedCodeCache                       = true                                      {product} {ergonomic}
   size_t SoftMaxHeapSize                          = 1038090240                             {manageable} {ergonomic}
     bool UseCompressedClassPointers               = true                           {product lp64_product} {ergonomic}
     bool UseCompressedOops                        = true                           {product lp64_product} {ergonomic}
     bool UseG1GC                                  = true                                      {product} {ergonomic}
     bool UseLargePagesIndividualAllocation        = false                                  {pd product} {ergonomic}

Logging:
Log output configuration:
 #0: stdout all=warning uptime,level,tags
 #1: stderr all=off uptime,level,tags

Environment Variables:
JAVA_HOME=C:\Program Files\Java\jdk-17
PATH=D:\Software\apache-maven-3.9.2/bin;C:\Program Files\Java\jdk-17/bin;C:\Program Files\Java\jdk-17/bin;C:\Program Files\Common Files\Oracle\Java\javapath;C:\WINDOWS\system32;C:\WINDOWS;C:\WINDOWS\System32\Wbem;C:\WINDOWS\System32\WindowsPowerShell\v1.0\;C:\WINDOWS\System32\OpenSSH\;C:\Program Files\Java\jdk-17\bin;D:\Software\apache-maven-3.9.2\bin;C:\Program Files\Git\cmd;C:\Program Files\nodejs\;C:\WINDOWS\system32\config\systemprofile\AppData\Local\Microsoft\WindowsApps
USERNAME=DESKTOP-B0DD0C2$
OS=Windows_NT
PROCESSOR_IDENTIFIER=Intel64 Family 6 Model 142 Stepping 12, GenuineIntel



---------------  S Y S T E M  ---------------

OS:
 Windows 10 , 64 bit Build 19041 (10.0.19041.3636)
OS uptime: 3 days 0:55 hours

CPU: total 4 (initial active 4) (2 cores per cpu, 2 threads per core) family 6 model 142 stepping 12 microcode 0xf8, cx8, cmov, fxsr, ht, mmx, 3dnowpref, sse, sse2, sse3, ssse3, sse4.1, sse4.2, popcnt, lzcnt, tsc, tscinvbit, avx, avx2, aes, erms, clmul, bmi1, bmi2, adx, fma, vzeroupper, clflush, clflushopt

Memory: 4k page, system-wide physical 3958M (122M free)
TotalPageFile size 16246M (AvailPageFile size 0M)
current process WorkingSet (physical memory assigned to process): 52M, peak: 52M
current process commit charge ("private bytes"): 140M, peak: 140M

vm_info: Java HotSpot(TM) 64-Bit Server VM (17.0.7+8-LTS-224) for windows-amd64 JRE (17.0.7+8-LTS-224), built on Feb 28 2023 23:03:02 by "mach5one" with MS VC++ 17.1 (VS2022)

END.
