#
# There is insufficient memory for the Java Runtime Environment to continue.
# Native memory allocation (mmap) failed to map 65536 bytes for Failed to commit metaspace.
# Possible reasons:
#   The system is out of physical RAM or swap space
#   The process is running with CompressedOops enabled, and the Java Heap may be blocking the growth of the native heap
# Possible solutions:
#   Reduce memory load on the system
#   Increase physical memory or swap space
#   Check if swap backing store is full
#   Decrease Java heap size (-Xmx/-Xms)
#   Decrease number of Java threads
#   Decrease Java thread stack sizes (-Xss)
#   Set larger code cache with -XX:ReservedCodeCacheSize=
#   JVM is running with Unscaled Compressed Oops mode in which the Java heap is
#     placed in the first 4GB address space. The Java Heap base address is the
#     maximum limit for the native heap growth. Please use -XX:HeapBaseMinAddress
#     to set the Java Heap base and to place the Java Heap above 4GB virtual address.
# This output file may be truncated or incomplete.
#
#  Out of Memory Error (virtualSpaceNode.cpp:110), pid=71952, tid=35256
#
# JRE version: Java(TM) SE Runtime Environment (17.0.7+8) (build 17.0.7+8-LTS-224)
# Java VM: Java HotSpot(TM) 64-Bit Server VM (17.0.7+8-LTS-224, mixed mode, sharing, tiered, compressed oops, compressed class ptrs, g1 gc, windows-amd64)
# No core dump will be written. Minidumps are not enabled by default on client versions of Windows
#

---------------  S U M M A R Y ------------

Command Line: C:\WINDOWS\TEMP\surefire10426352821788871081\surefirebooter5897847045784881217.jar C:\Windows\Temp\surefire10426352821788871081 2024-05-21T23-01-08_210-jvmRun1 surefire8271033114843614113tmp surefire_07613875192334988036tmp

Host: Intel(R) Core(TM) i3-8145U CPU @ 2.10GHz, 4 cores, 3G,  Windows 10 , 64 bit Build 19041 (10.0.19041.3636)
Time: Tue May 21 23:01:09 2024 India Standard Time elapsed time: 0.642385 seconds (0d 0h 0m 0s)

---------------  T H R E A D  ---------------

Current thread (0x0000021cccb9e800):  JavaThread "main" [_thread_in_vm, id=35256, stack(0x000000a91b600000,0x000000a91b700000)]

Stack: [0x000000a91b600000,0x000000a91b700000]
Native frames: (J=compiled Java code, j=interpreted, Vv=VM code, C=native code)
V  [jvm.dll+0x676a4a]
V  [jvm.dll+0x7d74f4]
V  [jvm.dll+0x7d8c9e]
V  [jvm.dll+0x7d9303]
V  [jvm.dll+0x2452c5]
V  [jvm.dll+0x7d35fb]
V  [jvm.dll+0x61ca36]
V  [jvm.dll+0x61ca9a]
V  [jvm.dll+0x61f2bd]
V  [jvm.dll+0x61d3f6]
V  [jvm.dll+0x239a0f]
V  [jvm.dll+0x6270b5]
V  [jvm.dll+0x1e96ad]
V  [jvm.dll+0x1e9c75]
V  [jvm.dll+0x1ea5bb]
V  [jvm.dll+0x1dfdc1]
V  [jvm.dll+0x53cf0c]
V  [jvm.dll+0x1f06da]
V  [jvm.dll+0x75156d]
V  [jvm.dll+0x752953]
V  [jvm.dll+0x7530e5]
V  [jvm.dll+0x1ea9e1]
V  [jvm.dll+0x1dfdda]
V  [jvm.dll+0x53cf0c]
V  [jvm.dll+0x1f06da]
V  [jvm.dll+0x75156d]
V  [jvm.dll+0x752953]
V  [jvm.dll+0x752c88]
V  [jvm.dll+0x23d78b]
V  [jvm.dll+0x37cdde]
C  0x0000021cdb95b7f7

Java frames: (J=compiled Java code, j=interpreted, Vv=VM code)
j  com.sun.org.apache.xerces.internal.parsers.XML11Configuration.<init>(Lcom/sun/org/apache/xerces/internal/util/SymbolTable;Lcom/sun/org/apache/xerces/internal/xni/grammars/XMLGrammarPool;Lcom/sun/org/apache/xerces/internal/xni/parser/XMLComponentManager;)V+1101 java.xml@17.0.7
j  com.sun.org.apache.xerces.internal.parsers.XIncludeAwareParserConfiguration.<init>(Lcom/sun/org/apache/xerces/internal/util/SymbolTable;Lcom/sun/org/apache/xerces/internal/xni/grammars/XMLGrammarPool;Lcom/sun/org/apache/xerces/internal/xni/parser/XMLComponentManager;)V+4 java.xml@17.0.7
j  com.sun.org.apache.xerces.internal.parsers.XIncludeAwareParserConfiguration.<init>()V+4 java.xml@17.0.7
j  com.sun.org.apache.xerces.internal.parsers.SAXParser.<init>(Lcom/sun/org/apache/xerces/internal/util/SymbolTable;Lcom/sun/org/apache/xerces/internal/xni/grammars/XMLGrammarPool;)V+5 java.xml@17.0.7
j  com.sun.org.apache.xerces.internal.parsers.SAXParser.<init>()V+3 java.xml@17.0.7
j  com.sun.org.apache.xerces.internal.jaxp.SAXParserImpl$JAXPSAXParser.<init>(Lcom/sun/org/apache/xerces/internal/jaxp/SAXParserImpl;Lcom/sun/org/apache/xerces/internal/utils/XMLSecurityPropertyManager;Lcom/sun/org/apache/xerces/internal/utils/XMLSecurityManager;)V+1 java.xml@17.0.7
j  com.sun.org.apache.xerces.internal.jaxp.SAXParserImpl.<init>(Lcom/sun/org/apache/xerces/internal/jaxp/SAXParserFactoryImpl;Ljava/util/Map;Z)V+46 java.xml@17.0.7
j  com.sun.org.apache.xerces.internal.jaxp.SAXParserImpl.<init>(Lcom/sun/org/apache/xerces/internal/jaxp/SAXParserFactoryImpl;Ljava/util/Map;)V+4 java.xml@17.0.7
j  com.sun.org.apache.xerces.internal.jaxp.SAXParserFactoryImpl.newSAXParserImpl()Lcom/sun/org/apache/xerces/internal/jaxp/SAXParserImpl;+9 java.xml@17.0.7
j  com.sun.org.apache.xerces.internal.jaxp.SAXParserFactoryImpl.getFeature(Ljava/lang/String;)Z+27 java.xml@17.0.7
j  org.testng.xml.XMLParser.supportsValidation(Ljavax/xml/parsers/SAXParserFactory;)Z+3
j  org.testng.xml.XMLParser.<clinit>()V+5
v  ~StubRoutines::call_stub
j  org.testng.xml.Parser.<clinit>()V+20
v  ~StubRoutines::call_stub
j  org.testng.TestNG.parseSuite(Ljava/lang/String;)V+44
j  org.testng.TestNG.initializeSuitesAndJarFile()V+61
j  org.testng.TestNG.initializeEverything()V+9
j  org.testng.TestNG.run()V+1
j  org.apache.maven.surefire.testng.TestNGExecutor.run(Ljava/util/List;Ljava/lang/String;Ljava/util/Map;Lorg/apache/maven/surefire/report/RunListener;Ljava/io/File;I)V+59
j  org.apache.maven.surefire.testng.TestNGXmlTestSuite.execute(Lorg/apache/maven/surefire/report/RunListener;)V+43
j  org.apache.maven.surefire.testng.TestNGProvider.invoke(Ljava/lang/Object;)Lorg/apache/maven/surefire/suite/RunResult;+83
j  org.apache.maven.surefire.booter.ForkedBooter.invokeProviderInSameClassLoader(Lorg/apache/maven/surefire/booter/ForkingReporterFactory;)Lorg/apache/maven/surefire/suite/RunResult;+9
j  org.apache.maven.surefire.booter.ForkedBooter.runSuitesInProcess()Lorg/apache/maven/surefire/suite/RunResult;+7
j  org.apache.maven.surefire.booter.ForkedBooter.execute()V+1
j  org.apache.maven.surefire.booter.ForkedBooter.main([Ljava/lang/String;)V+35
v  ~StubRoutines::call_stub

---------------  P R O C E S S  ---------------

Threads class SMR info:
_java_thread_list=0x0000021ce89e8e00, length=14, elements={
0x0000021cccb9e800, 0x0000021ce7d6e000, 0x0000021ce7d6f290, 0x0000021ce7d7d280,
0x0000021ce7d7da40, 0x0000021ce7d86040, 0x0000021ce7d87610, 0x0000021ce7d8a3d0,
0x0000021ce7d99fa0, 0x0000021ce7db25a0, 0x0000021ce88b95d0, 0x0000021ce88b9c50,
0x0000021ce88d6a40, 0x0000021ce89e1890
}

Java Threads: ( => current thread )
=>0x0000021cccb9e800 JavaThread "main" [_thread_in_vm, id=35256, stack(0x000000a91b600000,0x000000a91b700000)]
  0x0000021ce7d6e000 JavaThread "Reference Handler" daemon [_thread_blocked, id=45720, stack(0x000000a91bd00000,0x000000a91be00000)]
  0x0000021ce7d6f290 JavaThread "Finalizer" daemon [_thread_blocked, id=34372, stack(0x000000a91be00000,0x000000a91bf00000)]
  0x0000021ce7d7d280 JavaThread "Signal Dispatcher" daemon [_thread_blocked, id=57196, stack(0x000000a91bf00000,0x000000a91c000000)]
  0x0000021ce7d7da40 JavaThread "Attach Listener" daemon [_thread_blocked, id=56380, stack(0x000000a91c000000,0x000000a91c100000)]
  0x0000021ce7d86040 JavaThread "Service Thread" daemon [_thread_blocked, id=73136, stack(0x000000a91c100000,0x000000a91c200000)]
  0x0000021ce7d87610 JavaThread "Monitor Deflation Thread" daemon [_thread_blocked, id=45776, stack(0x000000a91c200000,0x000000a91c300000)]
  0x0000021ce7d8a3d0 JavaThread "C2 CompilerThread0" daemon [_thread_blocked, id=52632, stack(0x000000a91c300000,0x000000a91c400000)]
  0x0000021ce7d99fa0 JavaThread "C1 CompilerThread0" daemon [_thread_blocked, id=35376, stack(0x000000a91c400000,0x000000a91c500000)]
  0x0000021ce7db25a0 JavaThread "Sweeper thread" daemon [_thread_blocked, id=67308, stack(0x000000a91c500000,0x000000a91c600000)]
  0x0000021ce88b95d0 JavaThread "Notification Thread" daemon [_thread_blocked, id=48252, stack(0x000000a91c600000,0x000000a91c700000)]
  0x0000021ce88b9c50 JavaThread "Common-Cleaner" daemon [_thread_blocked, id=18608, stack(0x000000a91c800000,0x000000a91c900000)]
  0x0000021ce88d6a40 JavaThread "surefire-forkedjvm-command-thread" daemon [_thread_in_native, id=11704, stack(0x000000a91c900000,0x000000a91ca00000)]
  0x0000021ce89e1890 JavaThread "surefire-forkedjvm-ping-30s" daemon [_thread_in_vm, id=23416, stack(0x000000a91ca00000,0x000000a91cb00000)]

Other Threads:
  0x0000021ce7d679c0 VMThread "VM Thread" [stack: 0x000000a91bc00000,0x000000a91bd00000] [id=66572]
  0x0000021cccbeafc0 WatcherThread [stack: 0x000000a91c700000,0x000000a91c800000] [id=19236]
  0x0000021cccbd7ee0 GCTaskThread "GC Thread#0" [stack: 0x000000a91b700000,0x000000a91b800000] [id=66236]
  0x0000021ce89c21a0 GCTaskThread "GC Thread#1" [stack: 0x000000a91cb00000,0x000000a91cc00000] [id=72204]
  0x0000021ce89c2f10 GCTaskThread "GC Thread#2" [stack: 0x000000a91cc00000,0x000000a91cd00000] [id=70556]
  0x0000021ce89c3720 GCTaskThread "GC Thread#3" [stack: 0x000000a91cd00000,0x000000a91ce00000] [id=28472]
  0x0000021cccbe0ff0 ConcurrentGCThread "G1 Main Marker" [stack: 0x000000a91b800000,0x000000a91b900000] [id=652]
  0x0000021cccbe3a20 ConcurrentGCThread "G1 Conc#0" [stack: 0x000000a91b900000,0x000000a91ba00000] [id=29360]
  0x0000021ce7c20090 ConcurrentGCThread "G1 Refine#0" [stack: 0x000000a91ba00000,0x000000a91bb00000] [id=25888]
  0x0000021ce91fc250 ConcurrentGCThread "G1 Refine#1" [stack: 0x000000a91ce00000,0x000000a91cf00000] [id=71536]
  0x0000021ce7c209c0 ConcurrentGCThread "G1 Service" [stack: 0x000000a91bb00000,0x000000a91bc00000] [id=62092]

Threads with active compile tasks:

VM state: not at safepoint (normal execution)

VM Mutex/Monitor currently owned by a thread:  ([mutex/lock_event])
[0x0000021cccb8c180] Metaspace_lock - owner thread: 0x0000021cccb9e800

Heap address: 0x00000000c2200000, size: 990 MB, Compressed Oops mode: 32-bit

CDS archive(s) mapped at: [0x0000000800000000-0x0000000800bd0000-0x0000000800bd0000), size 12386304, SharedBaseAddress: 0x0000000800000000, ArchiveRelocationMode: 0.
Compressed class space mapped at: 0x0000000800c00000-0x0000000840c00000, reserved size: 1073741824
Narrow klass base: 0x0000000800000000, Narrow klass shift: 0, Narrow klass range: 0x100000000

GC Precious Log:
 CPUs: 4 total, 4 available
 Memory: 3958M
 Large Page Support: Disabled
 NUMA Support: Disabled
 Compressed Oops: Enabled (32-bit)
 Heap Region Size: 1M
 Heap Min Capacity: 8M
 Heap Initial Capacity: 62M
 Heap Max Capacity: 990M
 Pre-touch: Disabled
 Parallel Workers: 4
 Concurrent Workers: 1
 Concurrent Refinement Workers: 4
 Periodic GC: Disabled

Heap:
 garbage-first heap   total 63488K, used 6913K [0x00000000c2200000, 0x0000000100000000)
  region size 1024K, 3 young (3072K), 2 survivors (2048K)
 Metaspace       used 3446K, committed 3584K, reserved 1056768K
  class space    used 346K, committed 448K, reserved 1048576K

Heap Regions: E=young(eden), S=young(survivor), O=old, HS=humongous(starts), HC=humongous(continues), CS=collection set, F=free, OA=open archive, CA=closed archive, TAMS=top-at-mark-start (previous, next)
|   0|0x00000000c2200000, 0x00000000c2300000, 0x00000000c2300000|100%|HS|  |TAMS 0x00000000c2200000, 0x00000000c2200000| Complete 
|   1|0x00000000c2300000, 0x00000000c2300000, 0x00000000c2400000|  0%| F|  |TAMS 0x00000000c2300000, 0x00000000c2300000| Untracked 
|   2|0x00000000c2400000, 0x00000000c2500000, 0x00000000c2500000|100%| O|  |TAMS 0x00000000c2400000, 0x00000000c2400000| Untracked 
|   3|0x00000000c2500000, 0x00000000c2600000, 0x00000000c2600000|100%| O|  |TAMS 0x00000000c2500000, 0x00000000c2500000| Untracked 
|   4|0x00000000c2600000, 0x00000000c2700000, 0x00000000c2700000|100%| O|  |TAMS 0x00000000c2600000, 0x00000000c2600000| Untracked 
|   5|0x00000000c2700000, 0x00000000c27c0400, 0x00000000c2800000| 75%| O|  |TAMS 0x00000000c2700000, 0x00000000c2700000| Untracked 
|   6|0x00000000c2800000, 0x00000000c2800000, 0x00000000c2900000|  0%| F|  |TAMS 0x00000000c2800000, 0x00000000c2800000| Untracked 
|   7|0x00000000c2900000, 0x00000000c2900000, 0x00000000c2a00000|  0%| F|  |TAMS 0x00000000c2900000, 0x00000000c2900000| Untracked 
|   8|0x00000000c2a00000, 0x00000000c2a00000, 0x00000000c2b00000|  0%| F|  |TAMS 0x00000000c2a00000, 0x00000000c2a00000| Untracked 
|   9|0x00000000c2b00000, 0x00000000c2b00000, 0x00000000c2c00000|  0%| F|  |TAMS 0x00000000c2b00000, 0x00000000c2b00000| Untracked 
|  10|0x00000000c2c00000, 0x00000000c2c00000, 0x00000000c2d00000|  0%| F|  |TAMS 0x00000000c2c00000, 0x00000000c2c00000| Untracked 
|  11|0x00000000c2d00000, 0x00000000c2d00000, 0x00000000c2e00000|  0%| F|  |TAMS 0x00000000c2d00000, 0x00000000c2d00000| Untracked 
|  12|0x00000000c2e00000, 0x00000000c2e00000, 0x00000000c2f00000|  0%| F|  |TAMS 0x00000000c2e00000, 0x00000000c2e00000| Untracked 
|  13|0x00000000c2f00000, 0x00000000c2f00000, 0x00000000c3000000|  0%| F|  |TAMS 0x00000000c2f00000, 0x00000000c2f00000| Untracked 
|  14|0x00000000c3000000, 0x00000000c3000000, 0x00000000c3100000|  0%| F|  |TAMS 0x00000000c3000000, 0x00000000c3000000| Untracked 
|  15|0x00000000c3100000, 0x00000000c3100000, 0x00000000c3200000|  0%| F|  |TAMS 0x00000000c3100000, 0x00000000c3100000| Untracked 
|  16|0x00000000c3200000, 0x00000000c3200000, 0x00000000c3300000|  0%| F|  |TAMS 0x00000000c3200000, 0x00000000c3200000| Untracked 
|  17|0x00000000c3300000, 0x00000000c3300000, 0x00000000c3400000|  0%| F|  |TAMS 0x00000000c3300000, 0x00000000c3300000| Untracked 
|  18|0x00000000c3400000, 0x00000000c3400000, 0x00000000c3500000|  0%| F|  |TAMS 0x00000000c3400000, 0x00000000c3400000| Untracked 
|  19|0x00000000c3500000, 0x00000000c3500000, 0x00000000c3600000|  0%| F|  |TAMS 0x00000000c3500000, 0x00000000c3500000| Untracked 
|  20|0x00000000c3600000, 0x00000000c3600000, 0x00000000c3700000|  0%| F|  |TAMS 0x00000000c3600000, 0x00000000c3600000| Untracked 
|  21|0x00000000c3700000, 0x00000000c3700000, 0x00000000c3800000|  0%| F|  |TAMS 0x00000000c3700000, 0x00000000c3700000| Untracked 
|  22|0x00000000c3800000, 0x00000000c3800000, 0x00000000c3900000|  0%| F|  |TAMS 0x00000000c3800000, 0x00000000c3800000| Untracked 
|  23|0x00000000c3900000, 0x00000000c3900000, 0x00000000c3a00000|  0%| F|  |TAMS 0x00000000c3900000, 0x00000000c3900000| Untracked 
|  24|0x00000000c3a00000, 0x00000000c3a00000, 0x00000000c3b00000|  0%| F|  |TAMS 0x00000000c3a00000, 0x00000000c3a00000| Untracked 
|  25|0x00000000c3b00000, 0x00000000c3b00000, 0x00000000c3c00000|  0%| F|  |TAMS 0x00000000c3b00000, 0x00000000c3b00000| Untracked 
|  26|0x00000000c3c00000, 0x00000000c3c00000, 0x00000000c3d00000|  0%| F|  |TAMS 0x00000000c3c00000, 0x00000000c3c00000| Untracked 
|  27|0x00000000c3d00000, 0x00000000c3d00000, 0x00000000c3e00000|  0%| F|  |TAMS 0x00000000c3d00000, 0x00000000c3d00000| Untracked 
|  28|0x00000000c3e00000, 0x00000000c3e00000, 0x00000000c3f00000|  0%| F|  |TAMS 0x00000000c3e00000, 0x00000000c3e00000| Untracked 
|  29|0x00000000c3f00000, 0x00000000c3f00000, 0x00000000c4000000|  0%| F|  |TAMS 0x00000000c3f00000, 0x00000000c3f00000| Untracked 
|  30|0x00000000c4000000, 0x00000000c4000000, 0x00000000c4100000|  0%| F|  |TAMS 0x00000000c4000000, 0x00000000c4000000| Untracked 
|  31|0x00000000c4100000, 0x00000000c4100000, 0x00000000c4200000|  0%| F|  |TAMS 0x00000000c4100000, 0x00000000c4100000| Untracked 
|  32|0x00000000c4200000, 0x00000000c4200000, 0x00000000c4300000|  0%| F|  |TAMS 0x00000000c4200000, 0x00000000c4200000| Untracked 
|  33|0x00000000c4300000, 0x00000000c4300000, 0x00000000c4400000|  0%| F|  |TAMS 0x00000000c4300000, 0x00000000c4300000| Untracked 
|  34|0x00000000c4400000, 0x00000000c4400000, 0x00000000c4500000|  0%| F|  |TAMS 0x00000000c4400000, 0x00000000c4400000| Untracked 
|  35|0x00000000c4500000, 0x00000000c4500000, 0x00000000c4600000|  0%| F|  |TAMS 0x00000000c4500000, 0x00000000c4500000| Untracked 
|  36|0x00000000c4600000, 0x00000000c4600000, 0x00000000c4700000|  0%| F|  |TAMS 0x00000000c4600000, 0x00000000c4600000| Untracked 
|  37|0x00000000c4700000, 0x00000000c4700000, 0x00000000c4800000|  0%| F|  |TAMS 0x00000000c4700000, 0x00000000c4700000| Untracked 
|  38|0x00000000c4800000, 0x00000000c4800000, 0x00000000c4900000|  0%| F|  |TAMS 0x00000000c4800000, 0x00000000c4800000| Untracked 
|  39|0x00000000c4900000, 0x00000000c4900000, 0x00000000c4a00000|  0%| F|  |TAMS 0x00000000c4900000, 0x00000000c4900000| Untracked 
|  40|0x00000000c4a00000, 0x00000000c4a00000, 0x00000000c4b00000|  0%| F|  |TAMS 0x00000000c4a00000, 0x00000000c4a00000| Untracked 
|  41|0x00000000c4b00000, 0x00000000c4b00000, 0x00000000c4c00000|  0%| F|  |TAMS 0x00000000c4b00000, 0x00000000c4b00000| Untracked 
|  42|0x00000000c4c00000, 0x00000000c4c00000, 0x00000000c4d00000|  0%| F|  |TAMS 0x00000000c4c00000, 0x00000000c4c00000| Untracked 
|  43|0x00000000c4d00000, 0x00000000c4d00000, 0x00000000c4e00000|  0%| F|  |TAMS 0x00000000c4d00000, 0x00000000c4d00000| Untracked 
|  44|0x00000000c4e00000, 0x00000000c4e00000, 0x00000000c4f00000|  0%| F|  |TAMS 0x00000000c4e00000, 0x00000000c4e00000| Untracked 
|  45|0x00000000c4f00000, 0x00000000c4f00000, 0x00000000c5000000|  0%| F|  |TAMS 0x00000000c4f00000, 0x00000000c4f00000| Untracked 
|  46|0x00000000c5000000, 0x00000000c5000000, 0x00000000c5100000|  0%| F|  |TAMS 0x00000000c5000000, 0x00000000c5000000| Untracked 
|  47|0x00000000c5100000, 0x00000000c5200000, 0x00000000c5200000|100%| S|CS|TAMS 0x00000000c5100000, 0x00000000c5100000| Complete 
|  48|0x00000000c5200000, 0x00000000c5300000, 0x00000000c5300000|100%| S|CS|TAMS 0x00000000c5200000, 0x00000000c5200000| Complete 
|  49|0x00000000c5300000, 0x00000000c5300000, 0x00000000c5400000|  0%| F|  |TAMS 0x00000000c5300000, 0x00000000c5300000| Untracked 
|  50|0x00000000c5400000, 0x00000000c5400000, 0x00000000c5500000|  0%| F|  |TAMS 0x00000000c5400000, 0x00000000c5400000| Untracked 
|  51|0x00000000c5500000, 0x00000000c5500000, 0x00000000c5600000|  0%| F|  |TAMS 0x00000000c5500000, 0x00000000c5500000| Untracked 
|  52|0x00000000c5600000, 0x00000000c5600000, 0x00000000c5700000|  0%| F|  |TAMS 0x00000000c5600000, 0x00000000c5600000| Untracked 
|  53|0x00000000c5700000, 0x00000000c5700000, 0x00000000c5800000|  0%| F|  |TAMS 0x00000000c5700000, 0x00000000c5700000| Untracked 
|  54|0x00000000c5800000, 0x00000000c5800000, 0x00000000c5900000|  0%| F|  |TAMS 0x00000000c5800000, 0x00000000c5800000| Untracked 
|  55|0x00000000c5900000, 0x00000000c5900000, 0x00000000c5a00000|  0%| F|  |TAMS 0x00000000c5900000, 0x00000000c5900000| Untracked 
|  56|0x00000000c5a00000, 0x00000000c5a00000, 0x00000000c5b00000|  0%| F|  |TAMS 0x00000000c5a00000, 0x00000000c5a00000| Untracked 
|  57|0x00000000c5b00000, 0x00000000c5b00000, 0x00000000c5c00000|  0%| F|  |TAMS 0x00000000c5b00000, 0x00000000c5b00000| Untracked 
|  58|0x00000000c5c00000, 0x00000000c5c00000, 0x00000000c5d00000|  0%| F|  |TAMS 0x00000000c5c00000, 0x00000000c5c00000| Untracked 
|  59|0x00000000c5d00000, 0x00000000c5d00000, 0x00000000c5e00000|  0%| F|  |TAMS 0x00000000c5d00000, 0x00000000c5d00000| Untracked 
|  60|0x00000000c5e00000, 0x00000000c5e00000, 0x00000000c5f00000|  0%| F|  |TAMS 0x00000000c5e00000, 0x00000000c5e00000| Untracked 
|  61|0x00000000c5f00000, 0x00000000c5f54ff0, 0x00000000c6000000| 33%| E|  |TAMS 0x00000000c5f00000, 0x00000000c5f00000| Complete 

Card table byte_map: [0x0000021ce3600000,0x0000021ce37f0000] _byte_map_base: 0x0000021ce2fef000

Marking Bits (Prev, Next): (CMBitMap*) 0x0000021cccbd84f0, (CMBitMap*) 0x0000021cccbd8530
 Prev Bits: [0x0000021ce39e0000, 0x0000021ce4958000)
 Next Bits: [0x0000021ce4960000, 0x0000021ce58d8000)

Polling page: 0x0000021ccbd40000

Metaspace:

Usage:
  Non-class:      3.03 MB used.
      Class:    346.09 KB used.
       Both:      3.37 MB used.

Virtual space:
  Non-class space:        8.00 MB reserved,       3.06 MB ( 38%) committed,  1 nodes.
      Class space:        1.00 GB reserved,     448.00 KB ( <1%) committed,  1 nodes.
             Both:        1.01 GB reserved,       3.50 MB ( <1%) committed. 

Chunk freelists:
   Non-Class:  3.08 MB
       Class:  3.60 MB
        Both:  6.67 MB

MaxMetaspaceSize: unlimited
CompressedClassSpaceSize: 1.00 GB
Initial GC threshold: 21.00 MB
Current GC threshold: 21.00 MB
CDS: on
MetaspaceReclaimPolicy: balanced
 - commit_granule_bytes: 65536.
 - commit_granule_words: 8192.
 - virtual_space_node_default_size: 1048576.
 - enlarge_chunks_in_place: 1.
 - new_chunks_are_fully_committed: 0.
 - uncommit_free_chunks: 1.
 - use_allocation_guard: 0.
 - handle_deallocations: 1.


Internal statistics:

num_allocs_failed_limit: 0.
num_arena_births: 50.
num_arena_deaths: 0.
num_vsnodes_births: 2.
num_vsnodes_deaths: 0.
num_space_committed: 56.
num_space_uncommitted: 0.
num_chunks_returned_to_freelist: 0.
num_chunks_taken_from_freelist: 104.
num_chunk_merges: 0.
num_chunk_splits: 70.
num_chunks_enlarged: 53.
num_purges: 0.
num_inconsistent_stats: 0.

CodeHeap 'non-profiled nmethods': size=120000Kb used=242Kb max_used=242Kb free=119757Kb
 bounds [0x0000021cdbee0000, 0x0000021cdc150000, 0x0000021ce3410000]
CodeHeap 'profiled nmethods': size=120000Kb used=1357Kb max_used=1357Kb free=118642Kb
 bounds [0x0000021cd4410000, 0x0000021cd4680000, 0x0000021cdb940000]
CodeHeap 'non-nmethods': size=5760Kb used=1152Kb max_used=1164Kb free=4608Kb
 bounds [0x0000021cdb940000, 0x0000021cdbbb0000, 0x0000021cdbee0000]
 total_blobs=1208 nmethods=766 adapters=355
 compilation: enabled
              stopped_count=0, restarted_count=0
 full_count=0

Compilation events (20 events):
Event: 0.607 Thread 0x0000021ce7d99fa0 nmethod 757 0x0000021cdbf1ae90 code [0x0000021cdbf1b020, 0x0000021cdbf1b0f8]
Event: 0.608 Thread 0x0000021ce7d99fa0  759       3       jdk.internal.jimage.ImageLocation::readValue (61 bytes)
Event: 0.609 Thread 0x0000021ce7d99fa0 nmethod 759 0x0000021cd4560090 code [0x0000021cd4560260, 0x0000021cd4560638]
Event: 0.609 Thread 0x0000021ce7d99fa0  760       1       jdk.internal.jimage.ImageHeader::getTableLength (5 bytes)
Event: 0.609 Thread 0x0000021ce7d99fa0 nmethod 760 0x0000021cdbf1b190 code [0x0000021cdbf1b320, 0x0000021cdbf1b3f8]
Event: 0.609 Thread 0x0000021ce7d8a3d0 nmethod 750 0x0000021cdbf1b490 code [0x0000021cdbf1b640, 0x0000021cdbf1b9d8]
Event: 0.609 Thread 0x0000021ce7d8a3d0  761       4       java.lang.String::startsWith (138 bytes)
Event: 0.610 Thread 0x0000021ce7d99fa0  762       3       java.lang.Object::equals (11 bytes)
Event: 0.610 Thread 0x0000021ce7d99fa0 nmethod 762 0x0000021cd4560810 code [0x0000021cd45609a0, 0x0000021cd4560b18]
Event: 0.610 Thread 0x0000021ce7d99fa0  763       3       jdk.internal.org.objectweb.asm.SymbolTable::addConstantMemberReference (147 bytes)
Event: 0.610 Thread 0x0000021ce7d99fa0 nmethod 763 0x0000021cd4560b90 code [0x0000021cd4560e00, 0x0000021cd45616e8]
Event: 0.610 Thread 0x0000021ce7d99fa0  764       3       jdk.internal.org.objectweb.asm.SymbolTable::hash (20 bytes)
Event: 0.611 Thread 0x0000021ce7d99fa0 nmethod 764 0x0000021cd4561c10 code [0x0000021cd4561dc0, 0x0000021cd4561f88]
Event: 0.611 Thread 0x0000021ce7d99fa0  765       3       sun.invoke.util.VerifyAccess::isClassAccessible (230 bytes)
Event: 0.611 Thread 0x0000021ce7d99fa0 nmethod 765 0x0000021cd4562110 code [0x0000021cd4562420, 0x0000021cd4563318]
Event: 0.612 Thread 0x0000021ce7d99fa0  766       1       jdk.internal.org.objectweb.asm.SymbolTable::getMajorVersion (5 bytes)
Event: 0.612 Thread 0x0000021ce7d99fa0 nmethod 766 0x0000021cdbf1bd10 code [0x0000021cdbf1bea0, 0x0000021cdbf1bf78]
Event: 0.614 Thread 0x0000021ce7d8a3d0 nmethod 761 0x0000021cdbf1c010 code [0x0000021cdbf1c1a0, 0x0000021cdbf1c498]
Event: 0.614 Thread 0x0000021ce7d8a3d0  758       4       java.nio.DirectByteBuffer::ix (10 bytes)
Event: 0.615 Thread 0x0000021ce7d8a3d0 nmethod 758 0x0000021cdbf1c690 code [0x0000021cdbf1c800, 0x0000021cdbf1c878]

GC Heap History (2 events):
Event: 0.594 GC heap before
{Heap before GC invocations=0 (full 0):
 garbage-first heap   total 63488K, used 15360K [0x00000000c2200000, 0x0000000100000000)
  region size 1024K, 13 young (13312K), 0 survivors (0K)
 Metaspace       used 2726K, committed 2880K, reserved 1056768K
  class space    used 275K, committed 384K, reserved 1048576K
}
Event: 0.601 GC heap after
{Heap after GC invocations=1 (full 0):
 garbage-first heap   total 63488K, used 6913K [0x00000000c2200000, 0x0000000100000000)
  region size 1024K, 2 young (2048K), 2 survivors (2048K)
 Metaspace       used 2726K, committed 2880K, reserved 1056768K
  class space    used 275K, committed 384K, reserved 1048576K
}

Deoptimization events (20 events):
Event: 0.473 Thread 0x0000021cccb9e800 DEOPT PACKING pc=0x0000021cd4425868 sp=0x000000a91b6fe0a0
Event: 0.473 Thread 0x0000021cccb9e800 DEOPT UNPACKING pc=0x0000021cdb992b43 sp=0x000000a91b6fd530 mode 0
Event: 0.492 Thread 0x0000021cccb9e800 DEOPT PACKING pc=0x0000021cd44d5d34 sp=0x000000a91b6fa090
Event: 0.492 Thread 0x0000021cccb9e800 DEOPT UNPACKING pc=0x0000021cdb992b43 sp=0x000000a91b6f9500 mode 0
Event: 0.493 Thread 0x0000021cccb9e800 Uncommon trap: trap_request=0xffffff45 fr.pc=0x0000021cdbf08c6c relative=0x00000000000004ac
Event: 0.493 Thread 0x0000021cccb9e800 Uncommon trap: reason=unstable_if action=reinterpret pc=0x0000021cdbf08c6c method=java.util.jar.Manifest$FastInputStream.readLine([BII)I @ 106 c2
Event: 0.493 Thread 0x0000021cccb9e800 DEOPT PACKING pc=0x0000021cdbf08c6c sp=0x000000a91b6fa3f0
Event: 0.493 Thread 0x0000021cccb9e800 DEOPT UNPACKING pc=0x0000021cdb9923a3 sp=0x000000a91b6fa380 mode 2
Event: 0.493 Thread 0x0000021cccb9e800 Uncommon trap: trap_request=0xffffff45 fr.pc=0x0000021cdbf06f5c relative=0x000000000000051c
Event: 0.493 Thread 0x0000021cccb9e800 Uncommon trap: reason=unstable_if action=reinterpret pc=0x0000021cdbf06f5c method=java.util.jar.Manifest$FastInputStream.readLine([BII)I @ 106 c2
Event: 0.493 Thread 0x0000021cccb9e800 DEOPT PACKING pc=0x0000021cdbf06f5c sp=0x000000a91b6fa3e0
Event: 0.493 Thread 0x0000021cccb9e800 DEOPT UNPACKING pc=0x0000021cdb9923a3 sp=0x000000a91b6fa380 mode 2
Event: 0.585 Thread 0x0000021ce89e1890 Uncommon trap: trap_request=0xffffff45 fr.pc=0x0000021cdbf13f3c relative=0x000000000000049c
Event: 0.585 Thread 0x0000021ce89e1890 Uncommon trap: reason=unstable_if action=reinterpret pc=0x0000021cdbf13f3c method=java.lang.AbstractStringBuilder.putStringAt(ILjava/lang/String;II)V @ 8 c2
Event: 0.585 Thread 0x0000021ce89e1890 DEOPT PACKING pc=0x0000021cdbf13f3c sp=0x000000a91cafe960
Event: 0.585 Thread 0x0000021ce89e1890 DEOPT UNPACKING pc=0x0000021cdb9923a3 sp=0x000000a91cafe7e8 mode 2
Event: 0.585 Thread 0x0000021ce89e1890 Uncommon trap: trap_request=0xffffff45 fr.pc=0x0000021cdbf10b34 relative=0x0000000000000494
Event: 0.585 Thread 0x0000021ce89e1890 Uncommon trap: reason=unstable_if action=reinterpret pc=0x0000021cdbf10b34 method=java.lang.AbstractStringBuilder.putStringAt(ILjava/lang/String;II)V @ 8 c2
Event: 0.585 Thread 0x0000021ce89e1890 DEOPT PACKING pc=0x0000021cdbf10b34 sp=0x000000a91cafe900
Event: 0.585 Thread 0x0000021ce89e1890 DEOPT UNPACKING pc=0x0000021cdb9923a3 sp=0x000000a91cafe7f0 mode 2

Classes unloaded (0 events):
No events

Classes redefined (0 events):
No events

Internal exceptions (8 events):
Event: 0.114 Thread 0x0000021cccb9e800 Exception <a 'java/lang/NoSuchMethodError'{0x00000000c5ec0c30}: 'java.lang.Object java.lang.invoke.DirectMethodHandle$Holder.invokeStaticInit(java.lang.Object)'> (0x00000000c5ec0c30) 
thrown [s\open\src\hotspot\share\interpreter\linkResolver.cpp, line 759]
Event: 0.151 Thread 0x0000021cccb9e800 Exception <a 'java/lang/NoSuchMethodError'{0x00000000c5d2a2b0}: 'int java.lang.invoke.DirectMethodHandle$Holder.invokeSpecial(java.lang.Object, java.lang.Object, java.lang.Object)'> (0x00000000c5d2a2b0) 
thrown [s\open\src\hotspot\share\interpreter\linkResolver.cpp, line 759]
Event: 0.524 Thread 0x0000021cccb9e800 Exception <a 'java/lang/NoSuchMethodError'{0x00000000c54b4a20}: 'int java.lang.invoke.DirectMethodHandle$Holder.invokeStaticInit(java.lang.Object, java.lang.Object)'> (0x00000000c54b4a20) 
thrown [s\open\src\hotspot\share\interpreter\linkResolver.cpp, line 759]
Event: 0.540 Thread 0x0000021ce89e1890 Exception <a 'java/lang/NoSuchMethodError'{0x00000000c5b7e9d0}: 'void java.lang.invoke.DirectMethodHandle$Holder.invokeStatic(java.lang.Object, long)'> (0x00000000c5b7e9d0) 
thrown [s\open\src\hotspot\share\interpreter\linkResolver.cpp, line 759]
Event: 0.541 Thread 0x0000021ce89e1890 Exception <a 'java/lang/NoSuchMethodError'{0x00000000c5b840c0}: 'java.lang.Object java.lang.invoke.DirectMethodHandle$Holder.newInvokeSpecial(java.lang.Object, long)'> (0x00000000c5b840c0) 
thrown [s\open\src\hotspot\share\interpreter\linkResolver.cpp, line 759]
Event: 0.545 Thread 0x0000021ce89e1890 Exception <a 'java/lang/NoSuchMethodError'{0x00000000c5307600}: 'java.lang.Object java.lang.invoke.DirectMethodHandle$Holder.invokeStaticInit(java.lang.Object, java.lang.Object, long, java.lang.Object)'> (0x00000000c5307600) 
thrown [s\open\src\hotspot\share\interpreter\linkResolver.cpp, line 759]
Event: 0.545 Thread 0x0000021ce89e1890 Exception <a 'java/lang/NoSuchMethodError'{0x00000000c530dc88}: 'java.lang.Object java.lang.invoke.DirectMethodHandle$Holder.newInvokeSpecial(java.lang.Object, java.lang.Object, long)'> (0x00000000c530dc88) 
thrown [s\open\src\hotspot\share\interpreter\linkResolver.cpp, line 759]
Event: 0.546 Thread 0x0000021ce89e1890 Exception <a 'java/lang/NoSuchMethodError'{0x00000000c5311f78}: 'java.lang.Object java.lang.invoke.Invokers$Holder.linkToTargetMethod(java.lang.Object, long, java.lang.Object)'> (0x00000000c5311f78) 
thrown [s\open\src\hotspot\share\interpreter\linkResolver.cpp, line 759]

VM Operations (8 events):
Event: 0.073 Executing VM operation: HandshakeAllThreads
Event: 0.073 Executing VM operation: HandshakeAllThreads done
Event: 0.336 Executing VM operation: HandshakeAllThreads
Event: 0.336 Executing VM operation: HandshakeAllThreads done
Event: 0.340 Executing VM operation: HandshakeAllThreads
Event: 0.355 Executing VM operation: HandshakeAllThreads done
Event: 0.593 Executing VM operation: G1CollectForAllocation
Event: 0.601 Executing VM operation: G1CollectForAllocation done

Events (20 events):
Event: 0.638 loading class com/sun/org/apache/xerces/internal/xni/parser/XMLDTDContentModelSource
Event: 0.638 loading class com/sun/org/apache/xerces/internal/xni/parser/XMLDTDContentModelSource done
Event: 0.638 loading class com/sun/org/apache/xerces/internal/xni/parser/XMLDTDScanner done
Event: 0.639 loading class com/sun/org/apache/xerces/internal/impl/XMLDTDScannerImpl done
Event: 0.639 loading class com/sun/org/apache/xerces/internal/impl/dtd/XMLDTDProcessor
Event: 0.639 loading class com/sun/org/apache/xerces/internal/xni/parser/XMLDTDFilter
Event: 0.639 loading class com/sun/org/apache/xerces/internal/xni/parser/XMLDTDFilter done
Event: 0.639 loading class com/sun/org/apache/xerces/internal/xni/parser/XMLDTDContentModelFilter
Event: 0.639 loading class com/sun/org/apache/xerces/internal/xni/parser/XMLDTDContentModelFilter done
Event: 0.640 loading class com/sun/org/apache/xerces/internal/impl/dtd/XMLDTDProcessor done
Event: 0.640 loading class com/sun/org/apache/xerces/internal/impl/dtd/XMLEntityDecl
Event: 0.640 loading class com/sun/org/apache/xerces/internal/impl/dtd/XMLEntityDecl done
Event: 0.640 loading class com/sun/org/apache/xerces/internal/impl/dtd/XMLNSDTDValidator
Event: 0.640 loading class com/sun/org/apache/xerces/internal/impl/dtd/XMLDTDValidator
Event: 0.641 loading class com/sun/org/apache/xerces/internal/xni/parser/XMLDocumentFilter
Event: 0.641 loading class com/sun/org/apache/xerces/internal/xni/parser/XMLDocumentFilter done
Event: 0.641 loading class com/sun/org/apache/xerces/internal/impl/dtd/XMLDTDValidatorFilter
Event: 0.641 loading class com/sun/org/apache/xerces/internal/impl/dtd/XMLDTDValidatorFilter done
Event: 0.641 loading class com/sun/org/apache/xerces/internal/impl/RevalidationHandler
Event: 0.641 loading class com/sun/org/apache/xerces/internal/impl/RevalidationHandler done


Dynamic libraries:
0x00007ff644900000 - 0x00007ff644910000 	C:\Program Files\Java\jdk-17\bin\java.exe
0x00007ffa21330000 - 0x00007ffa21528000 	C:\WINDOWS\SYSTEM32\ntdll.dll
0x00007ffa20f50000 - 0x00007ffa2100d000 	C:\WINDOWS\System32\KERNEL32.DLL
0x00007ffa1ef40000 - 0x00007ffa1f236000 	C:\WINDOWS\System32\KERNELBASE.dll
0x00007ffa1e9e0000 - 0x00007ffa1eae0000 	C:\WINDOWS\System32\ucrtbase.dll
0x00007ff9f5e80000 - 0x00007ff9f5e99000 	C:\Program Files\Java\jdk-17\bin\jli.dll
0x00007ffa1fb60000 - 0x00007ffa1fc10000 	C:\WINDOWS\System32\ADVAPI32.dll
0x00007ffa20eb0000 - 0x00007ffa20f4e000 	C:\WINDOWS\System32\msvcrt.dll
0x00007ffa211e0000 - 0x00007ffa21280000 	C:\WINDOWS\System32\sechost.dll
0x00007ffa20080000 - 0x00007ffa201a5000 	C:\WINDOWS\System32\RPCRT4.dll
0x00007ffa1f240000 - 0x00007ffa1f267000 	C:\WINDOWS\System32\bcrypt.dll
0x00007ffa20620000 - 0x00007ffa207be000 	C:\WINDOWS\System32\USER32.dll
0x00007ffa1eae0000 - 0x00007ffa1eb02000 	C:\WINDOWS\System32\win32u.dll
0x00007ffa1fb30000 - 0x00007ffa1fb5b000 	C:\WINDOWS\System32\GDI32.dll
0x00007ffa1eb80000 - 0x00007ffa1ec97000 	C:\WINDOWS\System32\gdi32full.dll
0x00007ffa1f2c0000 - 0x00007ffa1f35d000 	C:\WINDOWS\System32\msvcp_win.dll
0x00007ff9f5e60000 - 0x00007ff9f5e7b000 	C:\Program Files\Java\jdk-17\bin\VCRUNTIME140.dll
0x00007ffa098b0000 - 0x00007ffa09b4a000 	C:\WINDOWS\WinSxS\amd64_microsoft.windows.common-controls_6595b64144ccf1df_6.0.19041.3636_none_60b6a03d71f818d5\COMCTL32.dll
0x00007ffa1e640000 - 0x00007ffa1e64a000 	C:\WINDOWS\SYSTEM32\VERSION.dll
0x0000000065830000 - 0x000000006583c000 	C:\Program Files (x86)\360\Total Security\safemon\SafeWrapper.dll
0x00007ff9f5d40000 - 0x00007ff9f5dd2000 	C:\Program Files (x86)\360\Total Security\safemon\libzdtp64.dll
0x00007ffa1f3a0000 - 0x00007ffa1fb0b000 	C:\WINDOWS\System32\SHELL32.dll
0x00007ffa20a30000 - 0x00007ffa20a85000 	C:\WINDOWS\System32\SHLWAPI.dll
0x00007ff9f5e50000 - 0x00007ff9f5e5c000 	C:\Program Files\Java\jdk-17\bin\vcruntime140_1.dll
0x00007ff9f5cb0000 - 0x00007ff9f5d3e000 	C:\Program Files\Java\jdk-17\bin\msvcp140.dll
0x00007ff9f4f80000 - 0x00007ff9f5b5d000 	C:\Program Files\Java\jdk-17\bin\server\jvm.dll
0x00007ffa20990000 - 0x00007ffa20998000 	C:\WINDOWS\System32\PSAPI.DLL
0x00007ff9f5ca0000 - 0x00007ff9f5ca9000 	C:\WINDOWS\SYSTEM32\WSOCK32.dll
0x00007ffa21280000 - 0x00007ffa212eb000 	C:\WINDOWS\System32\WS2_32.dll
0x00007ffa092c0000 - 0x00007ffa092e7000 	C:\WINDOWS\SYSTEM32\WINMM.dll
0x00007ffa1d1b0000 - 0x00007ffa1d1c2000 	C:\WINDOWS\SYSTEM32\kernel.appcore.dll
0x00007ff9f5b90000 - 0x00007ff9f5b9a000 	C:\Program Files\Java\jdk-17\bin\jimage.dll
0x00007ffa1cf40000 - 0x00007ffa1d124000 	C:\WINDOWS\SYSTEM32\DBGHELP.DLL
0x00007ffa0b250000 - 0x00007ffa0b284000 	C:\WINDOWS\SYSTEM32\dbgcore.DLL
0x00007ffa1eeb0000 - 0x00007ffa1ef32000 	C:\WINDOWS\System32\bcryptPrimitives.dll
0x00007ff9f4d00000 - 0x00007ff9f4d25000 	C:\Program Files\Java\jdk-17\bin\java.dll
0x00007ff9f4750000 - 0x00007ff9f4827000 	C:\Program Files\Java\jdk-17\bin\jsvml.dll
0x00007ffa1c6d0000 - 0x00007ffa1ce6e000 	C:\WINDOWS\SYSTEM32\windows.storage.dll
0x00007ffa1fd20000 - 0x00007ffa20073000 	C:\WINDOWS\System32\combase.dll
0x00007ffa1e2d0000 - 0x00007ffa1e2fe000 	C:\WINDOWS\SYSTEM32\Wldp.dll
0x00007ffa20de0000 - 0x00007ffa20ead000 	C:\WINDOWS\System32\OLEAUT32.dll
0x00007ffa1fc10000 - 0x00007ffa1fcbd000 	C:\WINDOWS\System32\SHCORE.dll
0x00007ffa1e910000 - 0x00007ffa1e935000 	C:\WINDOWS\SYSTEM32\profapi.dll
0x00007ff9f41a0000 - 0x00007ff9f41b9000 	C:\Program Files\Java\jdk-17\bin\net.dll
0x00007ffa0d4f0000 - 0x00007ffa0d5fa000 	C:\WINDOWS\SYSTEM32\WINHTTP.dll
0x00007ffa1e030000 - 0x00007ffa1e09a000 	C:\WINDOWS\system32\mswsock.dll
0x00007ff9f4180000 - 0x00007ff9f4196000 	C:\Program Files\Java\jdk-17\bin\nio.dll
0x00007ff9f4560000 - 0x00007ff9f4578000 	C:\Program Files\Java\jdk-17\bin\zip.dll
0x00007ff9eba00000 - 0x00007ff9eba0a000 	C:\Program Files\Java\jdk-17\bin\management.dll
0x00007ff9eb9f0000 - 0x00007ff9eb9fb000 	C:\Program Files\Java\jdk-17\bin\management_ext.dll
0x00007ffa07640000 - 0x00007ffa07650000 	C:\Program Files\Java\jdk-17\bin\verify.dll

dbghelp: loaded successfully - version: 4.0.5 - missing functions: none
symbol engine: initialized successfully - sym options: 0x614 - pdb path: .;C:\Program Files\Java\jdk-17\bin;C:\WINDOWS\SYSTEM32;C:\WINDOWS\WinSxS\amd64_microsoft.windows.common-controls_6595b64144ccf1df_6.0.19041.3636_none_60b6a03d71f818d5;C:\Program Files (x86)\360\Total Security\safemon;C:\Program Files\Java\jdk-17\bin\server

VM Arguments:
java_command: C:\WINDOWS\TEMP\surefire10426352821788871081\surefirebooter5897847045784881217.jar C:\Windows\Temp\surefire10426352821788871081 2024-05-21T23-01-08_210-jvmRun1 surefire8271033114843614113tmp surefire_07613875192334988036tmp
java_class_path (initial): C:\WINDOWS\TEMP\surefire10426352821788871081\surefirebooter5897847045784881217.jar
Launcher Type: SUN_STANDARD

[Global flags]
     intx CICompilerCount                          = 3                                         {product} {ergonomic}
     uint ConcGCThreads                            = 1                                         {product} {ergonomic}
     uint G1ConcRefinementThreads                  = 4                                         {product} {ergonomic}
   size_t G1HeapRegionSize                         = 1048576                                   {product} {ergonomic}
    uintx GCDrainStackTargetSize                   = 64                                        {product} {ergonomic}
   size_t InitialHeapSize                          = 65011712                                  {product} {ergonomic}
   size_t MarkStackSize                            = 4194304                                   {product} {ergonomic}
   size_t MaxHeapSize                              = 1038090240                                {product} {ergonomic}
   size_t MaxNewSize                               = 622854144                                 {product} {ergonomic}
   size_t MinHeapDeltaBytes                        = 1048576                                   {product} {ergonomic}
   size_t MinHeapSize                              = 8388608                                   {product} {ergonomic}
    uintx NonNMethodCodeHeapSize                   = 5832780                                {pd product} {ergonomic}
    uintx NonProfiledCodeHeapSize                  = 122912730                              {pd product} {ergonomic}
    uintx ProfiledCodeHeapSize                     = 122912730                              {pd product} {ergonomic}
    uintx ReservedCodeCacheSize                    = 251658240                              {pd product} {ergonomic}
     bool SegmentedCodeCache                       = true                                      {product} {ergonomic}
   size_t SoftMaxHeapSize                          = 1038090240                             {manageable} {ergonomic}
     bool UseCompressedClassPointers               = true                           {product lp64_product} {ergonomic}
     bool UseCompressedOops                        = true                           {product lp64_product} {ergonomic}
     bool UseG1GC                                  = true                                      {product} {ergonomic}
     bool UseLargePagesIndividualAllocation        = false                                  {pd product} {ergonomic}

Logging:
Log output configuration:
 #0: stdout all=warning uptime,level,tags
 #1: stderr all=off uptime,level,tags

Environment Variables:
JAVA_HOME=C:\Program Files\Java\jdk-17
PATH=D:\Software\apache-maven-3.9.2/bin;C:\Program Files\Java\jdk-17/bin;C:\Program Files\Java\jdk-17/bin;C:\Program Files\Common Files\Oracle\Java\javapath;C:\WINDOWS\system32;C:\WINDOWS;C:\WINDOWS\System32\Wbem;C:\WINDOWS\System32\WindowsPowerShell\v1.0\;C:\WINDOWS\System32\OpenSSH\;C:\Program Files\Java\jdk-17\bin;D:\Software\apache-maven-3.9.2\bin;C:\Program Files\Git\cmd;C:\Program Files\nodejs\;C:\WINDOWS\system32\config\systemprofile\AppData\Local\Microsoft\WindowsApps
USERNAME=DESKTOP-B0DD0C2$
OS=Windows_NT
PROCESSOR_IDENTIFIER=Intel64 Family 6 Model 142 Stepping 12, GenuineIntel



---------------  S Y S T E M  ---------------

OS:
 Windows 10 , 64 bit Build 19041 (10.0.19041.3636)
OS uptime: 3 days 1:24 hours

CPU: total 4 (initial active 4) (2 cores per cpu, 2 threads per core) family 6 model 142 stepping 12 microcode 0xf8, cx8, cmov, fxsr, ht, mmx, 3dnowpref, sse, sse2, sse3, ssse3, sse4.1, sse4.2, popcnt, lzcnt, tsc, tscinvbit, avx, avx2, aes, erms, clmul, bmi1, bmi2, adx, fma, vzeroupper, clflush, clflushopt

Memory: 4k page, system-wide physical 3958M (177M free)
TotalPageFile size 16246M (AvailPageFile size 5M)
current process WorkingSet (physical memory assigned to process): 65M, peak: 65M
current process commit charge ("private bytes"): 146M, peak: 146M

vm_info: Java HotSpot(TM) 64-Bit Server VM (17.0.7+8-LTS-224) for windows-amd64 JRE (17.0.7+8-LTS-224), built on Feb 28 2023 23:03:02 by "mach5one" with MS VC++ 17.1 (VS2022)

END.
