#
# There is insufficient memory for the Java Runtime Environment to continue.
# Native memory allocation (malloc) failed to allocate 32744 bytes for ChunkPool::allocate
# Possible reasons:
#   The system is out of physical RAM or swap space
#   The process is running with CompressedOops enabled, and the Java Heap may be blocking the growth of the native heap
# Possible solutions:
#   Reduce memory load on the system
#   Increase physical memory or swap space
#   Check if swap backing store is full
#   Decrease Java heap size (-Xmx/-Xms)
#   Decrease number of Java threads
#   Decrease Java thread stack sizes (-Xss)
#   Set larger code cache with -XX:ReservedCodeCacheSize=
#   JVM is running with Unscaled Compressed Oops mode in which the Java heap is
#     placed in the first 4GB address space. The Java Heap base address is the
#     maximum limit for the native heap growth. Please use -XX:HeapBaseMinAddress
#     to set the Java Heap base and to place the Java Heap above 4GB virtual address.
# This output file may be truncated or incomplete.
#
#  Out of Memory Error (arena.cpp:78), pid=57080, tid=67888
#
# JRE version: Java(TM) SE Runtime Environment (17.0.7+8) (build 17.0.7+8-LTS-224)
# Java VM: Java HotSpot(TM) 64-Bit Server VM (17.0.7+8-LTS-224, mixed mode, sharing, tiered, compressed oops, compressed class ptrs, g1 gc, windows-amd64)
# No core dump will be written. Minidumps are not enabled by default on client versions of Windows
#

---------------  S U M M A R Y ------------

Command Line: jenkins.maven3.agent.Maven35Main D:\Software\apache-maven-3.9.2 C:\ProgramData\Jenkins\war\WEB-INF\lib\remoting-3206.vb_15dcf73f6a_9.jar C:\ProgramData\Jenkins\.jenkins\plugins\maven-plugin\WEB-INF\lib\maven35-interceptor-1.14.jar C:\ProgramData\Jenkins\.jenkins\plugins\maven-plugin\WEB-INF\lib\maven3-interceptor-commons-1.14.jar 63540

Host: Intel(R) Core(TM) i3-8145U CPU @ 2.10GHz, 4 cores, 3G,  Windows 10 , 64 bit Build 19041 (10.0.19041.3636)
Time: Tue May 21 22:31:22 2024 India Standard Time elapsed time: 28.105350 seconds (0d 0h 0m 28s)

---------------  T H R E A D  ---------------

Current thread (0x0000022eebe75f70):  JavaThread "C2 CompilerThread0" daemon [_thread_in_native, id=67888, stack(0x00000051a6d00000,0x00000051a6e00000)]


Current CompileTask:
C2:  28105 7104       4       org.codehaus.plexus.classworlds.realm.Entry::matches (282 bytes)

Stack: [0x00000051a6d00000,0x00000051a6e00000]
Native frames: (J=compiled Java code, j=interpreted, Vv=VM code, C=native code)
V  [jvm.dll+0x676a4a]
V  [jvm.dll+0x7d74f4]
V  [jvm.dll+0x7d8c9e]
V  [jvm.dll+0x7d9303]
V  [jvm.dll+0x2452c5]
V  [jvm.dll+0xaac80]
V  [jvm.dll+0xaafcc]
V  [jvm.dll+0xaab44]
V  [jvm.dll+0x6cd04c]
V  [jvm.dll+0x588b7f]
V  [jvm.dll+0x56f668]
V  [jvm.dll+0x571fc6]
V  [jvm.dll+0x572e92]
V  [jvm.dll+0x576b07]
V  [jvm.dll+0x5785c5]
V  [jvm.dll+0x5780f9]
V  [jvm.dll+0x577fe0]
V  [jvm.dll+0x578167]
V  [jvm.dll+0x57fbfa]
V  [jvm.dll+0x2205f2]
V  [jvm.dll+0x2196cd]
V  [jvm.dll+0x216df9]
V  [jvm.dll+0x1a35e0]
V  [jvm.dll+0x226a6e]
V  [jvm.dll+0x224e15]
V  [jvm.dll+0x78d05c]
V  [jvm.dll+0x78759a]
V  [jvm.dll+0x675875]
C  [ucrtbase.dll+0x21bb2]
C  [KERNEL32.DLL+0x17344]
C  [ntdll.dll+0x526b1]


---------------  P R O C E S S  ---------------

Threads class SMR info:
_java_thread_list=0x0000022eeca6d8b0, length=29, elements={
0x0000022ed0ccdcf0, 0x0000022ed0d8c550, 0x0000022ed0d8d3c0, 0x0000022eebe6e1a0,
0x0000022eebe6ed50, 0x0000022eebe71810, 0x0000022eebe731d0, 0x0000022eebe75f70,
0x0000022eebe7ca40, 0x0000022eebeeb520, 0x0000022eec971d50, 0x0000022eec975af0,
0x0000022eeccbdfb0, 0x0000022eeccbefa0, 0x0000022eeccd00d0, 0x0000022eeccd05a0,
0x0000022eeccd0a70, 0x0000022eeccd2f50, 0x0000022eecac2bd0, 0x0000022eecac13c0,
0x0000022eecac30a0, 0x0000022eecac3570, 0x0000022eecac0550, 0x0000022eecac1d60,
0x0000022eecac2230, 0x0000022eecac0080, 0x0000022eecac1890, 0x0000022eecac3a40,
0x0000022eecac2700
}

Java Threads: ( => current thread )
  0x0000022ed0ccdcf0 JavaThread "main" [_thread_blocked, id=71948, stack(0x00000051a6000000,0x00000051a6100000)]
  0x0000022ed0d8c550 JavaThread "Reference Handler" daemon [_thread_blocked, id=50668, stack(0x00000051a6700000,0x00000051a6800000)]
  0x0000022ed0d8d3c0 JavaThread "Finalizer" daemon [_thread_blocked, id=15972, stack(0x00000051a6800000,0x00000051a6900000)]
  0x0000022eebe6e1a0 JavaThread "Signal Dispatcher" daemon [_thread_blocked, id=34016, stack(0x00000051a6900000,0x00000051a6a00000)]
  0x0000022eebe6ed50 JavaThread "Attach Listener" daemon [_thread_blocked, id=35344, stack(0x00000051a6a00000,0x00000051a6b00000)]
  0x0000022eebe71810 JavaThread "Service Thread" daemon [_thread_blocked, id=40720, stack(0x00000051a6b00000,0x00000051a6c00000)]
  0x0000022eebe731d0 JavaThread "Monitor Deflation Thread" daemon [_thread_blocked, id=50704, stack(0x00000051a6c00000,0x00000051a6d00000)]
=>0x0000022eebe75f70 JavaThread "C2 CompilerThread0" daemon [_thread_in_native, id=67888, stack(0x00000051a6d00000,0x00000051a6e00000)]
  0x0000022eebe7ca40 JavaThread "C1 CompilerThread0" daemon [_thread_blocked, id=38524, stack(0x00000051a6e00000,0x00000051a6f00000)]
  0x0000022eebeeb520 JavaThread "Sweeper thread" daemon [_thread_blocked, id=55124, stack(0x00000051a6f00000,0x00000051a7000000)]
  0x0000022eec971d50 JavaThread "Notification Thread" daemon [_thread_blocked, id=9248, stack(0x00000051a7000000,0x00000051a7100000)]
  0x0000022eec975af0 JavaThread "Common-Cleaner" daemon [_thread_blocked, id=73152, stack(0x00000051a7200000,0x00000051a7300000)]
  0x0000022eeccbdfb0 JavaThread "RemoteInvocationHandler [#1]" daemon [_thread_blocked, id=14296, stack(0x00000051a7300000,0x00000051a7400000)]
  0x0000022eeccbefa0 JavaThread "Channel reader thread: channel" [_thread_in_native, id=21120, stack(0x00000051a7400000,0x00000051a7500000)]
  0x0000022eeccd00d0 JavaThread "pool-1-thread-1" [_thread_blocked, id=37672, stack(0x00000051a7500000,0x00000051a7600000)]
  0x0000022eeccd05a0 JavaThread "pool-1-thread-2" [_thread_blocked, id=34952, stack(0x00000051a7600000,0x00000051a7700000)]
  0x0000022eeccd0a70 JavaThread "pool-1-thread-3" [_thread_blocked, id=66324, stack(0x00000051a7700000,0x00000051a7800000)]
  0x0000022eeccd2f50 JavaThread "pool-1-thread-4 for channel id=372" [_thread_in_native, id=25360, stack(0x00000051a7800000,0x00000051a7900000)]
  0x0000022eecac2bd0 JavaThread "resolver-1" daemon [_thread_blocked, id=33424, stack(0x00000051a7c00000,0x00000051a7d00000)]
  0x0000022eecac13c0 JavaThread "resolver-2" daemon [_thread_blocked, id=69624, stack(0x00000051a7d00000,0x00000051a7e00000)]
  0x0000022eecac30a0 JavaThread "resolver-3" daemon [_thread_blocked, id=62436, stack(0x00000051a7e00000,0x00000051a7f00000)]
  0x0000022eecac3570 JavaThread "resolver-4" daemon [_thread_blocked, id=13136, stack(0x00000051a7f00000,0x00000051a8000000)]
  0x0000022eecac0550 JavaThread "resolver-5" daemon [_thread_blocked, id=70220, stack(0x00000051a8000000,0x00000051a8100000)]
  0x0000022eecac1d60 JavaThread "timeout-check-timer" daemon [_thread_blocked, id=51784, stack(0x00000051a8100000,0x00000051a8200000)]
  0x0000022eecac2230 JavaThread "ping-timer-10s" daemon [_thread_blocked, id=64368, stack(0x00000051a8200000,0x00000051a8300000)]
  0x0000022eecac0080 JavaThread "ThreadedStreamConsumer" daemon [_thread_blocked, id=15396, stack(0x00000051a8300000,0x00000051a8400000)]
  0x0000022eecac1890 JavaThread "Thread-2" [_thread_blocked, id=42728, stack(0x00000051a8400000,0x00000051a8500000)]
  0x0000022eecac3a40 JavaThread "Thread-3" [_thread_in_native, id=18224, stack(0x00000051a8500000,0x00000051a8600000)]
  0x0000022eecac2700 JavaThread "Thread-4" [_thread_in_native, id=59544, stack(0x00000051a8600000,0x00000051a8700000)]

Other Threads:
  0x0000022ed0d83e40 VMThread "VM Thread" [stack: 0x00000051a6600000,0x00000051a6700000] [id=74660]
  0x0000022eec972220 WatcherThread [stack: 0x00000051a7100000,0x00000051a7200000] [id=45760]
  0x0000022ed0d083e0 GCTaskThread "GC Thread#0" [stack: 0x00000051a6100000,0x00000051a6200000] [id=36496]
  0x0000022eed1d0700 GCTaskThread "GC Thread#1" [stack: 0x00000051a7900000,0x00000051a7a00000] [id=25052]
  0x0000022eed1d09b0 GCTaskThread "GC Thread#2" [stack: 0x00000051a7a00000,0x00000051a7b00000] [id=70860]
  0x0000022eed1d0c60 GCTaskThread "GC Thread#3" [stack: 0x00000051a7b00000,0x00000051a7c00000] [id=72692]
  0x0000022ed0d10ee0 ConcurrentGCThread "G1 Main Marker" [stack: 0x00000051a6200000,0x00000051a6300000] [id=65812]
  0x0000022ed0d12900 ConcurrentGCThread "G1 Conc#0" [stack: 0x00000051a6300000,0x00000051a6400000] [id=69580]
  0x0000022ed0d4eb50 ConcurrentGCThread "G1 Refine#0" [stack: 0x00000051a6400000,0x00000051a6500000] [id=40648]
  0x0000022ed0d4f570 ConcurrentGCThread "G1 Service" [stack: 0x00000051a6500000,0x00000051a6600000] [id=38280]

Threads with active compile tasks:
C2 CompilerThread0    28173 7104       4       org.codehaus.plexus.classworlds.realm.Entry::matches (282 bytes)

VM state: not at safepoint (normal execution)

VM Mutex/Monitor currently owned by a thread: None

Heap address: 0x00000000c2200000, size: 990 MB, Compressed Oops mode: 32-bit

CDS archive(s) mapped at: [0x0000000800000000-0x0000000800bd0000-0x0000000800bd0000), size 12386304, SharedBaseAddress: 0x0000000800000000, ArchiveRelocationMode: 0.
Compressed class space mapped at: 0x0000000800c00000-0x0000000840c00000, reserved size: 1073741824
Narrow klass base: 0x0000000800000000, Narrow klass shift: 0, Narrow klass range: 0x100000000

GC Precious Log:
 CPUs: 4 total, 4 available
 Memory: 3958M
 Large Page Support: Disabled
 NUMA Support: Disabled
 Compressed Oops: Enabled (32-bit)
 Heap Region Size: 1M
 Heap Min Capacity: 8M
 Heap Initial Capacity: 62M
 Heap Max Capacity: 990M
 Pre-touch: Disabled
 Parallel Workers: 4
 Concurrent Workers: 1
 Concurrent Refinement Workers: 4
 Periodic GC: Disabled

Heap:
 garbage-first heap   total 76800K, used 57248K [0x00000000c2200000, 0x0000000100000000)
  region size 1024K, 17 young (17408K), 1 survivors (1024K)
 Metaspace       used 33281K, committed 33792K, reserved 1081344K
  class space    used 3703K, committed 3968K, reserved 1048576K

Heap Regions: E=young(eden), S=young(survivor), O=old, HS=humongous(starts), HC=humongous(continues), CS=collection set, F=free, OA=open archive, CA=closed archive, TAMS=top-at-mark-start (previous, next)
|   0|0x00000000c2200000, 0x00000000c2300000, 0x00000000c2300000|100%|HS|  |TAMS 0x00000000c2300000, 0x00000000c2200000| Complete 
|   1|0x00000000c2300000, 0x00000000c2400000, 0x00000000c2400000|100%|HC|  |TAMS 0x00000000c2400000, 0x00000000c2300000| Complete 
|   2|0x00000000c2400000, 0x00000000c2500000, 0x00000000c2500000|100%|HS|  |TAMS 0x00000000c2500000, 0x00000000c2400000| Complete 
|   3|0x00000000c2500000, 0x00000000c2600000, 0x00000000c2600000|100%|HC|  |TAMS 0x00000000c2600000, 0x00000000c2500000| Complete 
|   4|0x00000000c2600000, 0x00000000c2700000, 0x00000000c2700000|100%| O|  |TAMS 0x00000000c2700000, 0x00000000c2600000| Untracked 
|   5|0x00000000c2700000, 0x00000000c2800000, 0x00000000c2800000|100%| O|  |TAMS 0x00000000c2800000, 0x00000000c2700000| Untracked 
|   6|0x00000000c2800000, 0x00000000c2900000, 0x00000000c2900000|100%| O|  |TAMS 0x00000000c2900000, 0x00000000c2800000| Untracked 
|   7|0x00000000c2900000, 0x00000000c2a00000, 0x00000000c2a00000|100%| O|  |TAMS 0x00000000c2a00000, 0x00000000c2900000| Untracked 
|   8|0x00000000c2a00000, 0x00000000c2b00000, 0x00000000c2b00000|100%| O|  |TAMS 0x00000000c2b00000, 0x00000000c2a00000| Untracked 
|   9|0x00000000c2b00000, 0x00000000c2c00000, 0x00000000c2c00000|100%| O|  |TAMS 0x00000000c2c00000, 0x00000000c2b00000| Untracked 
|  10|0x00000000c2c00000, 0x00000000c2d00000, 0x00000000c2d00000|100%| O|  |TAMS 0x00000000c2d00000, 0x00000000c2c00000| Untracked 
|  11|0x00000000c2d00000, 0x00000000c2e00000, 0x00000000c2e00000|100%| O|  |TAMS 0x00000000c2e00000, 0x00000000c2d00000| Untracked 
|  12|0x00000000c2e00000, 0x00000000c2f00000, 0x00000000c2f00000|100%| O|  |TAMS 0x00000000c2f00000, 0x00000000c2e00000| Untracked 
|  13|0x00000000c2f00000, 0x00000000c3000000, 0x00000000c3000000|100%| O|  |TAMS 0x00000000c3000000, 0x00000000c2f00000| Untracked 
|  14|0x00000000c3000000, 0x00000000c3100000, 0x00000000c3100000|100%| O|  |TAMS 0x00000000c3100000, 0x00000000c3000000| Untracked 
|  15|0x00000000c3100000, 0x00000000c3200000, 0x00000000c3200000|100%| O|  |TAMS 0x00000000c3200000, 0x00000000c3100000| Untracked 
|  16|0x00000000c3200000, 0x00000000c3300000, 0x00000000c3300000|100%| O|  |TAMS 0x00000000c3300000, 0x00000000c3200000| Untracked 
|  17|0x00000000c3300000, 0x00000000c3400000, 0x00000000c3400000|100%| O|  |TAMS 0x00000000c3400000, 0x00000000c3300000| Untracked 
|  18|0x00000000c3400000, 0x00000000c3500000, 0x00000000c3500000|100%|HS|  |TAMS 0x00000000c3500000, 0x00000000c3400000| Complete 
|  19|0x00000000c3500000, 0x00000000c3600000, 0x00000000c3600000|100%| O|  |TAMS 0x00000000c3600000, 0x00000000c3500000| Untracked 
|  20|0x00000000c3600000, 0x00000000c3700000, 0x00000000c3700000|100%| O|  |TAMS 0x00000000c3700000, 0x00000000c3600000| Untracked 
|  21|0x00000000c3700000, 0x00000000c3800000, 0x00000000c3800000|100%| O|  |TAMS 0x00000000c3800000, 0x00000000c3700000| Complete 
|  22|0x00000000c3800000, 0x00000000c3900000, 0x00000000c3900000|100%| O|  |TAMS 0x00000000c3900000, 0x00000000c3800000| Untracked 
|  23|0x00000000c3900000, 0x00000000c3a00000, 0x00000000c3a00000|100%| O|  |TAMS 0x00000000c3a00000, 0x00000000c3900000| Untracked 
|  24|0x00000000c3a00000, 0x00000000c3b00000, 0x00000000c3b00000|100%| O|  |TAMS 0x00000000c3b00000, 0x00000000c3a00000| Untracked 
|  25|0x00000000c3b00000, 0x00000000c3c00000, 0x00000000c3c00000|100%| O|  |TAMS 0x00000000c3c00000, 0x00000000c3b00000| Untracked 
|  26|0x00000000c3c00000, 0x00000000c3d00000, 0x00000000c3d00000|100%| O|  |TAMS 0x00000000c3d00000, 0x00000000c3c00000| Untracked 
|  27|0x00000000c3d00000, 0x00000000c3d00000, 0x00000000c3e00000|  0%| F|  |TAMS 0x00000000c3d00000, 0x00000000c3d00000| Untracked 
|  28|0x00000000c3e00000, 0x00000000c3f00000, 0x00000000c3f00000|100%| O|  |TAMS 0x00000000c3f00000, 0x00000000c3e00000| Complete 
|  29|0x00000000c3f00000, 0x00000000c3f00000, 0x00000000c4000000|  0%| F|  |TAMS 0x00000000c3f00000, 0x00000000c3f00000| Untracked 
|  30|0x00000000c4000000, 0x00000000c4100000, 0x00000000c4100000|100%| O|  |TAMS 0x00000000c4100000, 0x00000000c4000000| Untracked 
|  31|0x00000000c4100000, 0x00000000c4200000, 0x00000000c4200000|100%| O|  |TAMS 0x00000000c4200000, 0x00000000c4100000| Untracked 
|  32|0x00000000c4200000, 0x00000000c4300000, 0x00000000c4300000|100%| O|  |TAMS 0x00000000c4300000, 0x00000000c4200000| Untracked 
|  33|0x00000000c4300000, 0x00000000c4400000, 0x00000000c4400000|100%| O|  |TAMS 0x00000000c4400000, 0x00000000c4300000| Untracked 
|  34|0x00000000c4400000, 0x00000000c4500000, 0x00000000c4500000|100%| O|  |TAMS 0x00000000c4500000, 0x00000000c4400000| Untracked 
|  35|0x00000000c4500000, 0x00000000c4600000, 0x00000000c4600000|100%| O|  |TAMS 0x00000000c4600000, 0x00000000c4500000| Untracked 
|  36|0x00000000c4600000, 0x00000000c4700000, 0x00000000c4700000|100%| O|  |TAMS 0x00000000c4700000, 0x00000000c4600000| Untracked 
|  37|0x00000000c4700000, 0x00000000c4800000, 0x00000000c4800000|100%| O|  |TAMS 0x00000000c4800000, 0x00000000c4700000| Untracked 
|  38|0x00000000c4800000, 0x00000000c4900000, 0x00000000c4900000|100%| O|  |TAMS 0x00000000c4900000, 0x00000000c4800000| Complete 
|  39|0x00000000c4900000, 0x00000000c4a00000, 0x00000000c4a00000|100%| O|  |TAMS 0x00000000c4a00000, 0x00000000c4900000| Complete 
|  40|0x00000000c4a00000, 0x00000000c4b00000, 0x00000000c4b00000|100%| O|  |TAMS 0x00000000c4b00000, 0x00000000c4a00000| Untracked 
|  41|0x00000000c4b00000, 0x00000000c4c00000, 0x00000000c4c00000|100%| O|  |TAMS 0x00000000c4c00000, 0x00000000c4b00000| Complete 
|  42|0x00000000c4c00000, 0x00000000c4c00000, 0x00000000c4d00000|  0%| F|  |TAMS 0x00000000c4c00000, 0x00000000c4c00000| Untracked 
|  43|0x00000000c4d00000, 0x00000000c4d00000, 0x00000000c4e00000|  0%| F|  |TAMS 0x00000000c4d00000, 0x00000000c4d00000| Untracked 
|  44|0x00000000c4e00000, 0x00000000c4e00000, 0x00000000c4f00000|  0%| F|  |TAMS 0x00000000c4e00000, 0x00000000c4e00000| Untracked 
|  45|0x00000000c4f00000, 0x00000000c4f00000, 0x00000000c5000000|  0%| F|  |TAMS 0x00000000c4f00000, 0x00000000c4f00000| Untracked 
|  46|0x00000000c5000000, 0x00000000c5000000, 0x00000000c5100000|  0%| F|  |TAMS 0x00000000c5000000, 0x00000000c5000000| Untracked 
|  47|0x00000000c5100000, 0x00000000c5100000, 0x00000000c5200000|  0%| F|  |TAMS 0x00000000c5100000, 0x00000000c5100000| Untracked 
|  48|0x00000000c5200000, 0x00000000c5200000, 0x00000000c5300000|  0%| F|  |TAMS 0x00000000c5200000, 0x00000000c5200000| Untracked 
|  49|0x00000000c5300000, 0x00000000c5300000, 0x00000000c5400000|  0%| F|  |TAMS 0x00000000c5300000, 0x00000000c5300000| Untracked 
|  50|0x00000000c5400000, 0x00000000c5400000, 0x00000000c5500000|  0%| F|  |TAMS 0x00000000c5400000, 0x00000000c5400000| Untracked 
|  51|0x00000000c5500000, 0x00000000c5500000, 0x00000000c5600000|  0%| F|  |TAMS 0x00000000c5500000, 0x00000000c5500000| Untracked 
|  52|0x00000000c5600000, 0x00000000c5600000, 0x00000000c5700000|  0%| F|  |TAMS 0x00000000c5600000, 0x00000000c5600000| Untracked 
|  53|0x00000000c5700000, 0x00000000c5700000, 0x00000000c5800000|  0%| F|  |TAMS 0x00000000c5700000, 0x00000000c5700000| Untracked 
|  54|0x00000000c5800000, 0x00000000c5800000, 0x00000000c5900000|  0%| F|  |TAMS 0x00000000c5800000, 0x00000000c5800000| Untracked 
|  55|0x00000000c5900000, 0x00000000c5900000, 0x00000000c5a00000|  0%| F|  |TAMS 0x00000000c5900000, 0x00000000c5900000| Untracked 
|  56|0x00000000c5a00000, 0x00000000c5ae8088, 0x00000000c5b00000| 90%| S|CS|TAMS 0x00000000c5a00000, 0x00000000c5a00000| Complete 
|  57|0x00000000c5b00000, 0x00000000c5b00000, 0x00000000c5c00000|  0%| F|  |TAMS 0x00000000c5b00000, 0x00000000c5b00000| Untracked 
|  58|0x00000000c5c00000, 0x00000000c5c00000, 0x00000000c5d00000|  0%| F|  |TAMS 0x00000000c5c00000, 0x00000000c5c00000| Untracked 
|  59|0x00000000c5d00000, 0x00000000c5dbff50, 0x00000000c5e00000| 74%| E|  |TAMS 0x00000000c5d00000, 0x00000000c5d00000| Complete 
|  60|0x00000000c5e00000, 0x00000000c5f00000, 0x00000000c5f00000|100%| E|CS|TAMS 0x00000000c5e00000, 0x00000000c5e00000| Complete 
|  61|0x00000000c5f00000, 0x00000000c6000000, 0x00000000c6000000|100%| E|CS|TAMS 0x00000000c5f00000, 0x00000000c5f00000| Complete 
|  62|0x00000000c6000000, 0x00000000c6100000, 0x00000000c6100000|100%| E|CS|TAMS 0x00000000c6000000, 0x00000000c6000000| Complete 
|  63|0x00000000c6100000, 0x00000000c6200000, 0x00000000c6200000|100%| E|CS|TAMS 0x00000000c6100000, 0x00000000c6100000| Complete 
|  64|0x00000000c6200000, 0x00000000c6300000, 0x00000000c6300000|100%| E|CS|TAMS 0x00000000c6200000, 0x00000000c6200000| Complete 
|  65|0x00000000c6300000, 0x00000000c6400000, 0x00000000c6400000|100%| E|CS|TAMS 0x00000000c6300000, 0x00000000c6300000| Complete 
|  66|0x00000000c6400000, 0x00000000c6500000, 0x00000000c6500000|100%| E|CS|TAMS 0x00000000c6400000, 0x00000000c6400000| Complete 
|  67|0x00000000c6500000, 0x00000000c6600000, 0x00000000c6600000|100%| E|CS|TAMS 0x00000000c6500000, 0x00000000c6500000| Complete 
|  68|0x00000000c6600000, 0x00000000c6700000, 0x00000000c6700000|100%| E|CS|TAMS 0x00000000c6600000, 0x00000000c6600000| Complete 
|  69|0x00000000c6700000, 0x00000000c6800000, 0x00000000c6800000|100%| E|CS|TAMS 0x00000000c6700000, 0x00000000c6700000| Complete 
|  70|0x00000000c6800000, 0x00000000c6900000, 0x00000000c6900000|100%| E|CS|TAMS 0x00000000c6800000, 0x00000000c6800000| Complete 
|  71|0x00000000c6900000, 0x00000000c6a00000, 0x00000000c6a00000|100%| E|CS|TAMS 0x00000000c6900000, 0x00000000c6900000| Complete 
|  72|0x00000000c6a00000, 0x00000000c6b00000, 0x00000000c6b00000|100%| E|CS|TAMS 0x00000000c6a00000, 0x00000000c6a00000| Complete 
|  73|0x00000000c6b00000, 0x00000000c6c00000, 0x00000000c6c00000|100%| E|CS|TAMS 0x00000000c6b00000, 0x00000000c6b00000| Complete 
|  74|0x00000000c6c00000, 0x00000000c6d00000, 0x00000000c6d00000|100%| E|CS|TAMS 0x00000000c6c00000, 0x00000000c6c00000| Complete 

Card table byte_map: [0x0000022ee7730000,0x0000022ee7920000] _byte_map_base: 0x0000022ee711f000

Marking Bits (Prev, Next): (CMBitMap*) 0x0000022ed0d089f0, (CMBitMap*) 0x0000022ed0d08a30
 Prev Bits: [0x0000022ee7b10000, 0x0000022ee8a88000)
 Next Bits: [0x0000022ee8a90000, 0x0000022ee9a08000)

Polling page: 0x0000022ed0450000

Metaspace:

Usage:
  Non-class:     28.88 MB used.
      Class:      3.62 MB used.
       Both:     32.50 MB used.

Virtual space:
  Non-class space:       32.00 MB reserved,      29.12 MB ( 91%) committed,  4 nodes.
      Class space:        1.00 GB reserved,       3.88 MB ( <1%) committed,  1 nodes.
             Both:        1.03 GB reserved,      33.00 MB (  3%) committed. 

Chunk freelists:
   Non-Class:  2.17 MB
       Class:  3.97 MB
        Both:  6.15 MB

MaxMetaspaceSize: unlimited
CompressedClassSpaceSize: 1.00 GB
Initial GC threshold: 21.00 MB
Current GC threshold: 53.56 MB
CDS: on
MetaspaceReclaimPolicy: balanced
 - commit_granule_bytes: 65536.
 - commit_granule_words: 8192.
 - virtual_space_node_default_size: 1048576.
 - enlarge_chunks_in_place: 1.
 - new_chunks_are_fully_committed: 0.
 - uncommit_free_chunks: 1.
 - use_allocation_guard: 0.
 - handle_deallocations: 1.


Internal statistics:

num_allocs_failed_limit: 3.
num_arena_births: 430.
num_arena_deaths: 0.
num_vsnodes_births: 5.
num_vsnodes_deaths: 0.
num_space_committed: 528.
num_space_uncommitted: 0.
num_chunks_returned_to_freelist: 3.
num_chunks_taken_from_freelist: 1739.
num_chunk_merges: 3.
num_chunk_splits: 1117.
num_chunks_enlarged: 743.
num_purges: 0.
num_inconsistent_stats: 0.

CodeHeap 'non-profiled nmethods': size=120000Kb used=3421Kb max_used=3421Kb free=116578Kb
 bounds [0x0000022ee0010000, 0x0000022ee0370000, 0x0000022ee7540000]
CodeHeap 'profiled nmethods': size=120000Kb used=13947Kb max_used=13947Kb free=106052Kb
 bounds [0x0000022ed8540000, 0x0000022ed92e0000, 0x0000022edfa70000]
CodeHeap 'non-nmethods': size=5760Kb used=1246Kb max_used=1317Kb free=4513Kb
 bounds [0x0000022edfa70000, 0x0000022edfce0000, 0x0000022ee0010000]
 total_blobs=6888 nmethods=6329 adapters=471
 compilation: enabled
              stopped_count=0, restarted_count=0
 full_count=0

Compilation events (20 events):
Event: 25.472 Thread 0x0000022eebe7ca40 nmethod 7094 0x0000022ed92dc490 code [0x0000022ed92dc620, 0x0000022ed92dc778]
Event: 27.162 Thread 0x0000022eebe7ca40 7095       3       java.util.concurrent.locks.ReentrantLock$Sync::isHeldExclusively (16 bytes)
Event: 27.162 Thread 0x0000022eebe7ca40 nmethod 7095 0x0000022ed92dc810 code [0x0000022ed92dc9a0, 0x0000022ed92dcb38]
Event: 28.041 Thread 0x0000022eebe7ca40 7097   !   3       java.io.BufferedReader::readLine (327 bytes)
Event: 28.043 Thread 0x0000022eebe7ca40 nmethod 7097 0x0000022ed92dcc10 code [0x0000022ed92dcf20, 0x0000022ed92de238]
Event: 28.043 Thread 0x0000022eebe7ca40 7098       3       java.lang.StringBuilder::append (10 bytes)
Event: 28.043 Thread 0x0000022eebe7ca40 nmethod 7098 0x0000022ed92dec90 code [0x0000022ed92dee20, 0x0000022ed92def68]
Event: 28.043 Thread 0x0000022eebe7ca40 7099       3       java.util.concurrent.atomic.AtomicBoolean::get (13 bytes)
Event: 28.043 Thread 0x0000022eebe7ca40 nmethod 7099 0x0000022ed92df010 code [0x0000022ed92df1a0, 0x0000022ed92df318]
Event: 28.044 Thread 0x0000022eebe7ca40 7100       3       org.apache.maven.surefire.util.internal.StringUtils::digit (33 bytes)
Event: 28.045 Thread 0x0000022eebe7ca40 nmethod 7100 0x0000022ed92df390 code [0x0000022ed92df540, 0x0000022ed92df718]
Event: 28.050 Thread 0x0000022eebe75f70 7101       4       org.apache.maven.surefire.util.internal.StringUtils::digit (33 bytes)
Event: 28.051 Thread 0x0000022eebe75f70 nmethod 7101 0x0000022ee0365e90 code [0x0000022ee0366000, 0x0000022ee0366078]
Event: 28.058 Thread 0x0000022eebe75f70 7102       4       sun.net.www.protocol.file.Handler::parseURL (18 bytes)
Event: 28.075 Thread 0x0000022eebe75f70 nmethod 7102 0x0000022ee0366190 code [0x0000022ee0366340, 0x0000022ee0366988]
Event: 28.075 Thread 0x0000022eebe75f70 7103       4       java.lang.String::substring (58 bytes)
Event: 28.080 Thread 0x0000022eebe75f70 nmethod 7103 0x0000022ee0366d10 code [0x0000022ee0366ec0, 0x0000022ee0367448]
Event: 28.087 Thread 0x0000022eebe75f70 7104       4       org.codehaus.plexus.classworlds.realm.Entry::matches (282 bytes)
Event: 28.089 Thread 0x0000022eebe7ca40 7105       3       java.io.FileDescriptor$1::getAppend (5 bytes)
Event: 28.089 Thread 0x0000022eebe7ca40 nmethod 7105 0x0000022ed92df790 code [0x0000022ed92df920, 0x0000022ed92dfa38]

GC Heap History (20 events):
Event: 15.181 GC heap before
{Heap before GC invocations=7 (full 0):
 garbage-first heap   total 63488K, used 38416K [0x00000000c2200000, 0x0000000100000000)
  region size 1024K, 25 young (25600K), 4 survivors (4096K)
 Metaspace       used 21067K, committed 21504K, reserved 1073152K
  class space    used 2391K, committed 2624K, reserved 1048576K
}
Event: 15.186 GC heap after
{Heap after GC invocations=8 (full 0):
 garbage-first heap   total 63488K, used 19081K [0x00000000c2200000, 0x0000000100000000)
  region size 1024K, 4 young (4096K), 4 survivors (4096K)
 Metaspace       used 21067K, committed 21504K, reserved 1073152K
  class space    used 2391K, committed 2624K, reserved 1048576K
}
Event: 17.223 GC heap before
{Heap before GC invocations=9 (full 0):
 garbage-first heap   total 63488K, used 47753K [0x00000000c2200000, 0x0000000100000000)
  region size 1024K, 32 young (32768K), 4 survivors (4096K)
 Metaspace       used 23577K, committed 24064K, reserved 1073152K
  class space    used 2659K, committed 2880K, reserved 1048576K
}
Event: 17.228 GC heap after
{Heap after GC invocations=10 (full 0):
 garbage-first heap   total 63488K, used 20774K [0x00000000c2200000, 0x0000000100000000)
  region size 1024K, 3 young (3072K), 3 survivors (3072K)
 Metaspace       used 23577K, committed 24064K, reserved 1073152K
  class space    used 2659K, committed 2880K, reserved 1048576K
}
Event: 18.940 GC heap before
{Heap before GC invocations=10 (full 0):
 garbage-first heap   total 63488K, used 50470K [0x00000000c2200000, 0x0000000100000000)
  region size 1024K, 30 young (30720K), 3 survivors (3072K)
 Metaspace       used 29215K, committed 29696K, reserved 1081344K
  class space    used 3321K, committed 3584K, reserved 1048576K
}
Event: 18.948 GC heap after
{Heap after GC invocations=11 (full 0):
 garbage-first heap   total 63488K, used 30587K [0x00000000c2200000, 0x0000000100000000)
  region size 1024K, 4 young (4096K), 4 survivors (4096K)
 Metaspace       used 29215K, committed 29696K, reserved 1081344K
  class space    used 3321K, committed 3584K, reserved 1048576K
}
Event: 19.589 GC heap before
{Heap before GC invocations=11 (full 0):
 garbage-first heap   total 63488K, used 46971K [0x00000000c2200000, 0x0000000100000000)
  region size 1024K, 19 young (19456K), 4 survivors (4096K)
 Metaspace       used 29231K, committed 29696K, reserved 1081344K
  class space    used 3321K, committed 3584K, reserved 1048576K
}
Event: 19.594 GC heap after
{Heap after GC invocations=12 (full 0):
 garbage-first heap   total 63488K, used 36541K [0x00000000c2200000, 0x0000000100000000)
  region size 1024K, 3 young (3072K), 3 survivors (3072K)
 Metaspace       used 29231K, committed 29696K, reserved 1081344K
  class space    used 3321K, committed 3584K, reserved 1048576K
}
Event: 19.901 GC heap before
{Heap before GC invocations=12 (full 0):
 garbage-first heap   total 63488K, used 47805K [0x00000000c2200000, 0x0000000100000000)
  region size 1024K, 14 young (14336K), 3 survivors (3072K)
 Metaspace       used 29506K, committed 29952K, reserved 1081344K
  class space    used 3354K, committed 3584K, reserved 1048576K
}
Event: 19.906 GC heap after
{Heap after GC invocations=13 (full 0):
 garbage-first heap   total 63488K, used 38912K [0x00000000c2200000, 0x0000000100000000)
  region size 1024K, 2 young (2048K), 2 survivors (2048K)
 Metaspace       used 29506K, committed 29952K, reserved 1081344K
  class space    used 3354K, committed 3584K, reserved 1048576K
}
Event: 20.509 GC heap before
{Heap before GC invocations=14 (full 0):
 garbage-first heap   total 66560K, used 49152K [0x00000000c2200000, 0x0000000100000000)
  region size 1024K, 12 young (12288K), 2 survivors (2048K)
 Metaspace       used 30125K, committed 30592K, reserved 1081344K
  class space    used 3428K, committed 3648K, reserved 1048576K
}
Event: 20.514 GC heap after
{Heap after GC invocations=15 (full 0):
 garbage-first heap   total 66560K, used 41704K [0x00000000c2200000, 0x0000000100000000)
  region size 1024K, 2 young (2048K), 2 survivors (2048K)
 Metaspace       used 30125K, committed 30592K, reserved 1081344K
  class space    used 3428K, committed 3648K, reserved 1048576K
}
Event: 22.127 GC heap before
{Heap before GC invocations=15 (full 0):
 garbage-first heap   total 66560K, used 50920K [0x00000000c2200000, 0x0000000100000000)
  region size 1024K, 12 young (12288K), 2 survivors (2048K)
 Metaspace       used 31288K, committed 31744K, reserved 1081344K
  class space    used 3521K, committed 3776K, reserved 1048576K
}
Event: 22.132 GC heap after
{Heap after GC invocations=16 (full 0):
 garbage-first heap   total 66560K, used 42554K [0x00000000c2200000, 0x0000000100000000)
  region size 1024K, 2 young (2048K), 2 survivors (2048K)
 Metaspace       used 31288K, committed 31744K, reserved 1081344K
  class space    used 3521K, committed 3776K, reserved 1048576K
}
Event: 22.699 GC heap before
{Heap before GC invocations=17 (full 0):
 garbage-first heap   total 75776K, used 51770K [0x00000000c2200000, 0x0000000100000000)
  region size 1024K, 11 young (11264K), 2 survivors (2048K)
 Metaspace       used 31460K, committed 31936K, reserved 1081344K
  class space    used 3530K, committed 3776K, reserved 1048576K
}
Event: 22.702 GC heap after
{Heap after GC invocations=18 (full 0):
 garbage-first heap   total 75776K, used 42945K [0x00000000c2200000, 0x0000000100000000)
  region size 1024K, 1 young (1024K), 1 survivors (1024K)
 Metaspace       used 31460K, committed 31936K, reserved 1081344K
  class space    used 3530K, committed 3776K, reserved 1048576K
}
Event: 22.838 GC heap before
{Heap before GC invocations=18 (full 0):
 garbage-first heap   total 75776K, used 43969K [0x00000000c2200000, 0x0000000100000000)
  region size 1024K, 3 young (3072K), 1 survivors (1024K)
 Metaspace       used 31644K, committed 32064K, reserved 1081344K
  class space    used 3552K, committed 3776K, reserved 1048576K
}
Event: 22.843 GC heap after
{Heap after GC invocations=19 (full 0):
 garbage-first heap   total 75776K, used 41175K [0x00000000c2200000, 0x0000000100000000)
  region size 1024K, 1 young (1024K), 1 survivors (1024K)
 Metaspace       used 31644K, committed 32064K, reserved 1081344K
  class space    used 3552K, committed 3776K, reserved 1048576K
}
Event: 23.931 GC heap before
{Heap before GC invocations=19 (full 0):
 garbage-first heap   total 75776K, used 57559K [0x00000000c2200000, 0x0000000100000000)
  region size 1024K, 17 young (17408K), 1 survivors (1024K)
 Metaspace       used 32365K, committed 32832K, reserved 1081344K
  class space    used 3616K, committed 3840K, reserved 1048576K
}
Event: 23.934 GC heap after
{Heap after GC invocations=20 (full 0):
 garbage-first heap   total 75776K, used 41888K [0x00000000c2200000, 0x0000000100000000)
  region size 1024K, 1 young (1024K), 1 survivors (1024K)
 Metaspace       used 32365K, committed 32832K, reserved 1081344K
  class space    used 3616K, committed 3840K, reserved 1048576K
}

Deoptimization events (20 events):
Event: 24.621 Thread 0x0000022eeccd2f50 Uncommon trap: trap_request=0xffffffbe fr.pc=0x0000022ee02d0bb0 relative=0x0000000000001f50
Event: 24.621 Thread 0x0000022eeccd2f50 Uncommon trap: reason=profile_predicate action=maybe_recompile pc=0x0000022ee02d0bb0 method=java.util.TimSort.binarySort([Ljava/lang/Object;IIILjava/util/Comparator;)V @ 34 c2
Event: 24.621 Thread 0x0000022eeccd2f50 DEOPT PACKING pc=0x0000022ee02d0bb0 sp=0x00000051a78fc610
Event: 24.621 Thread 0x0000022eeccd2f50 DEOPT UNPACKING pc=0x0000022edfac23a3 sp=0x00000051a78fc5f0 mode 2
Event: 24.621 Thread 0x0000022eeccd2f50 Uncommon trap: trap_request=0xffffffbe fr.pc=0x0000022ee02d0bb0 relative=0x0000000000001f50
Event: 24.621 Thread 0x0000022eeccd2f50 Uncommon trap: reason=profile_predicate action=maybe_recompile pc=0x0000022ee02d0bb0 method=java.util.TimSort.binarySort([Ljava/lang/Object;IIILjava/util/Comparator;)V @ 34 c2
Event: 24.621 Thread 0x0000022eeccd2f50 DEOPT PACKING pc=0x0000022ee02d0bb0 sp=0x00000051a78fc610
Event: 24.621 Thread 0x0000022eeccd2f50 DEOPT UNPACKING pc=0x0000022edfac23a3 sp=0x00000051a78fc5f0 mode 2
Event: 24.621 Thread 0x0000022eeccd2f50 Uncommon trap: trap_request=0xffffffbe fr.pc=0x0000022ee02d0bb0 relative=0x0000000000001f50
Event: 24.621 Thread 0x0000022eeccd2f50 Uncommon trap: reason=profile_predicate action=maybe_recompile pc=0x0000022ee02d0bb0 method=java.util.TimSort.binarySort([Ljava/lang/Object;IIILjava/util/Comparator;)V @ 34 c2
Event: 24.621 Thread 0x0000022eeccd2f50 DEOPT PACKING pc=0x0000022ee02d0bb0 sp=0x00000051a78fc610
Event: 24.621 Thread 0x0000022eeccd2f50 DEOPT UNPACKING pc=0x0000022edfac23a3 sp=0x00000051a78fc5f0 mode 2
Event: 24.621 Thread 0x0000022eeccd2f50 Uncommon trap: trap_request=0xffffffbe fr.pc=0x0000022ee02d0bb0 relative=0x0000000000001f50
Event: 24.621 Thread 0x0000022eeccd2f50 Uncommon trap: reason=profile_predicate action=maybe_recompile pc=0x0000022ee02d0bb0 method=java.util.TimSort.binarySort([Ljava/lang/Object;IIILjava/util/Comparator;)V @ 34 c2
Event: 24.621 Thread 0x0000022eeccd2f50 DEOPT PACKING pc=0x0000022ee02d0bb0 sp=0x00000051a78fc610
Event: 24.621 Thread 0x0000022eeccd2f50 DEOPT UNPACKING pc=0x0000022edfac23a3 sp=0x00000051a78fc5f0 mode 2
Event: 28.041 Thread 0x0000022eecac3a40 Uncommon trap: trap_request=0xffffff45 fr.pc=0x0000022ee03197f8 relative=0x00000000000021b8
Event: 28.041 Thread 0x0000022eecac3a40 Uncommon trap: reason=unstable_if action=reinterpret pc=0x0000022ee03197f8 method=java.io.BufferedReader.readLine(Z[Z)Ljava/lang/String; @ 286 c2
Event: 28.041 Thread 0x0000022eecac3a40 DEOPT PACKING pc=0x0000022ee03197f8 sp=0x00000051a85ff460
Event: 28.041 Thread 0x0000022eecac3a40 DEOPT UNPACKING pc=0x0000022edfac23a3 sp=0x00000051a85ff430 mode 2

Classes unloaded (0 events):
No events

Classes redefined (0 events):
No events

Internal exceptions (20 events):
Event: 21.202 Thread 0x0000022eeccd2f50 Exception <a 'sun/nio/fs/WindowsException'{0x00000000c5f8bda8}> (0x00000000c5f8bda8) 
thrown [s\open\src\hotspot\share\prims\jni.cpp, line 516]
Event: 21.202 Thread 0x0000022eeccd2f50 Exception <a 'sun/nio/fs/WindowsException'{0x00000000c5f8c108}> (0x00000000c5f8c108) 
thrown [s\open\src\hotspot\share\prims\jni.cpp, line 516]
Event: 21.206 Thread 0x0000022eeccd2f50 Exception <a 'sun/nio/fs/WindowsException'{0x00000000c5ff94e0}> (0x00000000c5ff94e0) 
thrown [s\open\src\hotspot\share\prims\jni.cpp, line 516]
Event: 21.206 Thread 0x0000022eeccd2f50 Exception <a 'sun/nio/fs/WindowsException'{0x00000000c5ff9740}> (0x00000000c5ff9740) 
thrown [s\open\src\hotspot\share\prims\jni.cpp, line 516]
Event: 21.206 Thread 0x0000022eeccd2f50 Exception <a 'sun/nio/fs/WindowsException'{0x00000000c5ffb528}> (0x00000000c5ffb528) 
thrown [s\open\src\hotspot\share\prims\jni.cpp, line 516]
Event: 21.206 Thread 0x0000022eeccd2f50 Exception <a 'sun/nio/fs/WindowsException'{0x00000000c5ffb6d0}> (0x00000000c5ffb6d0) 
thrown [s\open\src\hotspot\share\prims\jni.cpp, line 516]
Event: 21.206 Thread 0x0000022eeccd2f50 Exception <a 'sun/nio/fs/WindowsException'{0x00000000c5ffd940}> (0x00000000c5ffd940) 
thrown [s\open\src\hotspot\share\prims\jni.cpp, line 516]
Event: 21.206 Thread 0x0000022eeccd2f50 Exception <a 'sun/nio/fs/WindowsException'{0x00000000c5ffdb80}> (0x00000000c5ffdb80) 
thrown [s\open\src\hotspot\share\prims\jni.cpp, line 516]
Event: 21.206 Thread 0x0000022eeccd2f50 Exception <a 'sun/nio/fs/WindowsException'{0x00000000c5fffa50}> (0x00000000c5fffa50) 
thrown [s\open\src\hotspot\share\prims\jni.cpp, line 516]
Event: 21.207 Thread 0x0000022eeccd2f50 Exception <a 'sun/nio/fs/WindowsException'{0x00000000c5fffd50}> (0x00000000c5fffd50) 
thrown [s\open\src\hotspot\share\prims\jni.cpp, line 516]
Event: 21.220 Thread 0x0000022eeccd2f50 Exception <a 'sun/nio/fs/WindowsException'{0x00000000c5e5eba8}> (0x00000000c5e5eba8) 
thrown [s\open\src\hotspot\share\prims\jni.cpp, line 516]
Event: 22.944 Thread 0x0000022eeccd2f50 Exception <a 'java/lang/NoSuchMethodError'{0x00000000c67188c0}: 'java.lang.String org.apache.maven.execution.MavenExecutionRequest.getFailureBehavior()'> (0x00000000c67188c0) 
thrown [s\open\src\hotspot\share\interpreter\linkResolver.cpp, line 855]
Event: 23.159 Thread 0x0000022eecac13c0 Exception <a 'java/lang/NoSuchMethodError'{0x00000000c6789268}: 'java.lang.Object java.lang.invoke.DirectMethodHandle$Holder.invokeStatic(java.lang.Object, java.lang.Object, long, java.lang.Object)'> (0x00000000c6789268) 
thrown [s\open\src\hotspot\share\interpreter\linkResolver.cpp, line 759]
Event: 23.160 Thread 0x0000022eecac13c0 Exception <a 'java/lang/NoSuchMethodError'{0x00000000c67db6d8}: 'java.lang.Object java.lang.invoke.DirectMethodHandle$Holder.invokeStaticInit(java.lang.Object, java.lang.Object, long, java.lang.Object)'> (0x00000000c67db6d8) 
thrown [s\open\src\hotspot\share\interpreter\linkResolver.cpp, line 759]
Event: 23.163 Thread 0x0000022eecac13c0 Exception <a 'java/lang/NoSuchMethodError'{0x00000000c67e1ce8}: 'java.lang.Object java.lang.invoke.DirectMethodHandle$Holder.newInvokeSpecial(java.lang.Object, java.lang.Object, long)'> (0x00000000c67e1ce8) 
thrown [s\open\src\hotspot\share\interpreter\linkResolver.cpp, line 759]
Event: 23.164 Thread 0x0000022eecac13c0 Exception <a 'java/lang/NoSuchMethodError'{0x00000000c67e5858}: 'java.lang.Object java.lang.invoke.Invokers$Holder.linkToTargetMethod(java.lang.Object, long, java.lang.Object)'> (0x00000000c67e5858) 
thrown [s\open\src\hotspot\share\interpreter\linkResolver.cpp, line 759]
Event: 23.444 Thread 0x0000022eeccd2f50 Exception <a 'java/lang/NoSuchMethodError'{0x00000000c663d3f0}: 'java.lang.Object java.lang.invoke.DirectMethodHandle$Holder.invokeStaticInit(java.lang.Object, java.lang.Object, int, int, int, int)'> (0x00000000c663d3f0) 
thrown [s\open\src\hotspot\share\interpreter\linkResolver.cpp, line 759]
Event: 23.595 Thread 0x0000022eeccd2f50 Exception <a 'java/lang/NoSuchMethodError'{0x00000000c64bef40}: 'int java.lang.invoke.DirectMethodHandle$Holder.invokeSpecialIFC(java.lang.Object, java.lang.Object, java.lang.Object, java.lang.Object)'> (0x00000000c64bef40) 
thrown [s\open\src\hotspot\share\interpreter\linkResolver.cpp, line 759]
Event: 25.394 Thread 0x0000022eeccd2f50 Exception <a 'java/lang/NoSuchMethodError'{0x00000000c5e4eb30}: 'void java.lang.invoke.DirectMethodHandle$Holder.invokeStatic(java.lang.Object, long)'> (0x00000000c5e4eb30) 
thrown [s\open\src\hotspot\share\interpreter\linkResolver.cpp, line 759]
Event: 25.395 Thread 0x0000022eeccd2f50 Exception <a 'java/lang/NoSuchMethodError'{0x00000000c5e6a2b8}: 'java.lang.Object java.lang.invoke.DirectMethodHandle$Holder.newInvokeSpecial(java.lang.Object, long)'> (0x00000000c5e6a2b8) 
thrown [s\open\src\hotspot\share\interpreter\linkResolver.cpp, line 759]

VM Operations (20 events):
Event: 22.699 Executing VM operation: G1CollectForAllocation
Event: 22.702 Executing VM operation: G1CollectForAllocation done
Event: 22.838 Executing VM operation: G1CollectForAllocation
Event: 22.843 Executing VM operation: G1CollectForAllocation done
Event: 23.931 Executing VM operation: G1CollectForAllocation
Event: 23.934 Executing VM operation: G1CollectForAllocation done
Event: 23.983 Executing VM operation: G1Concurrent
Event: 23.994 Executing VM operation: G1Concurrent done
Event: 24.020 Executing VM operation: G1Concurrent
Event: 24.032 Executing VM operation: G1Concurrent done
Event: 24.230 Executing VM operation: HandshakeAllThreads
Event: 24.236 Executing VM operation: HandshakeAllThreads done
Event: 25.236 Executing VM operation: Cleanup
Event: 25.236 Executing VM operation: Cleanup done
Event: 25.397 Executing VM operation: HandshakeAllThreads
Event: 25.397 Executing VM operation: HandshakeAllThreads done
Event: 25.400 Executing VM operation: HandshakeAllThreads
Event: 25.400 Executing VM operation: HandshakeAllThreads done
Event: 26.400 Executing VM operation: Cleanup
Event: 26.400 Executing VM operation: Cleanup done

Events (20 events):
Event: 24.610 loading class java/util/DualPivotQuicksort done
Event: 24.614 loading class java/lang/IllegalThreadStateException
Event: 24.614 loading class java/lang/IllegalThreadStateException done
Event: 24.617 loading class java/lang/ProcessBuilder
Event: 24.618 loading class java/lang/ProcessBuilder done
Event: 24.619 loading class java/lang/ProcessImpl
Event: 24.620 loading class java/lang/Process
Event: 24.621 loading class java/lang/Process done
Event: 24.621 loading class java/lang/ProcessImpl done
Event: 25.396 loading class java/lang/ProcessImpl$2
Event: 25.396 loading class java/lang/ProcessImpl$2 done
Event: 25.396 loading class java/lang/Process$PipeInputStream
Event: 25.396 loading class java/lang/Process$PipeInputStream done
Event: 25.397 loading class jdk/internal/event/ProcessStartEvent
Event: 25.399 loading class jdk/internal/event/ProcessStartEvent done
Event: 25.404 Thread 0x0000022eecac1890 Thread added: 0x0000022eecac1890
Event: 25.404 Thread 0x0000022eecac3a40 Thread added: 0x0000022eecac3a40
Event: 25.404 Thread 0x0000022eecac2700 Thread added: 0x0000022eecac2700
Event: 28.082 loading class java/io/SequenceInputStream
Event: 28.083 loading class java/io/SequenceInputStream done


Dynamic libraries:
0x00007ff644900000 - 0x00007ff644910000 	C:\Program Files\Java\jdk-17\bin\java.exe
0x00007ffa21330000 - 0x00007ffa21528000 	C:\WINDOWS\SYSTEM32\ntdll.dll
0x00007ffa20f50000 - 0x00007ffa2100d000 	C:\WINDOWS\System32\KERNEL32.DLL
0x00007ffa1ef40000 - 0x00007ffa1f236000 	C:\WINDOWS\System32\KERNELBASE.dll
0x00007ffa1e9e0000 - 0x00007ffa1eae0000 	C:\WINDOWS\System32\ucrtbase.dll
0x00007ff9f5e80000 - 0x00007ff9f5e99000 	C:\Program Files\Java\jdk-17\bin\jli.dll
0x00007ffa1fb60000 - 0x00007ffa1fc10000 	C:\WINDOWS\System32\ADVAPI32.dll
0x00007ffa20eb0000 - 0x00007ffa20f4e000 	C:\WINDOWS\System32\msvcrt.dll
0x00007ffa211e0000 - 0x00007ffa21280000 	C:\WINDOWS\System32\sechost.dll
0x00007ffa20080000 - 0x00007ffa201a5000 	C:\WINDOWS\System32\RPCRT4.dll
0x00007ffa1f240000 - 0x00007ffa1f267000 	C:\WINDOWS\System32\bcrypt.dll
0x00007ff9f5e60000 - 0x00007ff9f5e7b000 	C:\Program Files\Java\jdk-17\bin\VCRUNTIME140.dll
0x00007ffa098b0000 - 0x00007ffa09b4a000 	C:\WINDOWS\WinSxS\amd64_microsoft.windows.common-controls_6595b64144ccf1df_6.0.19041.3636_none_60b6a03d71f818d5\COMCTL32.dll
0x00007ffa1fb30000 - 0x00007ffa1fb5b000 	C:\WINDOWS\System32\GDI32.dll
0x00007ffa1eae0000 - 0x00007ffa1eb02000 	C:\WINDOWS\System32\win32u.dll
0x00007ffa1eb80000 - 0x00007ffa1ec97000 	C:\WINDOWS\System32\gdi32full.dll
0x00007ffa1f2c0000 - 0x00007ffa1f35d000 	C:\WINDOWS\System32\msvcp_win.dll
0x00007ffa20620000 - 0x00007ffa207be000 	C:\WINDOWS\System32\USER32.dll
0x00007ffa1e640000 - 0x00007ffa1e64a000 	C:\WINDOWS\SYSTEM32\VERSION.dll
0x0000000065830000 - 0x000000006583c000 	C:\Program Files (x86)\360\Total Security\safemon\SafeWrapper.dll
0x00007ff9f5d40000 - 0x00007ff9f5dd2000 	C:\Program Files (x86)\360\Total Security\safemon\libzdtp64.dll
0x00007ffa1f3a0000 - 0x00007ffa1fb0b000 	C:\WINDOWS\System32\SHELL32.dll
0x00007ffa20a30000 - 0x00007ffa20a85000 	C:\WINDOWS\System32\SHLWAPI.dll
0x00007ff9f5e50000 - 0x00007ff9f5e5c000 	C:\Program Files\Java\jdk-17\bin\vcruntime140_1.dll
0x00007ff9f5cb0000 - 0x00007ff9f5d3e000 	C:\Program Files\Java\jdk-17\bin\msvcp140.dll
0x00007ff9f4f80000 - 0x00007ff9f5b5d000 	C:\Program Files\Java\jdk-17\bin\server\jvm.dll
0x00007ffa20990000 - 0x00007ffa20998000 	C:\WINDOWS\System32\PSAPI.DLL
0x00007ff9f5ca0000 - 0x00007ff9f5ca9000 	C:\WINDOWS\SYSTEM32\WSOCK32.dll
0x00007ffa21280000 - 0x00007ffa212eb000 	C:\WINDOWS\System32\WS2_32.dll
0x00007ffa092c0000 - 0x00007ffa092e7000 	C:\WINDOWS\SYSTEM32\WINMM.dll
0x00007ffa1d1b0000 - 0x00007ffa1d1c2000 	C:\WINDOWS\SYSTEM32\kernel.appcore.dll
0x00007ff9f5b90000 - 0x00007ff9f5b9a000 	C:\Program Files\Java\jdk-17\bin\jimage.dll
0x00007ffa1cf40000 - 0x00007ffa1d124000 	C:\WINDOWS\SYSTEM32\DBGHELP.DLL
0x00007ffa0b250000 - 0x00007ffa0b284000 	C:\WINDOWS\SYSTEM32\dbgcore.DLL
0x00007ffa1eeb0000 - 0x00007ffa1ef32000 	C:\WINDOWS\System32\bcryptPrimitives.dll
0x00007ff9f4d00000 - 0x00007ff9f4d25000 	C:\Program Files\Java\jdk-17\bin\java.dll
0x00007ff9f4750000 - 0x00007ff9f4827000 	C:\Program Files\Java\jdk-17\bin\jsvml.dll
0x00007ffa1c6d0000 - 0x00007ffa1ce6e000 	C:\WINDOWS\SYSTEM32\windows.storage.dll
0x00007ffa1fd20000 - 0x00007ffa20073000 	C:\WINDOWS\System32\combase.dll
0x00007ffa1e2d0000 - 0x00007ffa1e2fe000 	C:\WINDOWS\SYSTEM32\Wldp.dll
0x00007ffa20de0000 - 0x00007ffa20ead000 	C:\WINDOWS\System32\OLEAUT32.dll
0x00007ffa1fc10000 - 0x00007ffa1fcbd000 	C:\WINDOWS\System32\SHCORE.dll
0x00007ffa1e910000 - 0x00007ffa1e935000 	C:\WINDOWS\SYSTEM32\profapi.dll
0x00007ff9f41a0000 - 0x00007ff9f41b9000 	C:\Program Files\Java\jdk-17\bin\net.dll
0x00007ffa0d4f0000 - 0x00007ffa0d5fa000 	C:\WINDOWS\SYSTEM32\WINHTTP.dll
0x00007ffa1e030000 - 0x00007ffa1e09a000 	C:\WINDOWS\system32\mswsock.dll
0x00007ff9f4180000 - 0x00007ff9f4196000 	C:\Program Files\Java\jdk-17\bin\nio.dll
0x00007ff9f4560000 - 0x00007ff9f4578000 	C:\Program Files\Java\jdk-17\bin\zip.dll
0x00007ffa1dd20000 - 0x00007ffa1dd5b000 	C:\WINDOWS\SYSTEM32\IPHLPAPI.DLL
0x00007ffa20c20000 - 0x00007ffa20c28000 	C:\WINDOWS\System32\NSI.dll
0x00007ffa0d2d0000 - 0x00007ffa0d2e7000 	C:\WINDOWS\SYSTEM32\dhcpcsvc6.DLL
0x00007ffa12a20000 - 0x00007ffa12a3d000 	C:\WINDOWS\SYSTEM32\dhcpcsvc.DLL
0x00007ffa1dd60000 - 0x00007ffa1de2b000 	C:\WINDOWS\SYSTEM32\DNSAPI.dll
0x00007ff9ec4b0000 - 0x00007ff9ec641000 	C:\Program Files\Java\jdk-17\bin\awt.dll
0x00007ffa18cb0000 - 0x00007ffa18d40000 	C:\WINDOWS\SYSTEM32\apphelp.dll
0x00007ffa07640000 - 0x00007ffa07650000 	C:\Program Files\Java\jdk-17\bin\verify.dll
0x0000000069ac0000 - 0x0000000069ae4000 	C:\Windows\Temp\jansi-2.4.0-efb692eddcd600db-jansi.dll
0x00007ffa1e220000 - 0x00007ffa1e238000 	C:\WINDOWS\SYSTEM32\CRYPTSP.dll
0x00007ffa1d960000 - 0x00007ffa1d994000 	C:\WINDOWS\system32\rsaenh.dll
0x00007ffa1e240000 - 0x00007ffa1e24c000 	C:\WINDOWS\SYSTEM32\CRYPTBASE.dll

dbghelp: loaded successfully - version: 4.0.5 - missing functions: none
symbol engine: initialized successfully - sym options: 0x614 - pdb path: .;C:\Program Files\Java\jdk-17\bin;C:\WINDOWS\SYSTEM32;C:\WINDOWS\WinSxS\amd64_microsoft.windows.common-controls_6595b64144ccf1df_6.0.19041.3636_none_60b6a03d71f818d5;C:\Program Files (x86)\360\Total Security\safemon;C:\Program Files\Java\jdk-17\bin\server;C:\Windows\Temp

VM Arguments:
java_command: jenkins.maven3.agent.Maven35Main D:\Software\apache-maven-3.9.2 C:\ProgramData\Jenkins\war\WEB-INF\lib\remoting-3206.vb_15dcf73f6a_9.jar C:\ProgramData\Jenkins\.jenkins\plugins\maven-plugin\WEB-INF\lib\maven35-interceptor-1.14.jar C:\ProgramData\Jenkins\.jenkins\plugins\maven-plugin\WEB-INF\lib\maven3-interceptor-commons-1.14.jar 63540
java_class_path (initial): C:\ProgramData\Jenkins\.jenkins\plugins\maven-plugin\WEB-INF\lib\maven35-agent-1.14.jar;D:\Software\apache-maven-3.9.2\boot\plexus-classworlds-2.7.0.jar;D:\Software\apache-maven-3.9.2/conf/logging
Launcher Type: SUN_STANDARD

[Global flags]
     intx CICompilerCount                          = 3                                         {product} {ergonomic}
     uint ConcGCThreads                            = 1                                         {product} {ergonomic}
     uint G1ConcRefinementThreads                  = 4                                         {product} {ergonomic}
   size_t G1HeapRegionSize                         = 1048576                                   {product} {ergonomic}
    uintx GCDrainStackTargetSize                   = 64                                        {product} {ergonomic}
   size_t InitialHeapSize                          = 65011712                                  {product} {ergonomic}
   size_t MarkStackSize                            = 4194304                                   {product} {ergonomic}
   size_t MaxHeapSize                              = 1038090240                                {product} {ergonomic}
   size_t MaxNewSize                               = 622854144                                 {product} {ergonomic}
   size_t MinHeapDeltaBytes                        = 1048576                                   {product} {ergonomic}
   size_t MinHeapSize                              = 8388608                                   {product} {ergonomic}
    uintx NonNMethodCodeHeapSize                   = 5832780                                {pd product} {ergonomic}
    uintx NonProfiledCodeHeapSize                  = 122912730                              {pd product} {ergonomic}
    uintx ProfiledCodeHeapSize                     = 122912730                              {pd product} {ergonomic}
    uintx ReservedCodeCacheSize                    = 251658240                              {pd product} {ergonomic}
     bool SegmentedCodeCache                       = true                                      {product} {ergonomic}
   size_t SoftMaxHeapSize                          = 1038090240                             {manageable} {ergonomic}
     bool UseCompressedClassPointers               = true                           {product lp64_product} {ergonomic}
     bool UseCompressedOops                        = true                           {product lp64_product} {ergonomic}
     bool UseG1GC                                  = true                                      {product} {ergonomic}
     bool UseLargePagesIndividualAllocation        = false                                  {pd product} {ergonomic}

Logging:
Log output configuration:
 #0: stdout all=warning uptime,level,tags
 #1: stderr all=off uptime,level,tags

Environment Variables:
JAVA_HOME=C:\Program Files\Java\jdk-17
PATH=D:\Software\apache-maven-3.9.2/bin;C:\Program Files\Java\jdk-17/bin;C:\Program Files\Java\jdk-17/bin;C:\Program Files\Common Files\Oracle\Java\javapath;C:\WINDOWS\system32;C:\WINDOWS;C:\WINDOWS\System32\Wbem;C:\WINDOWS\System32\WindowsPowerShell\v1.0\;C:\WINDOWS\System32\OpenSSH\;C:\Program Files\Java\jdk-17\bin;D:\Software\apache-maven-3.9.2\bin;C:\Program Files\Git\cmd;C:\Program Files\nodejs\;C:\WINDOWS\system32\config\systemprofile\AppData\Local\Microsoft\WindowsApps
USERNAME=DESKTOP-B0DD0C2$
OS=Windows_NT
PROCESSOR_IDENTIFIER=Intel64 Family 6 Model 142 Stepping 12, GenuineIntel



---------------  S Y S T E M  ---------------

OS:
 Windows 10 , 64 bit Build 19041 (10.0.19041.3636)
OS uptime: 3 days 0:55 hours

CPU: total 4 (initial active 4) (2 cores per cpu, 2 threads per core) family 6 model 142 stepping 12 microcode 0xf8, cx8, cmov, fxsr, ht, mmx, 3dnowpref, sse, sse2, sse3, ssse3, sse4.1, sse4.2, popcnt, lzcnt, tsc, tscinvbit, avx, avx2, aes, erms, clmul, bmi1, bmi2, adx, fma, vzeroupper, clflush, clflushopt

Memory: 4k page, system-wide physical 3958M (116M free)
TotalPageFile size 16246M (AvailPageFile size 0M)
current process WorkingSet (physical memory assigned to process): 169M, peak: 197M
current process commit charge ("private bytes"): 221M, peak: 246M

vm_info: Java HotSpot(TM) 64-Bit Server VM (17.0.7+8-LTS-224) for windows-amd64 JRE (17.0.7+8-LTS-224), built on Feb 28 2023 23:03:02 by "mach5one" with MS VC++ 17.1 (VS2022)

END.
