#
# There is insufficient memory for the Java Runtime Environment to continue.
# Native memory allocation (malloc) failed to allocate 1184848 bytes for Chunk::new
# Possible reasons:
#   The system is out of physical RAM or swap space
#   The process is running with CompressedOops enabled, and the Java Heap may be blocking the growth of the native heap
# Possible solutions:
#   Reduce memory load on the system
#   Increase physical memory or swap space
#   Check if swap backing store is full
#   Decrease Java heap size (-Xmx/-Xms)
#   Decrease number of Java threads
#   Decrease Java thread stack sizes (-Xss)
#   Set larger code cache with -XX:ReservedCodeCacheSize=
#   JVM is running with Unscaled Compressed Oops mode in which the Java heap is
#     placed in the first 4GB address space. The Java Heap base address is the
#     maximum limit for the native heap growth. Please use -XX:HeapBaseMinAddress
#     to set the Java Heap base and to place the Java Heap above 4GB virtual address.
# This output file may be truncated or incomplete.
#
#  Out of Memory Error (arena.cpp:189), pid=36532, tid=30740
#
# JRE version: Java(TM) SE Runtime Environment (17.0.7+8) (build 17.0.7+8-LTS-224)
# Java VM: Java HotSpot(TM) 64-Bit Server VM (17.0.7+8-LTS-224, mixed mode, sharing, tiered, compressed oops, compressed class ptrs, g1 gc, windows-amd64)
# No core dump will be written. Minidumps are not enabled by default on client versions of Windows
#

---------------  S U M M A R Y ------------

Command Line: jenkins.maven3.agent.Maven35Main D:\Software\apache-maven-3.9.2 C:\ProgramData\Jenkins\war\WEB-INF\lib\remoting-3206.vb_15dcf73f6a_9.jar C:\ProgramData\Jenkins\.jenkins\plugins\maven-plugin\WEB-INF\lib\maven35-interceptor-1.14.jar C:\ProgramData\Jenkins\.jenkins\plugins\maven-plugin\WEB-INF\lib\maven3-interceptor-commons-1.14.jar 65206

Host: Intel(R) Core(TM) i3-8145U CPU @ 2.10GHz, 4 cores, 3G,  Windows 10 , 64 bit Build 19041 (10.0.19041.3636)
Time: Tue May 21 23:01:09 2024 India Standard Time elapsed time: 13.402458 seconds (0d 0h 0m 13s)

---------------  T H R E A D  ---------------

Current thread (0x00000185b54715f0):  JavaThread "C2 CompilerThread0" daemon [_thread_in_native, id=30740, stack(0x0000004092d00000,0x0000004092e00000)]


Current CompileTask:
C2:  13402 6990   !   4       sun.nio.cs.StreamDecoder::read (196 bytes)

Stack: [0x0000004092d00000,0x0000004092e00000]
Native frames: (J=compiled Java code, j=interpreted, Vv=VM code, C=native code)
V  [jvm.dll+0x676a4a]
V  [jvm.dll+0x7d74f4]
V  [jvm.dll+0x7d8c9e]
V  [jvm.dll+0x7d9303]
V  [jvm.dll+0x2452c5]
V  [jvm.dll+0xaaa2b]
V  [jvm.dll+0xaafcc]
V  [jvm.dll+0x36141e]
V  [jvm.dll+0x1bb55a]
V  [jvm.dll+0x217c27]
V  [jvm.dll+0x216f01]
V  [jvm.dll+0x1a35e0]
V  [jvm.dll+0x226a6e]
V  [jvm.dll+0x224e15]
V  [jvm.dll+0x78d05c]
V  [jvm.dll+0x78759a]
V  [jvm.dll+0x675875]
C  [ucrtbase.dll+0x21bb2]
C  [KERNEL32.DLL+0x17344]
C  [ntdll.dll+0x526b1]


---------------  P R O C E S S  ---------------

Threads class SMR info:
_java_thread_list=0x00000185b7882890, length=29, elements={
0x000001859a2bf450, 0x00000185b54511d0, 0x00000185b5451d80, 0x00000185b5461840,
0x00000185b54623f0, 0x00000185b5464eb0, 0x00000185b5468c50, 0x00000185b54715f0,
0x00000185b547d3f0, 0x00000185b547ece0, 0x00000185b6075ff0, 0x00000185b607f350,
0x00000185b6270140, 0x00000185b62adbd0, 0x00000185b62ae0a0, 0x00000185b62ae570,
0x00000185b62aa6c0, 0x00000185b68c76e0, 0x00000185b701caa0, 0x00000185b701dde0,
0x00000185b701e780, 0x00000185b701c5d0, 0x00000185b701ec50, 0x00000185b701cf70,
0x00000185b701d440, 0x00000185b701e2b0, 0x00000185b913e410, 0x00000185b91400f0,
0x00000185b9141430
}

Java Threads: ( => current thread )
  0x000001859a2bf450 JavaThread "main" [_thread_blocked, id=2728, stack(0x0000004092000000,0x0000004092100000)]
  0x00000185b54511d0 JavaThread "Reference Handler" daemon [_thread_blocked, id=68820, stack(0x0000004092700000,0x0000004092800000)]
  0x00000185b5451d80 JavaThread "Finalizer" daemon [_thread_blocked, id=44148, stack(0x0000004092800000,0x0000004092900000)]
  0x00000185b5461840 JavaThread "Signal Dispatcher" daemon [_thread_blocked, id=38644, stack(0x0000004092900000,0x0000004092a00000)]
  0x00000185b54623f0 JavaThread "Attach Listener" daemon [_thread_blocked, id=58476, stack(0x0000004092a00000,0x0000004092b00000)]
  0x00000185b5464eb0 JavaThread "Service Thread" daemon [_thread_blocked, id=28956, stack(0x0000004092b00000,0x0000004092c00000)]
  0x00000185b5468c50 JavaThread "Monitor Deflation Thread" daemon [_thread_blocked, id=10860, stack(0x0000004092c00000,0x0000004092d00000)]
=>0x00000185b54715f0 JavaThread "C2 CompilerThread0" daemon [_thread_in_native, id=30740, stack(0x0000004092d00000,0x0000004092e00000)]
  0x00000185b547d3f0 JavaThread "C1 CompilerThread0" daemon [_thread_blocked, id=69136, stack(0x0000004092e00000,0x0000004092f00000)]
  0x00000185b547ece0 JavaThread "Sweeper thread" daemon [_thread_blocked, id=2120, stack(0x0000004092f00000,0x0000004093000000)]
  0x00000185b6075ff0 JavaThread "Notification Thread" daemon [_thread_blocked, id=29888, stack(0x0000004093000000,0x0000004093100000)]
  0x00000185b607f350 JavaThread "Common-Cleaner" daemon [_thread_blocked, id=44420, stack(0x0000004093200000,0x0000004093300000)]
  0x00000185b6270140 JavaThread "RemoteInvocationHandler [#1]" daemon [_thread_blocked, id=22740, stack(0x0000004093300000,0x0000004093400000)]
  0x00000185b62adbd0 JavaThread "Channel reader thread: channel" [_thread_in_native, id=21060, stack(0x0000004093400000,0x0000004093500000)]
  0x00000185b62ae0a0 JavaThread "pool-1-thread-1 for channel id=386" [_thread_in_native, id=40772, stack(0x0000004093500000,0x0000004093600000)]
  0x00000185b62ae570 JavaThread "pool-1-thread-2" [_thread_blocked, id=30184, stack(0x0000004093600000,0x0000004093700000)]
  0x00000185b62aa6c0 JavaThread "pool-1-thread-3" [_thread_blocked, id=47040, stack(0x0000004093700000,0x0000004093800000)]
  0x00000185b68c76e0 JavaThread "pool-1-thread-4" [_thread_blocked, id=20076, stack(0x0000004093b00000,0x0000004093c00000)]
  0x00000185b701caa0 JavaThread "resolver-1" daemon [_thread_blocked, id=35244, stack(0x0000004093c00000,0x0000004093d00000)]
  0x00000185b701dde0 JavaThread "resolver-2" daemon [_thread_blocked, id=43836, stack(0x0000004093d00000,0x0000004093e00000)]
  0x00000185b701e780 JavaThread "resolver-3" daemon [_thread_blocked, id=21224, stack(0x0000004093e00000,0x0000004093f00000)]
  0x00000185b701c5d0 JavaThread "resolver-4" daemon [_thread_blocked, id=13776, stack(0x0000004093f00000,0x0000004094000000)]
  0x00000185b701ec50 JavaThread "resolver-5" daemon [_thread_blocked, id=31964, stack(0x0000004094000000,0x0000004094100000)]
  0x00000185b701cf70 JavaThread "timeout-check-timer" daemon [_thread_blocked, id=20656, stack(0x0000004094100000,0x0000004094200000)]
  0x00000185b701d440 JavaThread "ping-timer-10s" daemon [_thread_blocked, id=70316, stack(0x0000004094200000,0x0000004094300000)]
  0x00000185b701e2b0 JavaThread "ThreadedStreamConsumer" daemon [_thread_in_vm, id=20032, stack(0x0000004094300000,0x0000004094400000)]
  0x00000185b913e410 JavaThread "Thread-2" [_thread_blocked, id=27880, stack(0x0000004094400000,0x0000004094500000)]
  0x00000185b91400f0 JavaThread "Thread-3" [_thread_in_native, id=45288, stack(0x0000004094500000,0x0000004094600000)]
  0x00000185b9141430 JavaThread "Thread-4" [_thread_in_native, id=26036, stack(0x0000004094600000,0x0000004094700000)]

Other Threads:
  0x000001859a37b730 VMThread "VM Thread" [stack: 0x0000004092600000,0x0000004092700000] [id=33440]
  0x00000185b6076ad0 WatcherThread [stack: 0x0000004093100000,0x0000004093200000] [id=30732]
  0x000001859a2f9390 GCTaskThread "GC Thread#0" [stack: 0x0000004092100000,0x0000004092200000] [id=38820]
  0x00000185b6894f70 GCTaskThread "GC Thread#1" [stack: 0x0000004093800000,0x0000004093900000] [id=54468]
  0x00000185b682e6e0 GCTaskThread "GC Thread#2" [stack: 0x0000004093900000,0x0000004093a00000] [id=26124]
  0x00000185b682e990 GCTaskThread "GC Thread#3" [stack: 0x0000004093a00000,0x0000004093b00000] [id=66428]
  0x000001859a303950 ConcurrentGCThread "G1 Main Marker" [stack: 0x0000004092200000,0x0000004092300000] [id=21260]
  0x000001859a304200 ConcurrentGCThread "G1 Conc#0" [stack: 0x0000004092300000,0x0000004092400000] [id=54636]
  0x000001859a344060 ConcurrentGCThread "G1 Refine#0" [stack: 0x0000004092400000,0x0000004092500000] [id=65036]
  0x000001859a346930 ConcurrentGCThread "G1 Service" [stack: 0x0000004092500000,0x0000004092600000] [id=43004]

Threads with active compile tasks:
C2 CompilerThread0    13449 6990   !   4       sun.nio.cs.StreamDecoder::read (196 bytes)

VM state: not at safepoint (normal execution)

VM Mutex/Monitor currently owned by a thread: None

Heap address: 0x00000000c2200000, size: 990 MB, Compressed Oops mode: 32-bit

CDS archive(s) mapped at: [0x0000000800000000-0x0000000800bd0000-0x0000000800bd0000), size 12386304, SharedBaseAddress: 0x0000000800000000, ArchiveRelocationMode: 0.
Compressed class space mapped at: 0x0000000800c00000-0x0000000840c00000, reserved size: 1073741824
Narrow klass base: 0x0000000800000000, Narrow klass shift: 0, Narrow klass range: 0x100000000

GC Precious Log:
 CPUs: 4 total, 4 available
 Memory: 3958M
 Large Page Support: Disabled
 NUMA Support: Disabled
 Compressed Oops: Enabled (32-bit)
 Heap Region Size: 1M
 Heap Min Capacity: 8M
 Heap Initial Capacity: 62M
 Heap Max Capacity: 990M
 Pre-touch: Disabled
 Parallel Workers: 4
 Concurrent Workers: 1
 Concurrent Refinement Workers: 4
 Periodic GC: Disabled

Heap:
 garbage-first heap   total 96256K, used 64068K [0x00000000c2200000, 0x0000000100000000)
  region size 1024K, 24 young (24576K), 1 survivors (1024K)
 Metaspace       used 33125K, committed 33600K, reserved 1081344K
  class space    used 3706K, committed 3968K, reserved 1048576K

Heap Regions: E=young(eden), S=young(survivor), O=old, HS=humongous(starts), HC=humongous(continues), CS=collection set, F=free, OA=open archive, CA=closed archive, TAMS=top-at-mark-start (previous, next)
|   0|0x00000000c2200000, 0x00000000c2300000, 0x00000000c2300000|100%|HS|  |TAMS 0x00000000c2300000, 0x00000000c2200000| Complete 
|   1|0x00000000c2300000, 0x00000000c2400000, 0x00000000c2400000|100%|HC|  |TAMS 0x00000000c2400000, 0x00000000c2300000| Complete 
|   2|0x00000000c2400000, 0x00000000c2500000, 0x00000000c2500000|100%|HS|  |TAMS 0x00000000c2500000, 0x00000000c2400000| Complete 
|   3|0x00000000c2500000, 0x00000000c2600000, 0x00000000c2600000|100%|HC|  |TAMS 0x00000000c2600000, 0x00000000c2500000| Complete 
|   4|0x00000000c2600000, 0x00000000c2700000, 0x00000000c2700000|100%| O|  |TAMS 0x00000000c2700000, 0x00000000c2600000| Untracked 
|   5|0x00000000c2700000, 0x00000000c2800000, 0x00000000c2800000|100%| O|  |TAMS 0x00000000c2800000, 0x00000000c2700000| Untracked 
|   6|0x00000000c2800000, 0x00000000c2900000, 0x00000000c2900000|100%| O|  |TAMS 0x00000000c2900000, 0x00000000c2800000| Untracked 
|   7|0x00000000c2900000, 0x00000000c2a00000, 0x00000000c2a00000|100%| O|  |TAMS 0x00000000c2a00000, 0x00000000c2900000| Untracked 
|   8|0x00000000c2a00000, 0x00000000c2b00000, 0x00000000c2b00000|100%| O|  |TAMS 0x00000000c2b00000, 0x00000000c2a00000| Untracked 
|   9|0x00000000c2b00000, 0x00000000c2c00000, 0x00000000c2c00000|100%| O|  |TAMS 0x00000000c2c00000, 0x00000000c2b00000| Untracked 
|  10|0x00000000c2c00000, 0x00000000c2d00000, 0x00000000c2d00000|100%| O|  |TAMS 0x00000000c2d00000, 0x00000000c2c00000| Untracked 
|  11|0x00000000c2d00000, 0x00000000c2e00000, 0x00000000c2e00000|100%| O|  |TAMS 0x00000000c2e00000, 0x00000000c2d00000| Untracked 
|  12|0x00000000c2e00000, 0x00000000c2f00000, 0x00000000c2f00000|100%| O|  |TAMS 0x00000000c2f00000, 0x00000000c2e00000| Untracked 
|  13|0x00000000c2f00000, 0x00000000c3000000, 0x00000000c3000000|100%| O|  |TAMS 0x00000000c3000000, 0x00000000c2f00000| Untracked 
|  14|0x00000000c3000000, 0x00000000c3100000, 0x00000000c3100000|100%| O|  |TAMS 0x00000000c3100000, 0x00000000c3000000| Untracked 
|  15|0x00000000c3100000, 0x00000000c3200000, 0x00000000c3200000|100%| O|  |TAMS 0x00000000c3200000, 0x00000000c3100000| Untracked 
|  16|0x00000000c3200000, 0x00000000c3300000, 0x00000000c3300000|100%| O|  |TAMS 0x00000000c3300000, 0x00000000c3200000| Untracked 
|  17|0x00000000c3300000, 0x00000000c3300000, 0x00000000c3400000|  0%| F|  |TAMS 0x00000000c3300000, 0x00000000c3300000| Untracked 
|  18|0x00000000c3400000, 0x00000000c3500000, 0x00000000c3500000|100%|HS|  |TAMS 0x00000000c3500000, 0x00000000c3400000| Complete 
|  19|0x00000000c3500000, 0x00000000c3600000, 0x00000000c3600000|100%| O|  |TAMS 0x00000000c3500000, 0x00000000c3500000| Untracked 
|  20|0x00000000c3600000, 0x00000000c3700000, 0x00000000c3700000|100%| O|  |TAMS 0x00000000c3700000, 0x00000000c3600000| Untracked 
|  21|0x00000000c3700000, 0x00000000c3800000, 0x00000000c3800000|100%| O|  |TAMS 0x00000000c3800000, 0x00000000c3700000| Untracked 
|  22|0x00000000c3800000, 0x00000000c3900000, 0x00000000c3900000|100%| O|  |TAMS 0x00000000c3900000, 0x00000000c3800000| Untracked 
|  23|0x00000000c3900000, 0x00000000c3a00000, 0x00000000c3a00000|100%| O|  |TAMS 0x00000000c3a00000, 0x00000000c3900000| Untracked 
|  24|0x00000000c3a00000, 0x00000000c3b00000, 0x00000000c3b00000|100%| O|  |TAMS 0x00000000c3b00000, 0x00000000c3a00000| Untracked 
|  25|0x00000000c3b00000, 0x00000000c3c00000, 0x00000000c3c00000|100%| O|  |TAMS 0x00000000c3c00000, 0x00000000c3b00000| Untracked 
|  26|0x00000000c3c00000, 0x00000000c3d00000, 0x00000000c3d00000|100%| O|  |TAMS 0x00000000c3c00000, 0x00000000c3c00000| Untracked 
|  27|0x00000000c3d00000, 0x00000000c3d00000, 0x00000000c3e00000|  0%| F|  |TAMS 0x00000000c3d00000, 0x00000000c3d00000| Untracked 
|  28|0x00000000c3e00000, 0x00000000c3f00000, 0x00000000c3f00000|100%| O|  |TAMS 0x00000000c3f00000, 0x00000000c3e00000| Untracked 
|  29|0x00000000c3f00000, 0x00000000c4000000, 0x00000000c4000000|100%| O|  |TAMS 0x00000000c4000000, 0x00000000c3f00000| Untracked 
|  30|0x00000000c4000000, 0x00000000c4100000, 0x00000000c4100000|100%| O|  |TAMS 0x00000000c4100000, 0x00000000c4000000| Untracked 
|  31|0x00000000c4100000, 0x00000000c4200000, 0x00000000c4200000|100%| O|  |TAMS 0x00000000c4200000, 0x00000000c4100000| Untracked 
|  32|0x00000000c4200000, 0x00000000c4300000, 0x00000000c4300000|100%| O|  |TAMS 0x00000000c4300000, 0x00000000c4200000| Untracked 
|  33|0x00000000c4300000, 0x00000000c4400000, 0x00000000c4400000|100%| O|  |TAMS 0x00000000c4400000, 0x00000000c4300000| Untracked 
|  34|0x00000000c4400000, 0x00000000c4500000, 0x00000000c4500000|100%| O|  |TAMS 0x00000000c4500000, 0x00000000c4400000| Untracked 
|  35|0x00000000c4500000, 0x00000000c4600000, 0x00000000c4600000|100%| O|  |TAMS 0x00000000c4600000, 0x00000000c4500000| Untracked 
|  36|0x00000000c4600000, 0x00000000c4700000, 0x00000000c4700000|100%| O|  |TAMS 0x00000000c4700000, 0x00000000c4600000| Untracked 
|  37|0x00000000c4700000, 0x00000000c4800000, 0x00000000c4800000|100%| O|  |TAMS 0x00000000c4800000, 0x00000000c4700000| Untracked 
|  38|0x00000000c4800000, 0x00000000c4900000, 0x00000000c4900000|100%| O|  |TAMS 0x00000000c4868608, 0x00000000c4800000| Untracked 
|  39|0x00000000c4900000, 0x00000000c4a00000, 0x00000000c4a00000|100%| O|  |TAMS 0x00000000c4900000, 0x00000000c4900000| Untracked 
|  40|0x00000000c4a00000, 0x00000000c4b00000, 0x00000000c4b00000|100%| O|  |TAMS 0x00000000c4a00000, 0x00000000c4a00000| Untracked 
|  41|0x00000000c4b00000, 0x00000000c4b58e00, 0x00000000c4c00000| 34%| O|  |TAMS 0x00000000c4b00000, 0x00000000c4b00000| Untracked 
|  42|0x00000000c4c00000, 0x00000000c4c00000, 0x00000000c4d00000|  0%| F|  |TAMS 0x00000000c4c00000, 0x00000000c4c00000| Untracked 
|  43|0x00000000c4d00000, 0x00000000c4d00000, 0x00000000c4e00000|  0%| F|  |TAMS 0x00000000c4d00000, 0x00000000c4d00000| Untracked 
|  44|0x00000000c4e00000, 0x00000000c4e00000, 0x00000000c4f00000|  0%| F|  |TAMS 0x00000000c4e00000, 0x00000000c4e00000| Untracked 
|  45|0x00000000c4f00000, 0x00000000c4f00000, 0x00000000c5000000|  0%| F|  |TAMS 0x00000000c4f00000, 0x00000000c4f00000| Untracked 
|  46|0x00000000c5000000, 0x00000000c5000000, 0x00000000c5100000|  0%| F|  |TAMS 0x00000000c5000000, 0x00000000c5000000| Untracked 
|  47|0x00000000c5100000, 0x00000000c5100000, 0x00000000c5200000|  0%| F|  |TAMS 0x00000000c5100000, 0x00000000c5100000| Untracked 
|  48|0x00000000c5200000, 0x00000000c5200000, 0x00000000c5300000|  0%| F|  |TAMS 0x00000000c5200000, 0x00000000c5200000| Untracked 
|  49|0x00000000c5300000, 0x00000000c5300000, 0x00000000c5400000|  0%| F|  |TAMS 0x00000000c5300000, 0x00000000c5300000| Untracked 
|  50|0x00000000c5400000, 0x00000000c5400000, 0x00000000c5500000|  0%| F|  |TAMS 0x00000000c5400000, 0x00000000c5400000| Untracked 
|  51|0x00000000c5500000, 0x00000000c5500000, 0x00000000c5600000|  0%| F|  |TAMS 0x00000000c5500000, 0x00000000c5500000| Untracked 
|  52|0x00000000c5600000, 0x00000000c5600000, 0x00000000c5700000|  0%| F|  |TAMS 0x00000000c5600000, 0x00000000c5600000| Untracked 
|  53|0x00000000c5700000, 0x00000000c5700000, 0x00000000c5800000|  0%| F|  |TAMS 0x00000000c5700000, 0x00000000c5700000| Untracked 
|  54|0x00000000c5800000, 0x00000000c5800000, 0x00000000c5900000|  0%| F|  |TAMS 0x00000000c5800000, 0x00000000c5800000| Untracked 
|  55|0x00000000c5900000, 0x00000000c5900000, 0x00000000c5a00000|  0%| F|  |TAMS 0x00000000c5900000, 0x00000000c5900000| Untracked 
|  56|0x00000000c5a00000, 0x00000000c5a00000, 0x00000000c5b00000|  0%| F|  |TAMS 0x00000000c5a00000, 0x00000000c5a00000| Untracked 
|  57|0x00000000c5b00000, 0x00000000c5b00000, 0x00000000c5c00000|  0%| F|  |TAMS 0x00000000c5b00000, 0x00000000c5b00000| Untracked 
|  58|0x00000000c5c00000, 0x00000000c5c00000, 0x00000000c5d00000|  0%| F|  |TAMS 0x00000000c5c00000, 0x00000000c5c00000| Untracked 
|  59|0x00000000c5d00000, 0x00000000c5d00000, 0x00000000c5e00000|  0%| F|  |TAMS 0x00000000c5d00000, 0x00000000c5d00000| Untracked 
|  60|0x00000000c5e00000, 0x00000000c5e00000, 0x00000000c5f00000|  0%| F|  |TAMS 0x00000000c5e00000, 0x00000000c5e00000| Untracked 
|  61|0x00000000c5f00000, 0x00000000c5f00000, 0x00000000c6000000|  0%| F|  |TAMS 0x00000000c5f00000, 0x00000000c5f00000| Untracked 
|  62|0x00000000c6000000, 0x00000000c6000000, 0x00000000c6100000|  0%| F|  |TAMS 0x00000000c6000000, 0x00000000c6000000| Untracked 
|  63|0x00000000c6100000, 0x00000000c6100000, 0x00000000c6200000|  0%| F|  |TAMS 0x00000000c6100000, 0x00000000c6100000| Untracked 
|  64|0x00000000c6200000, 0x00000000c6200000, 0x00000000c6300000|  0%| F|  |TAMS 0x00000000c6200000, 0x00000000c6200000| Untracked 
|  65|0x00000000c6300000, 0x00000000c6300000, 0x00000000c6400000|  0%| F|  |TAMS 0x00000000c6300000, 0x00000000c6300000| Untracked 
|  66|0x00000000c6400000, 0x00000000c6400000, 0x00000000c6500000|  0%| F|  |TAMS 0x00000000c6400000, 0x00000000c6400000| Untracked 
|  67|0x00000000c6500000, 0x00000000c6500000, 0x00000000c6600000|  0%| F|  |TAMS 0x00000000c6500000, 0x00000000c6500000| Untracked 
|  68|0x00000000c6600000, 0x00000000c6600000, 0x00000000c6700000|  0%| F|  |TAMS 0x00000000c6600000, 0x00000000c6600000| Untracked 
|  69|0x00000000c6700000, 0x00000000c6796068, 0x00000000c6800000| 58%| E|  |TAMS 0x00000000c6700000, 0x00000000c6700000| Complete 
|  70|0x00000000c6800000, 0x00000000c6900000, 0x00000000c6900000|100%| E|CS|TAMS 0x00000000c6800000, 0x00000000c6800000| Complete 
|  71|0x00000000c6900000, 0x00000000c6a00000, 0x00000000c6a00000|100%| E|CS|TAMS 0x00000000c6900000, 0x00000000c6900000| Complete 
|  72|0x00000000c6a00000, 0x00000000c6a382a0, 0x00000000c6b00000| 21%| S|CS|TAMS 0x00000000c6a00000, 0x00000000c6a00000| Complete 
|  73|0x00000000c6b00000, 0x00000000c6c00000, 0x00000000c6c00000|100%| E|CS|TAMS 0x00000000c6b00000, 0x00000000c6b00000| Complete 
|  74|0x00000000c6c00000, 0x00000000c6d00000, 0x00000000c6d00000|100%| E|CS|TAMS 0x00000000c6c00000, 0x00000000c6c00000| Complete 
|  75|0x00000000c6d00000, 0x00000000c6e00000, 0x00000000c6e00000|100%| E|CS|TAMS 0x00000000c6d00000, 0x00000000c6d00000| Complete 
|  76|0x00000000c6e00000, 0x00000000c6f00000, 0x00000000c6f00000|100%| E|CS|TAMS 0x00000000c6e00000, 0x00000000c6e00000| Complete 
|  77|0x00000000c6f00000, 0x00000000c7000000, 0x00000000c7000000|100%| E|CS|TAMS 0x00000000c6f00000, 0x00000000c6f00000| Complete 
|  78|0x00000000c7000000, 0x00000000c7100000, 0x00000000c7100000|100%| E|CS|TAMS 0x00000000c7000000, 0x00000000c7000000| Complete 
|  79|0x00000000c7100000, 0x00000000c7200000, 0x00000000c7200000|100%| E|CS|TAMS 0x00000000c7100000, 0x00000000c7100000| Complete 
|  80|0x00000000c7200000, 0x00000000c7300000, 0x00000000c7300000|100%| E|CS|TAMS 0x00000000c7200000, 0x00000000c7200000| Complete 
|  81|0x00000000c7300000, 0x00000000c7400000, 0x00000000c7400000|100%| E|CS|TAMS 0x00000000c7300000, 0x00000000c7300000| Complete 
|  82|0x00000000c7400000, 0x00000000c7500000, 0x00000000c7500000|100%| E|CS|TAMS 0x00000000c7400000, 0x00000000c7400000| Complete 
|  83|0x00000000c7500000, 0x00000000c7600000, 0x00000000c7600000|100%| E|CS|TAMS 0x00000000c7500000, 0x00000000c7500000| Complete 
|  84|0x00000000c7600000, 0x00000000c7700000, 0x00000000c7700000|100%| E|CS|TAMS 0x00000000c7600000, 0x00000000c7600000| Complete 
|  85|0x00000000c7700000, 0x00000000c7800000, 0x00000000c7800000|100%| E|CS|TAMS 0x00000000c7700000, 0x00000000c7700000| Complete 
|  86|0x00000000c7800000, 0x00000000c7900000, 0x00000000c7900000|100%| E|CS|TAMS 0x00000000c7800000, 0x00000000c7800000| Complete 
|  87|0x00000000c7900000, 0x00000000c7a00000, 0x00000000c7a00000|100%| E|CS|TAMS 0x00000000c7900000, 0x00000000c7900000| Complete 
|  88|0x00000000c7a00000, 0x00000000c7b00000, 0x00000000c7b00000|100%| E|CS|TAMS 0x00000000c7a00000, 0x00000000c7a00000| Complete 
|  89|0x00000000c7b00000, 0x00000000c7c00000, 0x00000000c7c00000|100%| E|CS|TAMS 0x00000000c7b00000, 0x00000000c7b00000| Complete 
|  90|0x00000000c7c00000, 0x00000000c7d00000, 0x00000000c7d00000|100%| E|CS|TAMS 0x00000000c7c00000, 0x00000000c7c00000| Complete 
|  91|0x00000000c7d00000, 0x00000000c7e00000, 0x00000000c7e00000|100%| E|CS|TAMS 0x00000000c7d00000, 0x00000000c7d00000| Complete 
|  92|0x00000000c7e00000, 0x00000000c7f00000, 0x00000000c7f00000|100%| E|CS|TAMS 0x00000000c7e00000, 0x00000000c7e00000| Complete 
| 989|0x00000000fff00000, 0x0000000100000000, 0x0000000100000000|100%| O|  |TAMS 0x0000000100000000, 0x00000000fff00000| Untracked 

Card table byte_map: [0x00000185b0d20000,0x00000185b0f10000] _byte_map_base: 0x00000185b070f000

Marking Bits (Prev, Next): (CMBitMap*) 0x000001859a2f9880, (CMBitMap*) 0x000001859a2f9840
 Prev Bits: [0x00000185b2080000, 0x00000185b2ff8000)
 Next Bits: [0x00000185b1100000, 0x00000185b2078000)

Polling page: 0x0000018599740000

Metaspace:

Usage:
  Non-class:     28.73 MB used.
      Class:      3.62 MB used.
       Both:     32.35 MB used.

Virtual space:
  Non-class space:       32.00 MB reserved,      28.94 MB ( 90%) committed,  4 nodes.
      Class space:        1.00 GB reserved,       3.88 MB ( <1%) committed,  1 nodes.
             Both:        1.03 GB reserved,      32.81 MB (  3%) committed. 

Chunk freelists:
   Non-Class:  2.45 MB
       Class:  3.98 MB
        Both:  6.44 MB

MaxMetaspaceSize: unlimited
CompressedClassSpaceSize: 1.00 GB
Initial GC threshold: 21.00 MB
Current GC threshold: 51.69 MB
CDS: on
MetaspaceReclaimPolicy: balanced
 - commit_granule_bytes: 65536.
 - commit_granule_words: 8192.
 - virtual_space_node_default_size: 1048576.
 - enlarge_chunks_in_place: 1.
 - new_chunks_are_fully_committed: 0.
 - uncommit_free_chunks: 1.
 - use_allocation_guard: 0.
 - handle_deallocations: 1.


Internal statistics:

num_allocs_failed_limit: 3.
num_arena_births: 430.
num_arena_deaths: 0.
num_vsnodes_births: 5.
num_vsnodes_deaths: 0.
num_space_committed: 525.
num_space_uncommitted: 0.
num_chunks_returned_to_freelist: 3.
num_chunks_taken_from_freelist: 1760.
num_chunk_merges: 3.
num_chunk_splits: 1119.
num_chunks_enlarged: 732.
num_purges: 0.
num_inconsistent_stats: 0.

CodeHeap 'non-profiled nmethods': size=120000Kb used=2582Kb max_used=2846Kb free=117417Kb
 bounds [0x00000185a9600000, 0x00000185a98e0000, 0x00000185b0b30000]
CodeHeap 'profiled nmethods': size=120000Kb used=12054Kb max_used=13894Kb free=107945Kb
 bounds [0x00000185a1b30000, 0x00000185a28d0000, 0x00000185a9060000]
CodeHeap 'non-nmethods': size=5760Kb used=1244Kb max_used=1320Kb free=4515Kb
 bounds [0x00000185a9060000, 0x00000185a92d0000, 0x00000185a9600000]
 total_blobs=6632 nmethods=6073 adapters=471
 compilation: enabled
              stopped_count=0, restarted_count=0
 full_count=0

Compilation events (20 events):
Event: 13.134 Thread 0x00000185b54715f0 nmethod 6640 0x00000185a9642e10 code [0x00000185a9642f80, 0x00000185a9643218]
Event: 13.134 Thread 0x00000185b54715f0 6680       4       java.util.HashSet::<init> (16 bytes)
Event: 13.135 Thread 0x00000185b54715f0 nmethod 6680 0x00000185a96c6a10 code [0x00000185a96c6ba0, 0x00000185a96c6d58]
Event: 13.135 Thread 0x00000185b54715f0 6628       4       org.eclipse.sisu.wire.EntryListAdapter$ValueIterator::hasNext (10 bytes)
Event: 13.136 Thread 0x00000185b54715f0 nmethod 6628 0x00000185a96c6390 code [0x00000185a96c6520, 0x00000185a96c6628]
Event: 13.136 Thread 0x00000185b54715f0 6636       4       com.google.inject.internal.InternalContext::close (38 bytes)
Event: 13.137 Thread 0x00000185b54715f0 nmethod 6636 0x00000185a96c3490 code [0x00000185a96c3600, 0x00000185a96c3718]
Event: 13.137 Thread 0x00000185b54715f0 6793       4       sun.security.provider.DigestBase::engineUpdate (189 bytes)
Event: 13.146 Thread 0x00000185b54715f0 nmethod 6793 0x00000185a986eb90 code [0x00000185a986ed40, 0x00000185a986f478]
Event: 13.147 Thread 0x00000185b54715f0 6864       4       java.util.stream.Sink::end (1 bytes)
Event: 13.147 Thread 0x00000185b54715f0 nmethod 6864 0x00000185a96f2510 code [0x00000185a96f2680, 0x00000185a96f26f8]
Event: 13.260 Thread 0x00000185b547d3f0 6987   !   3       java.io.BufferedReader::readLine (327 bytes)
Event: 13.261 Thread 0x00000185b547d3f0 nmethod 6987 0x00000185a25a2210 code [0x00000185a25a2520, 0x00000185a25a3838]
Event: 13.261 Thread 0x00000185b547d3f0 6988       3       java.util.concurrent.atomic.AtomicBoolean::get (13 bytes)
Event: 13.261 Thread 0x00000185b547d3f0 nmethod 6988 0x00000185a25d9110 code [0x00000185a25d92a0, 0x00000185a25d9418]
Event: 13.261 Thread 0x00000185b547d3f0 6989       3       org.apache.maven.surefire.util.internal.StringUtils::digit (33 bytes)
Event: 13.261 Thread 0x00000185b547d3f0 nmethod 6989 0x00000185a2730690 code [0x00000185a2730840, 0x00000185a2730a18]
Event: 13.262 Thread 0x00000185b54715f0 6990   !   4       sun.nio.cs.StreamDecoder::read (196 bytes)
Event: 13.283 Thread 0x00000185b547d3f0 6993       3       java.io.FileDescriptor$1::getAppend (5 bytes)
Event: 13.283 Thread 0x00000185b547d3f0 nmethod 6993 0x00000185a25edd10 code [0x00000185a25edea0, 0x00000185a25edfb8]

GC Heap History (20 events):
Event: 8.351 GC heap before
{Heap before GC invocations=6 (full 0):
 garbage-first heap   total 63488K, used 46979K [0x00000000c2200000, 0x0000000100000000)
  region size 1024K, 33 young (33792K), 3 survivors (3072K)
 Metaspace       used 20134K, committed 20480K, reserved 1073152K
  class space    used 2301K, committed 2496K, reserved 1048576K
}
Event: 8.354 GC heap after
{Heap after GC invocations=7 (full 0):
 garbage-first heap   total 63488K, used 17891K [0x00000000c2200000, 0x0000000100000000)
  region size 1024K, 4 young (4096K), 4 survivors (4096K)
 Metaspace       used 20134K, committed 20480K, reserved 1073152K
  class space    used 2301K, committed 2496K, reserved 1048576K
}
Event: 8.997 GC heap before
{Heap before GC invocations=7 (full 0):
 garbage-first heap   total 63488K, used 41443K [0x00000000c2200000, 0x0000000100000000)
  region size 1024K, 28 young (28672K), 4 survivors (4096K)
 Metaspace       used 21152K, committed 21504K, reserved 1073152K
  class space    used 2415K, committed 2624K, reserved 1048576K
}
Event: 9.003 GC heap after
{Heap after GC invocations=8 (full 0):
 garbage-first heap   total 63488K, used 19067K [0x00000000c2200000, 0x0000000100000000)
  region size 1024K, 4 young (4096K), 4 survivors (4096K)
 Metaspace       used 21152K, committed 21504K, reserved 1073152K
  class space    used 2415K, committed 2624K, reserved 1048576K
}
Event: 9.936 GC heap before
{Heap before GC invocations=9 (full 0):
 garbage-first heap   total 63488K, used 47739K [0x00000000c2200000, 0x0000000100000000)
  region size 1024K, 32 young (32768K), 4 survivors (4096K)
 Metaspace       used 23467K, committed 23872K, reserved 1073152K
  class space    used 2661K, committed 2880K, reserved 1048576K
}
Event: 9.941 GC heap after
{Heap after GC invocations=10 (full 0):
 garbage-first heap   total 63488K, used 21666K [0x00000000c2200000, 0x0000000100000000)
  region size 1024K, 4 young (4096K), 4 survivors (4096K)
 Metaspace       used 23467K, committed 23872K, reserved 1073152K
  class space    used 2661K, committed 2880K, reserved 1048576K
}
Event: 10.761 GC heap before
{Heap before GC invocations=10 (full 0):
 garbage-first heap   total 63488K, used 50338K [0x00000000c2200000, 0x0000000100000000)
  region size 1024K, 30 young (30720K), 4 survivors (4096K)
 Metaspace       used 29101K, committed 29568K, reserved 1081344K
  class space    used 3320K, committed 3584K, reserved 1048576K
}
Event: 10.768 GC heap after
{Heap after GC invocations=11 (full 0):
 garbage-first heap   total 64512K, used 30978K [0x00000000c2200000, 0x0000000100000000)
  region size 1024K, 4 young (4096K), 4 survivors (4096K)
 Metaspace       used 29101K, committed 29568K, reserved 1081344K
  class space    used 3320K, committed 3584K, reserved 1048576K
}
Event: 10.902 GC heap before
{Heap before GC invocations=11 (full 0):
 garbage-first heap   total 64512K, used 46338K [0x00000000c2200000, 0x0000000100000000)
  region size 1024K, 19 young (19456K), 4 survivors (4096K)
 Metaspace       used 29129K, committed 29568K, reserved 1081344K
  class space    used 3320K, committed 3584K, reserved 1048576K
}
Event: 10.907 GC heap after
{Heap after GC invocations=12 (full 0):
 garbage-first heap   total 64512K, used 37081K [0x00000000c2200000, 0x0000000100000000)
  region size 1024K, 3 young (3072K), 3 survivors (3072K)
 Metaspace       used 29129K, committed 29568K, reserved 1081344K
  class space    used 3320K, committed 3584K, reserved 1048576K
}
Event: 11.045 GC heap before
{Heap before GC invocations=12 (full 0):
 garbage-first heap   total 64512K, used 48345K [0x00000000c2200000, 0x0000000100000000)
  region size 1024K, 14 young (14336K), 3 survivors (3072K)
 Metaspace       used 29555K, committed 29952K, reserved 1081344K
  class space    used 3370K, committed 3584K, reserved 1048576K
}
Event: 11.051 GC heap after
{Heap after GC invocations=13 (full 0):
 garbage-first heap   total 64512K, used 39583K [0x00000000c2200000, 0x0000000100000000)
  region size 1024K, 2 young (2048K), 2 survivors (2048K)
 Metaspace       used 29555K, committed 29952K, reserved 1081344K
  class space    used 3370K, committed 3584K, reserved 1048576K
}
Event: 11.228 GC heap before
{Heap before GC invocations=14 (full 0):
 garbage-first heap   total 75776K, used 48799K [0x00000000c2200000, 0x0000000100000000)
  region size 1024K, 12 young (12288K), 2 survivors (2048K)
 Metaspace       used 30458K, committed 30848K, reserved 1081344K
  class space    used 3482K, committed 3712K, reserved 1048576K
}
Event: 11.234 GC heap after
{Heap after GC invocations=15 (full 0):
 garbage-first heap   total 75776K, used 42401K [0x00000000c2200000, 0x0000000100000000)
  region size 1024K, 2 young (2048K), 2 survivors (2048K)
 Metaspace       used 30458K, committed 30848K, reserved 1081344K
  class space    used 3482K, committed 3712K, reserved 1048576K
}
Event: 11.890 GC heap before
{Heap before GC invocations=15 (full 0):
 garbage-first heap   total 75776K, used 56737K [0x00000000c2200000, 0x0000000100000000)
  region size 1024K, 16 young (16384K), 2 survivors (2048K)
 Metaspace       used 31108K, committed 31488K, reserved 1081344K
  class space    used 3521K, committed 3712K, reserved 1048576K
}
Event: 11.894 GC heap after
{Heap after GC invocations=16 (full 0):
 garbage-first heap   total 75776K, used 42911K [0x00000000c2200000, 0x0000000100000000)
  region size 1024K, 2 young (2048K), 2 survivors (2048K)
 Metaspace       used 31108K, committed 31488K, reserved 1081344K
  class space    used 3521K, committed 3712K, reserved 1048576K
}
Event: 12.133 GC heap before
{Heap before GC invocations=17 (full 0):
 garbage-first heap   total 76800K, used 56223K [0x00000000c2200000, 0x0000000100000000)
  region size 1024K, 16 young (16384K), 2 survivors (2048K)
 Metaspace       used 32042K, committed 32448K, reserved 1081344K
  class space    used 3608K, committed 3840K, reserved 1048576K
}
Event: 12.136 GC heap after
{Heap after GC invocations=18 (full 0):
 garbage-first heap   total 76800K, used 43300K [0x00000000c2200000, 0x0000000100000000)
  region size 1024K, 2 young (2048K), 2 survivors (2048K)
 Metaspace       used 32042K, committed 32448K, reserved 1081344K
  class space    used 3608K, committed 3840K, reserved 1048576K
}
Event: 12.142 GC heap before
{Heap before GC invocations=18 (full 0):
 garbage-first heap   total 76800K, used 44324K [0x00000000c2200000, 0x0000000100000000)
  region size 1024K, 3 young (3072K), 2 survivors (2048K)
 Metaspace       used 32062K, committed 32512K, reserved 1081344K
  class space    used 3609K, committed 3840K, reserved 1048576K
}
Event: 12.145 GC heap after
{Heap after GC invocations=19 (full 0):
 garbage-first heap   total 96256K, used 41540K [0x00000000c2200000, 0x0000000100000000)
  region size 1024K, 1 young (1024K), 1 survivors (1024K)
 Metaspace       used 32062K, committed 32512K, reserved 1081344K
  class space    used 3609K, committed 3840K, reserved 1048576K
}

Deoptimization events (20 events):
Event: 12.340 Thread 0x00000185b62ae0a0 Uncommon trap: trap_request=0xffffffbe fr.pc=0x00000185a972e994 relative=0x0000000000001f34
Event: 12.340 Thread 0x00000185b62ae0a0 Uncommon trap: reason=profile_predicate action=maybe_recompile pc=0x00000185a972e994 method=java.util.TimSort.binarySort([Ljava/lang/Object;IIILjava/util/Comparator;)V @ 34 c2
Event: 12.340 Thread 0x00000185b62ae0a0 DEOPT PACKING pc=0x00000185a972e994 sp=0x00000040935fc3e0
Event: 12.340 Thread 0x00000185b62ae0a0 DEOPT UNPACKING pc=0x00000185a90b23a3 sp=0x00000040935fc3c0 mode 2
Event: 12.340 Thread 0x00000185b62ae0a0 Uncommon trap: trap_request=0xffffffbe fr.pc=0x00000185a972e994 relative=0x0000000000001f34
Event: 12.340 Thread 0x00000185b62ae0a0 Uncommon trap: reason=profile_predicate action=maybe_recompile pc=0x00000185a972e994 method=java.util.TimSort.binarySort([Ljava/lang/Object;IIILjava/util/Comparator;)V @ 34 c2
Event: 12.340 Thread 0x00000185b62ae0a0 DEOPT PACKING pc=0x00000185a972e994 sp=0x00000040935fc3e0
Event: 12.340 Thread 0x00000185b62ae0a0 DEOPT UNPACKING pc=0x00000185a90b23a3 sp=0x00000040935fc3c0 mode 2
Event: 12.340 Thread 0x00000185b62ae0a0 Uncommon trap: trap_request=0xffffffbe fr.pc=0x00000185a972e994 relative=0x0000000000001f34
Event: 12.340 Thread 0x00000185b62ae0a0 Uncommon trap: reason=profile_predicate action=maybe_recompile pc=0x00000185a972e994 method=java.util.TimSort.binarySort([Ljava/lang/Object;IIILjava/util/Comparator;)V @ 34 c2
Event: 12.340 Thread 0x00000185b62ae0a0 DEOPT PACKING pc=0x00000185a972e994 sp=0x00000040935fc3e0
Event: 12.340 Thread 0x00000185b62ae0a0 DEOPT UNPACKING pc=0x00000185a90b23a3 sp=0x00000040935fc3c0 mode 2
Event: 12.340 Thread 0x00000185b62ae0a0 Uncommon trap: trap_request=0xffffffbe fr.pc=0x00000185a972e994 relative=0x0000000000001f34
Event: 12.340 Thread 0x00000185b62ae0a0 Uncommon trap: reason=profile_predicate action=maybe_recompile pc=0x00000185a972e994 method=java.util.TimSort.binarySort([Ljava/lang/Object;IIILjava/util/Comparator;)V @ 34 c2
Event: 12.340 Thread 0x00000185b62ae0a0 DEOPT PACKING pc=0x00000185a972e994 sp=0x00000040935fc3e0
Event: 12.340 Thread 0x00000185b62ae0a0 DEOPT UNPACKING pc=0x00000185a90b23a3 sp=0x00000040935fc3c0 mode 2
Event: 13.259 Thread 0x00000185b91400f0 Uncommon trap: trap_request=0xffffff45 fr.pc=0x00000185a985f9d4 relative=0x0000000000002194
Event: 13.259 Thread 0x00000185b91400f0 Uncommon trap: reason=unstable_if action=reinterpret pc=0x00000185a985f9d4 method=java.io.BufferedReader.readLine(Z[Z)Ljava/lang/String; @ 286 c2
Event: 13.260 Thread 0x00000185b91400f0 DEOPT PACKING pc=0x00000185a985f9d4 sp=0x00000040945ff3e0
Event: 13.260 Thread 0x00000185b91400f0 DEOPT UNPACKING pc=0x00000185a90b23a3 sp=0x00000040945ff3b0 mode 2

Classes unloaded (0 events):
No events

Classes redefined (0 events):
No events

Internal exceptions (20 events):
Event: 11.306 Thread 0x00000185b62ae0a0 Exception <a 'sun/nio/fs/WindowsException'{0x00000000c6838060}> (0x00000000c6838060) 
thrown [s\open\src\hotspot\share\prims\jni.cpp, line 516]
Event: 11.306 Thread 0x00000185b62ae0a0 Exception <a 'sun/nio/fs/WindowsException'{0x00000000c68383c0}> (0x00000000c68383c0) 
thrown [s\open\src\hotspot\share\prims\jni.cpp, line 516]
Event: 11.310 Thread 0x00000185b62ae0a0 Exception <a 'sun/nio/fs/WindowsException'{0x00000000c68a57b0}> (0x00000000c68a57b0) 
thrown [s\open\src\hotspot\share\prims\jni.cpp, line 516]
Event: 11.310 Thread 0x00000185b62ae0a0 Exception <a 'sun/nio/fs/WindowsException'{0x00000000c68a5a10}> (0x00000000c68a5a10) 
thrown [s\open\src\hotspot\share\prims\jni.cpp, line 516]
Event: 11.310 Thread 0x00000185b62ae0a0 Exception <a 'sun/nio/fs/WindowsException'{0x00000000c68a77f8}> (0x00000000c68a77f8) 
thrown [s\open\src\hotspot\share\prims\jni.cpp, line 516]
Event: 11.310 Thread 0x00000185b62ae0a0 Exception <a 'sun/nio/fs/WindowsException'{0x00000000c68a79a0}> (0x00000000c68a79a0) 
thrown [s\open\src\hotspot\share\prims\jni.cpp, line 516]
Event: 11.311 Thread 0x00000185b62ae0a0 Exception <a 'sun/nio/fs/WindowsException'{0x00000000c68a9960}> (0x00000000c68a9960) 
thrown [s\open\src\hotspot\share\prims\jni.cpp, line 516]
Event: 11.311 Thread 0x00000185b62ae0a0 Exception <a 'sun/nio/fs/WindowsException'{0x00000000c68a9ba0}> (0x00000000c68a9ba0) 
thrown [s\open\src\hotspot\share\prims\jni.cpp, line 516]
Event: 11.311 Thread 0x00000185b62ae0a0 Exception <a 'sun/nio/fs/WindowsException'{0x00000000c68aba70}> (0x00000000c68aba70) 
thrown [s\open\src\hotspot\share\prims\jni.cpp, line 516]
Event: 11.311 Thread 0x00000185b62ae0a0 Exception <a 'sun/nio/fs/WindowsException'{0x00000000c68abd70}> (0x00000000c68abd70) 
thrown [s\open\src\hotspot\share\prims\jni.cpp, line 516]
Event: 11.322 Thread 0x00000185b62ae0a0 Exception <a 'sun/nio/fs/WindowsException'{0x00000000c670ab80}> (0x00000000c670ab80) 
thrown [s\open\src\hotspot\share\prims\jni.cpp, line 516]
Event: 12.016 Thread 0x00000185b701c5d0 Exception <a 'java/lang/NoSuchMethodError'{0x00000000c64e26d0}: 'java.lang.Object java.lang.invoke.DirectMethodHandle$Holder.invokeStatic(java.lang.Object, java.lang.Object, long, java.lang.Object)'> (0x00000000c64e26d0) 
thrown [s\open\src\hotspot\share\interpreter\linkResolver.cpp, line 759]
Event: 12.016 Thread 0x00000185b62ae0a0 Exception <a 'java/lang/NoSuchMethodError'{0x00000000c63c39a0}: 'java.lang.String org.apache.maven.execution.MavenExecutionRequest.getFailureBehavior()'> (0x00000000c63c39a0) 
thrown [s\open\src\hotspot\share\interpreter\linkResolver.cpp, line 855]
Event: 12.016 Thread 0x00000185b701c5d0 Exception <a 'java/lang/NoSuchMethodError'{0x00000000c63d0bc8}: 'java.lang.Object java.lang.invoke.DirectMethodHandle$Holder.invokeStaticInit(java.lang.Object, java.lang.Object, long, java.lang.Object)'> (0x00000000c63d0bc8) 
thrown [s\open\src\hotspot\share\interpreter\linkResolver.cpp, line 759]
Event: 12.017 Thread 0x00000185b701c5d0 Exception <a 'java/lang/NoSuchMethodError'{0x00000000c63d71d8}: 'java.lang.Object java.lang.invoke.DirectMethodHandle$Holder.newInvokeSpecial(java.lang.Object, java.lang.Object, long)'> (0x00000000c63d71d8) 
thrown [s\open\src\hotspot\share\interpreter\linkResolver.cpp, line 759]
Event: 12.017 Thread 0x00000185b701c5d0 Exception <a 'java/lang/NoSuchMethodError'{0x00000000c63dad48}: 'java.lang.Object java.lang.invoke.Invokers$Holder.linkToTargetMethod(java.lang.Object, long, java.lang.Object)'> (0x00000000c63dad48) 
thrown [s\open\src\hotspot\share\interpreter\linkResolver.cpp, line 759]
Event: 12.098 Thread 0x00000185b62ae0a0 Exception <a 'java/lang/NoSuchMethodError'{0x00000000c62db868}: 'java.lang.Object java.lang.invoke.DirectMethodHandle$Holder.invokeStaticInit(java.lang.Object, java.lang.Object, int, int, int, int)'> (0x00000000c62db868) 
thrown [s\open\src\hotspot\share\interpreter\linkResolver.cpp, line 759]
Event: 12.124 Thread 0x00000185b62ae0a0 Exception <a 'java/lang/NoSuchMethodError'{0x00000000c5f4e900}: 'int java.lang.invoke.DirectMethodHandle$Holder.invokeSpecialIFC(java.lang.Object, java.lang.Object, java.lang.Object, java.lang.Object)'> (0x00000000c5f4e900) 
thrown [s\open\src\hotspot\share\interpreter\linkResolver.cpp, line 759]
Event: 12.505 Thread 0x00000185b62ae0a0 Exception <a 'java/lang/NoSuchMethodError'{0x00000000c69c8978}: 'void java.lang.invoke.DirectMethodHandle$Holder.invokeStatic(java.lang.Object, long)'> (0x00000000c69c8978) 
thrown [s\open\src\hotspot\share\interpreter\linkResolver.cpp, line 759]
Event: 12.505 Thread 0x00000185b62ae0a0 Exception <a 'java/lang/NoSuchMethodError'{0x00000000c69ce270}: 'java.lang.Object java.lang.invoke.DirectMethodHandle$Holder.newInvokeSpecial(java.lang.Object, long)'> (0x00000000c69ce270) 
thrown [s\open\src\hotspot\share\interpreter\linkResolver.cpp, line 759]

VM Operations (20 events):
Event: 11.883 Executing VM operation: HandshakeAllThreads
Event: 11.883 Executing VM operation: HandshakeAllThreads done
Event: 11.890 Executing VM operation: G1CollectForAllocation
Event: 11.894 Executing VM operation: G1CollectForAllocation done
Event: 11.902 Executing VM operation: HandshakeAllThreads
Event: 11.903 Executing VM operation: HandshakeAllThreads done
Event: 11.940 Executing VM operation: G1Concurrent
Event: 11.943 Executing VM operation: G1Concurrent done
Event: 11.964 Executing VM operation: G1Concurrent
Event: 11.964 Executing VM operation: G1Concurrent done
Event: 12.133 Executing VM operation: G1CollectForAllocation
Event: 12.136 Executing VM operation: G1CollectForAllocation done
Event: 12.142 Executing VM operation: G1CollectForAllocation
Event: 12.145 Executing VM operation: G1CollectForAllocation done
Event: 12.289 Executing VM operation: HandshakeAllThreads
Event: 12.289 Executing VM operation: HandshakeAllThreads done
Event: 12.507 Executing VM operation: HandshakeAllThreads
Event: 12.507 Executing VM operation: HandshakeAllThreads done
Event: 12.511 Executing VM operation: HandshakeAllThreads
Event: 12.511 Executing VM operation: HandshakeAllThreads done

Events (20 events):
Event: 12.336 loading class java/util/DualPivotQuicksort done
Event: 12.338 loading class java/lang/IllegalThreadStateException
Event: 12.338 loading class java/lang/IllegalThreadStateException done
Event: 12.339 loading class java/lang/ProcessBuilder
Event: 12.339 loading class java/lang/ProcessBuilder done
Event: 12.339 loading class java/lang/ProcessImpl
Event: 12.340 loading class java/lang/Process
Event: 12.340 loading class java/lang/Process done
Event: 12.340 loading class java/lang/ProcessImpl done
Event: 12.506 loading class java/lang/ProcessImpl$2
Event: 12.506 loading class java/lang/ProcessImpl$2 done
Event: 12.506 loading class java/lang/Process$PipeInputStream
Event: 12.506 loading class java/lang/Process$PipeInputStream done
Event: 12.507 loading class jdk/internal/event/ProcessStartEvent
Event: 12.510 loading class jdk/internal/event/ProcessStartEvent done
Event: 12.514 Thread 0x00000185b913e410 Thread added: 0x00000185b913e410
Event: 12.514 Thread 0x00000185b91400f0 Thread added: 0x00000185b91400f0
Event: 12.514 Thread 0x00000185b9141430 Thread added: 0x00000185b9141430
Event: 13.279 loading class java/io/SequenceInputStream
Event: 13.279 loading class java/io/SequenceInputStream done


Dynamic libraries:
0x00007ff644900000 - 0x00007ff644910000 	C:\Program Files\Java\jdk-17\bin\java.exe
0x00007ffa21330000 - 0x00007ffa21528000 	C:\WINDOWS\SYSTEM32\ntdll.dll
0x00007ffa20f50000 - 0x00007ffa2100d000 	C:\WINDOWS\System32\KERNEL32.DLL
0x00007ffa1ef40000 - 0x00007ffa1f236000 	C:\WINDOWS\System32\KERNELBASE.dll
0x00007ffa1e9e0000 - 0x00007ffa1eae0000 	C:\WINDOWS\System32\ucrtbase.dll
0x00007ff9f5e60000 - 0x00007ff9f5e7b000 	C:\Program Files\Java\jdk-17\bin\VCRUNTIME140.dll
0x00007ff9f5e80000 - 0x00007ff9f5e99000 	C:\Program Files\Java\jdk-17\bin\jli.dll
0x00007ffa1fb60000 - 0x00007ffa1fc10000 	C:\WINDOWS\System32\ADVAPI32.dll
0x00007ffa20eb0000 - 0x00007ffa20f4e000 	C:\WINDOWS\System32\msvcrt.dll
0x00007ffa211e0000 - 0x00007ffa21280000 	C:\WINDOWS\System32\sechost.dll
0x00007ffa20080000 - 0x00007ffa201a5000 	C:\WINDOWS\System32\RPCRT4.dll
0x00007ffa1f240000 - 0x00007ffa1f267000 	C:\WINDOWS\System32\bcrypt.dll
0x00007ffa20620000 - 0x00007ffa207be000 	C:\WINDOWS\System32\USER32.dll
0x00007ffa1eae0000 - 0x00007ffa1eb02000 	C:\WINDOWS\System32\win32u.dll
0x00007ffa1fb30000 - 0x00007ffa1fb5b000 	C:\WINDOWS\System32\GDI32.dll
0x00007ffa1eb80000 - 0x00007ffa1ec97000 	C:\WINDOWS\System32\gdi32full.dll
0x00007ffa098b0000 - 0x00007ffa09b4a000 	C:\WINDOWS\WinSxS\amd64_microsoft.windows.common-controls_6595b64144ccf1df_6.0.19041.3636_none_60b6a03d71f818d5\COMCTL32.dll
0x00007ffa1f2c0000 - 0x00007ffa1f35d000 	C:\WINDOWS\System32\msvcp_win.dll
0x00007ffa1e640000 - 0x00007ffa1e64a000 	C:\WINDOWS\SYSTEM32\VERSION.dll
0x0000000065830000 - 0x000000006583c000 	C:\Program Files (x86)\360\Total Security\safemon\SafeWrapper.dll
0x00007ff9f5d40000 - 0x00007ff9f5dd2000 	C:\Program Files (x86)\360\Total Security\safemon\libzdtp64.dll
0x00007ffa1f3a0000 - 0x00007ffa1fb0b000 	C:\WINDOWS\System32\SHELL32.dll
0x00007ffa20a30000 - 0x00007ffa20a85000 	C:\WINDOWS\System32\SHLWAPI.dll
0x00007ff9f5e50000 - 0x00007ff9f5e5c000 	C:\Program Files\Java\jdk-17\bin\vcruntime140_1.dll
0x00007ff9f5cb0000 - 0x00007ff9f5d3e000 	C:\Program Files\Java\jdk-17\bin\msvcp140.dll
0x00007ff9f4f80000 - 0x00007ff9f5b5d000 	C:\Program Files\Java\jdk-17\bin\server\jvm.dll
0x00007ffa20990000 - 0x00007ffa20998000 	C:\WINDOWS\System32\PSAPI.DLL
0x00007ff9f5ca0000 - 0x00007ff9f5ca9000 	C:\WINDOWS\SYSTEM32\WSOCK32.dll
0x00007ffa092c0000 - 0x00007ffa092e7000 	C:\WINDOWS\SYSTEM32\WINMM.dll
0x00007ffa21280000 - 0x00007ffa212eb000 	C:\WINDOWS\System32\WS2_32.dll
0x00007ffa1d1b0000 - 0x00007ffa1d1c2000 	C:\WINDOWS\SYSTEM32\kernel.appcore.dll
0x00007ff9f5b90000 - 0x00007ff9f5b9a000 	C:\Program Files\Java\jdk-17\bin\jimage.dll
0x00007ffa1cf40000 - 0x00007ffa1d124000 	C:\WINDOWS\SYSTEM32\DBGHELP.DLL
0x00007ffa0b250000 - 0x00007ffa0b284000 	C:\WINDOWS\SYSTEM32\dbgcore.DLL
0x00007ffa1eeb0000 - 0x00007ffa1ef32000 	C:\WINDOWS\System32\bcryptPrimitives.dll
0x00007ff9f4d00000 - 0x00007ff9f4d25000 	C:\Program Files\Java\jdk-17\bin\java.dll
0x00007ff9f4750000 - 0x00007ff9f4827000 	C:\Program Files\Java\jdk-17\bin\jsvml.dll
0x00007ffa1c6d0000 - 0x00007ffa1ce6e000 	C:\WINDOWS\SYSTEM32\windows.storage.dll
0x00007ffa1fd20000 - 0x00007ffa20073000 	C:\WINDOWS\System32\combase.dll
0x00007ffa1e2d0000 - 0x00007ffa1e2fe000 	C:\WINDOWS\SYSTEM32\Wldp.dll
0x00007ffa20de0000 - 0x00007ffa20ead000 	C:\WINDOWS\System32\OLEAUT32.dll
0x00007ffa1fc10000 - 0x00007ffa1fcbd000 	C:\WINDOWS\System32\SHCORE.dll
0x00007ffa1e910000 - 0x00007ffa1e935000 	C:\WINDOWS\SYSTEM32\profapi.dll
0x00007ff9f41a0000 - 0x00007ff9f41b9000 	C:\Program Files\Java\jdk-17\bin\net.dll
0x00007ffa0d4f0000 - 0x00007ffa0d5fa000 	C:\WINDOWS\SYSTEM32\WINHTTP.dll
0x00007ffa1e030000 - 0x00007ffa1e09a000 	C:\WINDOWS\system32\mswsock.dll
0x00007ff9f4180000 - 0x00007ff9f4196000 	C:\Program Files\Java\jdk-17\bin\nio.dll
0x00007ff9f4560000 - 0x00007ff9f4578000 	C:\Program Files\Java\jdk-17\bin\zip.dll
0x00007ffa1dd20000 - 0x00007ffa1dd5b000 	C:\WINDOWS\SYSTEM32\IPHLPAPI.DLL
0x00007ffa20c20000 - 0x00007ffa20c28000 	C:\WINDOWS\System32\NSI.dll
0x00007ffa0d2d0000 - 0x00007ffa0d2e7000 	C:\WINDOWS\SYSTEM32\dhcpcsvc6.DLL
0x00007ffa12a20000 - 0x00007ffa12a3d000 	C:\WINDOWS\SYSTEM32\dhcpcsvc.DLL
0x00007ffa1dd60000 - 0x00007ffa1de2b000 	C:\WINDOWS\SYSTEM32\DNSAPI.dll
0x00007ff9ec4b0000 - 0x00007ff9ec641000 	C:\Program Files\Java\jdk-17\bin\awt.dll
0x00007ffa18cb0000 - 0x00007ffa18d40000 	C:\WINDOWS\SYSTEM32\apphelp.dll
0x00007ffa07640000 - 0x00007ffa07650000 	C:\Program Files\Java\jdk-17\bin\verify.dll
0x0000000069ac0000 - 0x0000000069ae4000 	C:\Windows\Temp\jansi-2.4.0-70b59110a5b054e0-jansi.dll
0x00007ffa1e220000 - 0x00007ffa1e238000 	C:\WINDOWS\SYSTEM32\CRYPTSP.dll
0x00007ffa1d960000 - 0x00007ffa1d994000 	C:\WINDOWS\system32\rsaenh.dll
0x00007ffa1e240000 - 0x00007ffa1e24c000 	C:\WINDOWS\SYSTEM32\CRYPTBASE.dll

dbghelp: loaded successfully - version: 4.0.5 - missing functions: none
symbol engine: initialized successfully - sym options: 0x614 - pdb path: .;C:\Program Files\Java\jdk-17\bin;C:\WINDOWS\SYSTEM32;C:\WINDOWS\WinSxS\amd64_microsoft.windows.common-controls_6595b64144ccf1df_6.0.19041.3636_none_60b6a03d71f818d5;C:\Program Files (x86)\360\Total Security\safemon;C:\Program Files\Java\jdk-17\bin\server;C:\Windows\Temp

VM Arguments:
java_command: jenkins.maven3.agent.Maven35Main D:\Software\apache-maven-3.9.2 C:\ProgramData\Jenkins\war\WEB-INF\lib\remoting-3206.vb_15dcf73f6a_9.jar C:\ProgramData\Jenkins\.jenkins\plugins\maven-plugin\WEB-INF\lib\maven35-interceptor-1.14.jar C:\ProgramData\Jenkins\.jenkins\plugins\maven-plugin\WEB-INF\lib\maven3-interceptor-commons-1.14.jar 65206
java_class_path (initial): C:\ProgramData\Jenkins\.jenkins\plugins\maven-plugin\WEB-INF\lib\maven35-agent-1.14.jar;D:\Software\apache-maven-3.9.2\boot\plexus-classworlds-2.7.0.jar;D:\Software\apache-maven-3.9.2/conf/logging
Launcher Type: SUN_STANDARD

[Global flags]
     intx CICompilerCount                          = 3                                         {product} {ergonomic}
     uint ConcGCThreads                            = 1                                         {product} {ergonomic}
     uint G1ConcRefinementThreads                  = 4                                         {product} {ergonomic}
   size_t G1HeapRegionSize                         = 1048576                                   {product} {ergonomic}
    uintx GCDrainStackTargetSize                   = 64                                        {product} {ergonomic}
   size_t InitialHeapSize                          = 65011712                                  {product} {ergonomic}
   size_t MarkStackSize                            = 4194304                                   {product} {ergonomic}
   size_t MaxHeapSize                              = 1038090240                                {product} {ergonomic}
   size_t MaxNewSize                               = 622854144                                 {product} {ergonomic}
   size_t MinHeapDeltaBytes                        = 1048576                                   {product} {ergonomic}
   size_t MinHeapSize                              = 8388608                                   {product} {ergonomic}
    uintx NonNMethodCodeHeapSize                   = 5832780                                {pd product} {ergonomic}
    uintx NonProfiledCodeHeapSize                  = 122912730                              {pd product} {ergonomic}
    uintx ProfiledCodeHeapSize                     = 122912730                              {pd product} {ergonomic}
    uintx ReservedCodeCacheSize                    = 251658240                              {pd product} {ergonomic}
     bool SegmentedCodeCache                       = true                                      {product} {ergonomic}
   size_t SoftMaxHeapSize                          = 1038090240                             {manageable} {ergonomic}
     bool UseCompressedClassPointers               = true                           {product lp64_product} {ergonomic}
     bool UseCompressedOops                        = true                           {product lp64_product} {ergonomic}
     bool UseG1GC                                  = true                                      {product} {ergonomic}
     bool UseLargePagesIndividualAllocation        = false                                  {pd product} {ergonomic}

Logging:
Log output configuration:
 #0: stdout all=warning uptime,level,tags
 #1: stderr all=off uptime,level,tags

Environment Variables:
JAVA_HOME=C:\Program Files\Java\jdk-17
PATH=D:\Software\apache-maven-3.9.2/bin;C:\Program Files\Java\jdk-17/bin;C:\Program Files\Java\jdk-17/bin;C:\Program Files\Common Files\Oracle\Java\javapath;C:\WINDOWS\system32;C:\WINDOWS;C:\WINDOWS\System32\Wbem;C:\WINDOWS\System32\WindowsPowerShell\v1.0\;C:\WINDOWS\System32\OpenSSH\;C:\Program Files\Java\jdk-17\bin;D:\Software\apache-maven-3.9.2\bin;C:\Program Files\Git\cmd;C:\Program Files\nodejs\;C:\WINDOWS\system32\config\systemprofile\AppData\Local\Microsoft\WindowsApps
USERNAME=DESKTOP-B0DD0C2$
OS=Windows_NT
PROCESSOR_IDENTIFIER=Intel64 Family 6 Model 142 Stepping 12, GenuineIntel



---------------  S Y S T E M  ---------------

OS:
 Windows 10 , 64 bit Build 19041 (10.0.19041.3636)
OS uptime: 3 days 1:24 hours

CPU: total 4 (initial active 4) (2 cores per cpu, 2 threads per core) family 6 model 142 stepping 12 microcode 0xf8, cx8, cmov, fxsr, ht, mmx, 3dnowpref, sse, sse2, sse3, ssse3, sse4.1, sse4.2, popcnt, lzcnt, tsc, tscinvbit, avx, avx2, aes, erms, clmul, bmi1, bmi2, adx, fma, vzeroupper, clflush, clflushopt

Memory: 4k page, system-wide physical 3958M (175M free)
TotalPageFile size 16246M (AvailPageFile size 0M)
current process WorkingSet (physical memory assigned to process): 196M, peak: 231M
current process commit charge ("private bytes"): 261M, peak: 265M

vm_info: Java HotSpot(TM) 64-Bit Server VM (17.0.7+8-LTS-224) for windows-amd64 JRE (17.0.7+8-LTS-224), built on Feb 28 2023 23:03:02 by "mach5one" with MS VC++ 17.1 (VS2022)

END.
